#! /c/Source/iverilog-install/bin/vvp
:ivl_version "12.0 (devel)" "(s20150603-1539-g2693dd32b)";
:ivl_delay_selection "TYPICAL";
:vpi_time_precision - 12;
:vpi_module "C:\iverilog\lib\ivl\system.vpi";
:vpi_module "C:\iverilog\lib\ivl\vhdl_sys.vpi";
:vpi_module "C:\iverilog\lib\ivl\vhdl_textio.vpi";
:vpi_module "C:\iverilog\lib\ivl\v2005_math.vpi";
:vpi_module "C:\iverilog\lib\ivl\va_math.vpi";
S_000002640c54af60 .scope module, "tb_matched_filter_1" "tb_matched_filter_1" 2 13;
 .timescale -9 -12;
P_000002640c56e270 .param/l "CHIRP_AMP" 1 2 16, +C4<00000000000000000001100111110000>;
P_000002640c56e2a8 .param/l "N_TAPS" 1 2 15, +C4<00000000000000000000100000111101>;
v000002640c5ea9c0_0 .var/i "captured_peak", 31 0;
v000002640c5eba00 .array/s "chirp", 2108 0, 15 0;
v000002640c5eb6e0_0 .var/i "chirp_peak_val", 31 0;
v000002640c5eaec0_0 .var "clk", 0 0;
v000002640c5ea740_0 .net/s "corr_peak", 31 0, v000002640c598b30_0;  1 drivers
v000002640c5ea600_0 .net "corr_valid", 0 0, v000002640c5984f0_0;  1 drivers
v000002640c5eb640_0 .var/i "corr_valid_count", 31 0;
v000002640c5eb8c0_0 .var/s "din", 15 0;
v000002640c5ea4c0_0 .var "din_valid", 0 0;
v000002640c5ea6a0_0 .var/real "freq", 0 0;
v000002640c5eab00_0 .var/i "i", 31 0;
v000002640c5eb500_0 .var "monitor_en", 0 0;
v000002640c5ea920_0 .var/i "noise_peak_val", 31 0;
v000002640c5ebd20_0 .var "otr_in", 0 0;
v000002640c5ea380_0 .net "otr_out", 0 0, v000002640c598590_0;  1 drivers
v000002640c5ea560_0 .net "peak_lag", 10 0, v000002640c598a90_0;  1 drivers
v000002640c5ebb40_0 .var/real "phase", 0 0;
v000002640c5eb1e0_0 .var "ref_addr", 11 0;
v000002640c5eb320_0 .var/s "ref_din", 15 0;
v000002640c5ea7e0_0 .var "ref_wr_en", 0 0;
v000002640c5eac40_0 .var "rst_n", 0 0;
v000002640c5ebbe0_0 .var/real "t", 0 0;
v000002640c5eaa60_0 .var/i "valid_count", 31 0;
S_000002640c594d60 .scope module, "dut" "matched_filter_1" 2 41, 3 70 0, S_000002640c54af60;
 .timescale -9 -12;
    .port_info 0 /INPUT 1 "clk";
    .port_info 1 /INPUT 1 "rst_n";
    .port_info 2 /INPUT 16 "din";
    .port_info 3 /INPUT 1 "din_valid";
    .port_info 4 /INPUT 1 "otr_in";
    .port_info 5 /INPUT 1 "ref_wr_en";
    .port_info 6 /INPUT 12 "ref_addr";
    .port_info 7 /INPUT 16 "ref_din";
    .port_info 8 /OUTPUT 32 "corr_peak";
    .port_info 9 /OUTPUT 11 "peak_lag";
    .port_info 10 /OUTPUT 1 "corr_valid";
    .port_info 11 /OUTPUT 1 "otr_out";
P_000002640c5917c0 .param/l "ACCW" 1 3 94, +C4<00000000000000000000000000110000>;
P_000002640c5917f8 .param/l "ADDR_W" 1 3 93, +C4<00000000000000000000000000001100>;
P_000002640c591830 .param/l "CORR_MAX" 1 3 97, +C4<01111111111111111111111111111111>;
P_000002640c591868 .param/l "CORR_MIN" 1 3 98, +C4<10000000000000000000000000000000>;
P_000002640c5918a0 .param/l "CORR_SHIFT" 1 3 92, +C4<00000000000000000000000000010000>;
P_000002640c5918d8 .param/l "N_TAPS" 1 3 91, +C4<00000000000000000000100000111101>;
P_000002640c591910 .param/l "ST_DONE" 1 3 127, C4<10>;
P_000002640c591948 .param/l "ST_IDLE" 1 3 125, C4<00>;
P_000002640c591980 .param/l "ST_MAC" 1 3 126, C4<01>;
v000002640c598e50_0 .net *"_ivl_1", 0 0, L_000002640c5eace0;  1 drivers
v000002640c598ef0_0 .net *"_ivl_2", 15 0, L_000002640c5eaba0;  1 drivers
v000002640c598810_0 .net *"_ivl_8", 31 0, L_000002640c5eb000;  1 drivers
v000002640c598f90_0 .var/s "acc", 47 0;
v000002640c5989f0_0 .var "acc_cnt", 11 0;
v000002640c5983b0_0 .net/s "acc_shifted", 47 0, L_000002640c5ead80;  1 drivers
v000002640c599030_0 .net "clk", 0 0, v000002640c5eaec0_0;  1 drivers
v000002640c598b30_0 .var/s "corr_peak", 31 0;
v000002640c5984f0_0 .var "corr_valid", 0 0;
v000002640c598770_0 .net/s "din", 15 0, v000002640c5eb8c0_0;  1 drivers
v000002640c5988b0_0 .net "din_valid", 0 0, v000002640c5ea4c0_0;  1 drivers
v000002640c5990d0_0 .var "fill_addr", 11 0;
v000002640c598bd0_0 .var "mac_addr", 11 0;
v000002640c598c70_0 .var/s "mul_a", 15 0;
v000002640c598db0_0 .var/s "mul_b", 15 0;
v000002640c598950_0 .var "otr_hold", 0 0;
v000002640c598630_0 .net "otr_in", 0 0, v000002640c5ebd20_0;  1 drivers
v000002640c5986d0_0 .var "otr_latch", 0 0;
v000002640c598590_0 .var "otr_out", 0 0;
v000002640c598a90_0 .var "peak_lag", 10 0;
v000002640c598310_0 .var/s "prod", 31 0;
v000002640c598d10_0 .net/s "prod_ext", 47 0, L_000002640c5eaf60;  1 drivers
v000002640c5981d0_0 .var "prod_pend", 0 0;
v000002640c598270_0 .net "ref_addr", 11 0, v000002640c5eb1e0_0;  1 drivers
v000002640c598450_0 .net/s "ref_din", 15 0, v000002640c5eb320_0;  1 drivers
v000002640c5ebf00 .array/s "ref_mem", 2108 0, 15 0;
v000002640c5eb820_0 .net "ref_wr_en", 0 0, v000002640c5ea7e0_0;  1 drivers
v000002640c5ea880_0 .net "rst_n", 0 0, v000002640c5eac40_0;  1 drivers
v000002640c5eb960_0 .var "state", 1 0;
v000002640c5ec180_0 .var "window_full", 0 0;
v000002640c5eb780 .array/s "window_mem", 2108 0, 15 0;
E_000002640c552500 .event posedge, v000002640c599030_0;
L_000002640c5eace0 .part v000002640c598310_0, 31, 1;
LS_000002640c5eaba0_0_0 .concat [ 1 1 1 1], L_000002640c5eace0, L_000002640c5eace0, L_000002640c5eace0, L_000002640c5eace0;
LS_000002640c5eaba0_0_4 .concat [ 1 1 1 1], L_000002640c5eace0, L_000002640c5eace0, L_000002640c5eace0, L_000002640c5eace0;
LS_000002640c5eaba0_0_8 .concat [ 1 1 1 1], L_000002640c5eace0, L_000002640c5eace0, L_000002640c5eace0, L_000002640c5eace0;
LS_000002640c5eaba0_0_12 .concat [ 1 1 1 1], L_000002640c5eace0, L_000002640c5eace0, L_000002640c5eace0, L_000002640c5eace0;
L_000002640c5eaba0 .concat [ 4 4 4 4], LS_000002640c5eaba0_0_0, LS_000002640c5eaba0_0_4, LS_000002640c5eaba0_0_8, LS_000002640c5eaba0_0_12;
L_000002640c5eaf60 .concat [ 32 16 0 0], v000002640c598310_0, L_000002640c5eaba0;
L_000002640c5eb000 .part v000002640c598f90_0, 16, 32;
L_000002640c5ead80 .extend/s 48, L_000002640c5eb000;
S_000002640c5547f0 .scope task, "feed_window" "feed_window" 2 122, 2 122 0, S_000002640c54af60;
 .timescale -9 -12;
v000002640c5eb5a0_0 .var/i "g", 31 0;
v000002640c5ebe60_0 .var/i "j", 31 0;
v000002640c5ebdc0_0 .var/i "mode", 31 0;
v000002640c5ebaa0_0 .var/i "otr_idx", 31 0;
TD_tb_matched_filter_1.feed_window ;
    %pushi/vec4 0, 0, 32;
    %store/vec4 v000002640c5ebe60_0, 0, 32;
T_0.0 ;
    %load/vec4 v000002640c5ebe60_0;
    %cmpi/s 2109, 0, 32;
    %jmp/0xz T_0.1, 5;
    %wait E_000002640c552500;
    %load/vec4 v000002640c5ebdc0_0;
    %dup/vec4;
    %pushi/vec4 0, 0, 32;
    %cmp/u;
    %jmp/1 T_0.2, 6;
    %dup/vec4;
    %pushi/vec4 1, 0, 32;
    %cmp/u;
    %jmp/1 T_0.3, 6;
    %dup/vec4;
    %pushi/vec4 2, 0, 32;
    %cmp/u;
    %jmp/1 T_0.4, 6;
    %pushi/vec4 0, 0, 16;
    %assign/vec4 v000002640c5eb8c0_0, 0;
    %jmp T_0.6;
T_0.2 ;
    %ix/getv/s 4, v000002640c5ebe60_0;
    %load/vec4a v000002640c5eba00, 4;
    %assign/vec4 v000002640c5eb8c0_0, 0;
    %jmp T_0.6;
T_0.3 ;
    %pushi/vec4 0, 0, 16;
    %assign/vec4 v000002640c5eb8c0_0, 0;
    %jmp T_0.6;
T_0.4 ;
    %ix/getv/s 4, v000002640c5ebe60_0;
    %load/vec4a v000002640c5eba00, 4;
    %assign/vec4 v000002640c5eb8c0_0, 0;
    %jmp T_0.6;
T_0.6 ;
    %pop/vec4 1;
    %load/vec4 v000002640c5ebdc0_0;
    %cmpi/e 2, 0, 32;
    %flag_get/vec4 4;
    %jmp/0 T_0.9, 4;
    %load/vec4 v000002640c5ebe60_0;
    %load/vec4 v000002640c5ebaa0_0;
    %cmp/e;
    %flag_get/vec4 4;
    %and;
T_0.9;
    %flag_set/vec4 8;
    %jmp/0 T_0.7, 8;
    %pushi/vec4 1, 0, 1;
    %jmp/1 T_0.8, 8;
T_0.7 ; End of true expr.
    %pushi/vec4 0, 0, 1;
    %jmp/0 T_0.8, 8;
 ; End of false expr.
    %blend;
T_0.8;
    %assign/vec4 v000002640c5ebd20_0, 0;
    %pushi/vec4 1, 0, 1;
    %assign/vec4 v000002640c5ea4c0_0, 0;
    %wait E_000002640c552500;
    %pushi/vec4 0, 0, 1;
    %assign/vec4 v000002640c5ea4c0_0, 0;
    %pushi/vec4 0, 0, 1;
    %assign/vec4 v000002640c5ebd20_0, 0;
    %pushi/vec4 0, 0, 16;
    %assign/vec4 v000002640c5eb8c0_0, 0;
    %pushi/vec4 0, 0, 32;
    %store/vec4 v000002640c5eb5a0_0, 0, 32;
T_0.10 ;
    %load/vec4 v000002640c5eb5a0_0;
    %cmpi/s 2, 0, 32;
    %jmp/0xz T_0.11, 5;
    %wait E_000002640c552500;
    %load/vec4 v000002640c5eb5a0_0;
    %addi 1, 0, 32;
    %store/vec4 v000002640c5eb5a0_0, 0, 32;
    %jmp T_0.10;
T_0.11 ;
    %load/vec4 v000002640c5ebe60_0;
    %addi 1, 0, 32;
    %store/vec4 v000002640c5ebe60_0, 0, 32;
    %jmp T_0.0;
T_0.1 ;
    %end;
S_000002640c554980 .scope task, "load_reference" "load_reference" 2 103, 2 103 0, S_000002640c54af60;
 .timescale -9 -12;
v000002640c5eb3c0_0 .var/i "j", 31 0;
TD_tb_matched_filter_1.load_reference ;
    %wait E_000002640c552500;
    %pushi/vec4 0, 0, 32;
    %store/vec4 v000002640c5eb3c0_0, 0, 32;
T_1.12 ;
    %load/vec4 v000002640c5eb3c0_0;
    %cmpi/s 2109, 0, 32;
    %jmp/0xz T_1.13, 5;
    %pushi/vec4 1, 0, 1;
    %assign/vec4 v000002640c5ea7e0_0, 0;
    %load/vec4 v000002640c5eb3c0_0;
    %parti/s 12, 0, 2;
    %assign/vec4 v000002640c5eb1e0_0, 0;
    %ix/getv/s 4, v000002640c5eb3c0_0;
    %load/vec4a v000002640c5eba00, 4;
    %assign/vec4 v000002640c5eb320_0, 0;
    %wait E_000002640c552500;
    %load/vec4 v000002640c5eb3c0_0;
    %addi 1, 0, 32;
    %store/vec4 v000002640c5eb3c0_0, 0, 32;
    %jmp T_1.12;
T_1.13 ;
    %pushi/vec4 0, 0, 1;
    %assign/vec4 v000002640c5ea7e0_0, 0;
    %pushi/vec4 0, 0, 12;
    %assign/vec4 v000002640c5eb1e0_0, 0;
    %pushi/vec4 0, 0, 16;
    %assign/vec4 v000002640c5eb320_0, 0;
    %wait E_000002640c552500;
    %end;
S_000002640c56f840 .scope task, "wait_corr_valid" "wait_corr_valid" 2 150, 2 150 0, S_000002640c54af60;
 .timescale -9 -12;
E_000002640c552b80 .event posedge, v000002640c5984f0_0;
TD_tb_matched_filter_1.wait_corr_valid ;
    %wait E_000002640c552b80;
    %load/vec4 v000002640c5ea740_0;
    %store/vec4 v000002640c5ea9c0_0, 0, 32;
    %wait E_000002640c552500;
    %end;
    .scope S_000002640c594d60;
T_3 ;
    %wait E_000002640c552500;
    %load/vec4 v000002640c5eb820_0;
    %flag_set/vec4 8;
    %jmp/0xz  T_3.0, 8;
    %load/vec4 v000002640c598450_0;
    %load/vec4 v000002640c598270_0;
    %pad/u 13;
    %ix/vec4 3;
    %ix/load 4, 0, 0; Constant delay
    %assign/vec4/a/d v000002640c5ebf00, 0, 4;
T_3.0 ;
    %jmp T_3;
    .thread T_3;
    .scope S_000002640c594d60;
T_4 ;
    %wait E_000002640c552500;
    %load/vec4 v000002640c5ea880_0;
    %nor/r;
    %flag_set/vec4 8;
    %jmp/0xz  T_4.0, 8;
    %pushi/vec4 0, 0, 12;
    %assign/vec4 v000002640c5990d0_0, 0;
    %pushi/vec4 0, 0, 1;
    %assign/vec4 v000002640c5ec180_0, 0;
    %pushi/vec4 0, 0, 1;
    %assign/vec4 v000002640c5986d0_0, 0;
    %pushi/vec4 0, 0, 2;
    %assign/vec4 v000002640c5eb960_0, 0;
    %pushi/vec4 0, 0, 12;
    %assign/vec4 v000002640c598bd0_0, 0;
    %pushi/vec4 0, 0, 12;
    %assign/vec4 v000002640c5989f0_0, 0;
    %pushi/vec4 0, 0, 48;
    %assign/vec4 v000002640c598f90_0, 0;
    %pushi/vec4 0, 0, 16;
    %assign/vec4 v000002640c598c70_0, 0;
    %pushi/vec4 0, 0, 16;
    %assign/vec4 v000002640c598db0_0, 0;
    %pushi/vec4 0, 0, 32;
    %assign/vec4 v000002640c598310_0, 0;
    %pushi/vec4 0, 0, 1;
    %assign/vec4 v000002640c5981d0_0, 0;
    %pushi/vec4 0, 0, 1;
    %assign/vec4 v000002640c598950_0, 0;
    %pushi/vec4 0, 0, 32;
    %assign/vec4 v000002640c598b30_0, 0;
    %pushi/vec4 0, 0, 11;
    %assign/vec4 v000002640c598a90_0, 0;
    %pushi/vec4 0, 0, 1;
    %assign/vec4 v000002640c5984f0_0, 0;
    %pushi/vec4 0, 0, 1;
    %assign/vec4 v000002640c598590_0, 0;
    %jmp T_4.1;
T_4.0 ;
    %pushi/vec4 0, 0, 1;
    %assign/vec4 v000002640c5984f0_0, 0;
    %pushi/vec4 0, 0, 1;
    %assign/vec4 v000002640c598590_0, 0;
    %pushi/vec4 0, 0, 1;
    %assign/vec4 v000002640c5ec180_0, 0;
    %load/vec4 v000002640c5988b0_0;
    %flag_set/vec4 8;
    %jmp/0xz  T_4.2, 8;
    %load/vec4 v000002640c598770_0;
    %load/vec4 v000002640c5990d0_0;
    %pad/u 13;
    %ix/vec4 3;
    %ix/load 4, 0, 0; Constant delay
    %assign/vec4/a/d v000002640c5eb780, 0, 4;
    %load/vec4 v000002640c5990d0_0;
    %cmpi/e 0, 0, 12;
    %jmp/0xz  T_4.4, 4;
    %load/vec4 v000002640c598630_0;
    %assign/vec4 v000002640c5986d0_0, 0;
    %jmp T_4.5;
T_4.4 ;
    %load/vec4 v000002640c5986d0_0;
    %load/vec4 v000002640c598630_0;
    %or;
    %assign/vec4 v000002640c5986d0_0, 0;
T_4.5 ;
    %load/vec4 v000002640c5990d0_0;
    %pad/u 32;
    %cmpi/e 2108, 0, 32;
    %jmp/0xz  T_4.6, 4;
    %pushi/vec4 0, 0, 12;
    %assign/vec4 v000002640c5990d0_0, 0;
    %pushi/vec4 1, 0, 1;
    %assign/vec4 v000002640c5ec180_0, 0;
    %jmp T_4.7;
T_4.6 ;
    %load/vec4 v000002640c5990d0_0;
    %addi 1, 0, 12;
    %assign/vec4 v000002640c5990d0_0, 0;
T_4.7 ;
T_4.2 ;
    %load/vec4 v000002640c598c70_0;
    %pad/s 32;
    %load/vec4 v000002640c598db0_0;
    %pad/s 32;
    %mul;
    %assign/vec4 v000002640c598310_0, 0;
    %load/vec4 v000002640c5981d0_0;
    %flag_set/vec4 8;
    %jmp/0xz  T_4.8, 8;
    %load/vec4 v000002640c598f90_0;
    %load/vec4 v000002640c598d10_0;
    %add;
    %assign/vec4 v000002640c598f90_0, 0;
    %load/vec4 v000002640c5989f0_0;
    %addi 1, 0, 12;
    %assign/vec4 v000002640c5989f0_0, 0;
T_4.8 ;
    %pushi/vec4 0, 0, 1;
    %assign/vec4 v000002640c5981d0_0, 0;
    %load/vec4 v000002640c5eb960_0;
    %dup/vec4;
    %pushi/vec4 0, 0, 2;
    %cmp/u;
    %jmp/1 T_4.10, 6;
    %dup/vec4;
    %pushi/vec4 1, 0, 2;
    %cmp/u;
    %jmp/1 T_4.11, 6;
    %dup/vec4;
    %pushi/vec4 2, 0, 2;
    %cmp/u;
    %jmp/1 T_4.12, 6;
    %pushi/vec4 0, 0, 2;
    %assign/vec4 v000002640c5eb960_0, 0;
    %jmp T_4.14;
T_4.10 ;
    %load/vec4 v000002640c5ec180_0;
    %flag_set/vec4 8;
    %jmp/0xz  T_4.15, 8;
    %load/vec4 v000002640c5986d0_0;
    %assign/vec4 v000002640c598950_0, 0;
    %pushi/vec4 0, 0, 48;
    %assign/vec4 v000002640c598f90_0, 0;
    %pushi/vec4 0, 0, 12;
    %assign/vec4 v000002640c5989f0_0, 0;
    %ix/load 4, 0, 0;
    %flag_set/imm 4, 0;
    %load/vec4a v000002640c5eb780, 4;
    %assign/vec4 v000002640c598c70_0, 0;
    %ix/load 4, 0, 0;
    %flag_set/imm 4, 0;
    %load/vec4a v000002640c5ebf00, 4;
    %assign/vec4 v000002640c598db0_0, 0;
    %pushi/vec4 1, 0, 1;
    %assign/vec4 v000002640c5981d0_0, 0;
    %pushi/vec4 1, 0, 12;
    %assign/vec4 v000002640c598bd0_0, 0;
    %pushi/vec4 1, 0, 2;
    %assign/vec4 v000002640c5eb960_0, 0;
T_4.15 ;
    %jmp T_4.14;
T_4.11 ;
    %load/vec4 v000002640c598bd0_0;
    %pad/u 32;
    %cmpi/u 2109, 0, 32;
    %jmp/0xz  T_4.17, 5;
    %load/vec4 v000002640c598bd0_0;
    %pad/u 13;
    %ix/vec4 4;
    %load/vec4a v000002640c5eb780, 4;
    %assign/vec4 v000002640c598c70_0, 0;
    %load/vec4 v000002640c598bd0_0;
    %pad/u 13;
    %ix/vec4 4;
    %load/vec4a v000002640c5ebf00, 4;
    %assign/vec4 v000002640c598db0_0, 0;
    %pushi/vec4 1, 0, 1;
    %assign/vec4 v000002640c5981d0_0, 0;
    %load/vec4 v000002640c598bd0_0;
    %addi 1, 0, 12;
    %assign/vec4 v000002640c598bd0_0, 0;
    %jmp T_4.18;
T_4.17 ;
    %pushi/vec4 2, 0, 2;
    %assign/vec4 v000002640c5eb960_0, 0;
T_4.18 ;
    %jmp T_4.14;
T_4.12 ;
    %load/vec4 v000002640c5989f0_0;
    %cmpi/e 2109, 0, 12;
    %jmp/0xz  T_4.19, 4;
    %load/vec4 v000002640c5983b0_0;
    %cmpi/s 2147483647, 0, 48;
    %flag_or 5, 4; GT is !LE
    %flag_inv 5;
    %jmp/0xz  T_4.21, 5;
    %pushi/vec4 2147483647, 0, 32;
    %assign/vec4 v000002640c598b30_0, 0;
    %jmp T_4.22;
T_4.21 ;
    %load/vec4 v000002640c5983b0_0;
    %pushi/vec4 4294934528, 0, 32;
    %concati/vec4 0, 0, 16;
    %cmp/s;
    %jmp/0xz  T_4.23, 5;
    %pushi/vec4 2147483648, 0, 32;
    %assign/vec4 v000002640c598b30_0, 0;
    %jmp T_4.24;
T_4.23 ;
    %load/vec4 v000002640c5983b0_0;
    %parti/s 32, 0, 2;
    %assign/vec4 v000002640c598b30_0, 0;
T_4.24 ;
T_4.22 ;
    %pushi/vec4 0, 0, 11;
    %assign/vec4 v000002640c598a90_0, 0;
    %load/vec4 v000002640c598950_0;
    %assign/vec4 v000002640c598590_0, 0;
    %pushi/vec4 1, 0, 1;
    %assign/vec4 v000002640c5984f0_0, 0;
    %pushi/vec4 0, 0, 2;
    %assign/vec4 v000002640c5eb960_0, 0;
T_4.19 ;
    %jmp T_4.14;
T_4.14 ;
    %pop/vec4 1;
T_4.1 ;
    %jmp T_4;
    .thread T_4;
    .scope S_000002640c54af60;
T_5 ;
    %pushi/vec4 0, 0, 1;
    %store/vec4 v000002640c5eaec0_0, 0, 1;
    %end;
    .thread T_5;
    .scope S_000002640c54af60;
T_6 ;
    %delay 18500, 0;
    %load/vec4 v000002640c5eaec0_0;
    %inv;
    %store/vec4 v000002640c5eaec0_0, 0, 1;
    %jmp T_6;
    .thread T_6;
    .scope S_000002640c54af60;
T_7 ;
    %pushi/real 0, 4065; load=0.00000
    %store/real v000002640c5ebb40_0;
    %pushi/vec4 0, 0, 32;
    %store/vec4 v000002640c5eab00_0, 0, 32;
T_7.0 ;
    %load/vec4 v000002640c5eab00_0;
    %cmpi/s 2109, 0, 32;
    %jmp/0xz T_7.1, 5;
    %load/vec4 v000002640c5eab00_0;
    %cvt/rv/s;
    %pushi/real 1073741824, 4066; load=1.00000
    %mul/wr;
    %pushi/vec4 2109, 0, 32;
    %cvt/rv/s;
    %div/wr;
    %store/real v000002640c5ebbe0_0;
    %pushi/real 1717986918, 4061; load=0.0500000
    %pushi/real 1677722, 4039; load=0.0500000
    %add/wr;
    %pushi/real 1288490188, 4063; load=0.150000
    %pushi/real 3355443, 4041; load=0.150000
    %add/wr;
    %load/real v000002640c5ebbe0_0;
    %mul/wr;
    %add/wr;
    %store/real v000002640c5ea6a0_0;
    %load/real v000002640c5ebb40_0;
    %pushi/real 1686629711, 4068; load=6.28319
    %pushi/real 578801, 4046; load=6.28319
    %add/wr;
    %load/real v000002640c5ea6a0_0;
    %mul/wr;
    %add/wr;
    %store/real v000002640c5ebb40_0;
    %vpi_func/r 2 63 "$sin", v000002640c5ebb40_0 {0 0 0};
    %pushi/vec4 6640, 0, 32;
    %cvt/rv/s;
    %mul/wr;
    %vpi_func 2 63 "$rtoi" 32, W<0,r> {0 1 0};
    %pad/s 16;
    %ix/getv/s 4, v000002640c5eab00_0;
    %store/vec4a v000002640c5eba00, 4, 0;
    %load/vec4 v000002640c5eab00_0;
    %addi 1, 0, 32;
    %store/vec4 v000002640c5eab00_0, 0, 32;
    %jmp T_7.0;
T_7.1 ;
    %end;
    .thread T_7;
    .scope S_000002640c54af60;
T_8 ;
    %wait E_000002640c552500;
    %load/vec4 v000002640c5eb500_0;
    %flag_set/vec4 8;
    %jmp/0xz  T_8.0, 8;
    %load/vec4 v000002640c5ea740_0;
    %xor/r;
    %cmpi/e 1, 1, 1;
    %jmp/0xz  T_8.2, 6;
    %vpi_call 2 73 "$display", "FAIL: X/Z state detected on corr_peak" {0 0 0};
    %vpi_call 2 74 "$fatal" {0 0 0};
T_8.2 ;
    %load/vec4 v000002640c5ea560_0;
    %xor/r;
    %cmpi/e 1, 1, 1;
    %jmp/0xz  T_8.4, 6;
    %vpi_call 2 77 "$display", "FAIL: X/Z state detected on peak_lag" {0 0 0};
    %vpi_call 2 78 "$fatal" {0 0 0};
T_8.4 ;
    %load/vec4 v000002640c5ea600_0;
    %cmpi/e 1, 1, 1;
    %jmp/0xz  T_8.6, 6;
    %vpi_call 2 81 "$display", "FAIL: X/Z state detected on corr_valid" {0 0 0};
    %vpi_call 2 82 "$fatal" {0 0 0};
T_8.6 ;
    %load/vec4 v000002640c5ea380_0;
    %cmpi/e 1, 1, 1;
    %jmp/0xz  T_8.8, 6;
    %vpi_call 2 85 "$display", "FAIL: X/Z state detected on otr_out" {0 0 0};
    %vpi_call 2 86 "$fatal" {0 0 0};
T_8.8 ;
T_8.0 ;
    %jmp T_8;
    .thread T_8;
    .scope S_000002640c54af60;
T_9 ;
    %wait E_000002640c552500;
    %load/vec4 v000002640c5eac40_0;
    %flag_set/vec4 9;
    %flag_get/vec4 9;
    %jmp/0 T_9.2, 9;
    %load/vec4 v000002640c5ea4c0_0;
    %and;
T_9.2;
    %flag_set/vec4 8;
    %jmp/0xz  T_9.0, 8;
    %load/vec4 v000002640c5eaa60_0;
    %addi 1, 0, 32;
    %assign/vec4 v000002640c5eaa60_0, 0;
T_9.0 ;
    %jmp T_9;
    .thread T_9;
    .scope S_000002640c54af60;
T_10 ;
    %wait E_000002640c552b80;
    %load/vec4 v000002640c5eb640_0;
    %addi 1, 0, 32;
    %store/vec4 v000002640c5eb640_0, 0, 32;
    %jmp T_10;
    .thread T_10;
    .scope S_000002640c54af60;
T_11 ;
    %pushi/vec4 0, 0, 1;
    %store/vec4 v000002640c5eac40_0, 0, 1;
    %pushi/vec4 0, 0, 16;
    %store/vec4 v000002640c5eb8c0_0, 0, 16;
    %pushi/vec4 0, 0, 1;
    %store/vec4 v000002640c5ea4c0_0, 0, 1;
    %pushi/vec4 0, 0, 1;
    %store/vec4 v000002640c5ebd20_0, 0, 1;
    %pushi/vec4 0, 0, 1;
    %store/vec4 v000002640c5ea7e0_0, 0, 1;
    %pushi/vec4 0, 0, 12;
    %store/vec4 v000002640c5eb1e0_0, 0, 12;
    %pushi/vec4 0, 0, 16;
    %store/vec4 v000002640c5eb320_0, 0, 16;
    %pushi/vec4 0, 0, 1;
    %store/vec4 v000002640c5eb500_0, 0, 1;
    %pushi/vec4 0, 0, 32;
    %store/vec4 v000002640c5eaa60_0, 0, 32;
    %pushi/vec4 0, 0, 32;
    %store/vec4 v000002640c5eb640_0, 0, 32;
    %pushi/vec4 0, 0, 32;
    %store/vec4 v000002640c5ea9c0_0, 0, 32;
    %pushi/vec4 5, 0, 32;
T_11.0 %dup/vec4;
    %pushi/vec4 0, 0, 32;
    %cmp/s;
    %jmp/1xz T_11.1, 5;
    %jmp/1 T_11.1, 4;
    %pushi/vec4 1, 0, 32;
    %sub;
    %wait E_000002640c552500;
    %jmp T_11.0;
T_11.1 ;
    %pop/vec4 1;
    %pushi/vec4 1, 0, 1;
    %store/vec4 v000002640c5eac40_0, 0, 1;
    %wait E_000002640c552500;
    %pushi/vec4 1, 0, 1;
    %store/vec4 v000002640c5eb500_0, 0, 1;
    %fork TD_tb_matched_filter_1.load_reference, S_000002640c554980;
    %join;
    %pushi/vec4 0, 0, 32;
    %store/vec4 v000002640c5ebdc0_0, 0, 32;
    %pushi/vec4 0, 0, 32;
    %store/vec4 v000002640c5ebaa0_0, 0, 32;
    %fork TD_tb_matched_filter_1.feed_window, S_000002640c5547f0;
    %join;
    %fork TD_tb_matched_filter_1.wait_corr_valid, S_000002640c56f840;
    %join;
    %load/vec4 v000002640c5ea9c0_0;
    %store/vec4 v000002640c5eb6e0_0, 0, 32;
    %load/vec4 v000002640c5eb640_0;
    %cmpi/ne 1, 0, 32;
    %jmp/0xz  T_11.2, 6;
    %vpi_call 2 194 "$display", "FAILED: FIX-B1 expected 1 corr_valid pulse, got %0d", v000002640c5eb640_0 {0 0 0};
    %vpi_call 2 195 "$fatal" {0 0 0};
T_11.2 ;
    %load/vec4 v000002640c5eaa60_0;
    %cmpi/ne 2109, 0, 32;
    %jmp/0xz  T_11.4, 6;
    %vpi_call 2 198 "$display", "FAILED: FIX-B1 expected %0d din_valid, got %0d", P_000002640c56e2a8, v000002640c5eaa60_0 {0 0 0};
    %vpi_call 2 199 "$fatal" {0 0 0};
T_11.4 ;
    %load/vec4 v000002640c5eb6e0_0;
    %cmpi/s 0, 0, 32;
    %flag_or 5, 4;
    %jmp/0xz  T_11.6, 5;
    %vpi_call 2 202 "$display", "FAILED: CHIRP_DETECT corr_peak not positive: %0d", v000002640c5eb6e0_0 {0 0 0};
    %vpi_call 2 203 "$fatal" {0 0 0};
T_11.6 ;
    %vpi_call 2 205 "$display", "CHIRP_DETECT: PASS (corr_peak=%0d, one pulse per %0d samples)", v000002640c5eb6e0_0, P_000002640c56e2a8 {0 0 0};
    %vpi_call 2 207 "$display", "PEAK_LAG_ZERO: PASS (peak_lag=%0d)", v000002640c5ea560_0 {0 0 0};
    %load/vec4 v000002640c5ea560_0;
    %cmpi/ne 0, 0, 11;
    %jmp/0xz  T_11.8, 6;
    %vpi_call 2 209 "$display", "FAILED: PEAK_LAG_ZERO expected 0, got %0d", v000002640c5ea560_0 {0 0 0};
    %vpi_call 2 210 "$fatal" {0 0 0};
T_11.8 ;
    %pushi/vec4 1, 0, 32;
    %store/vec4 v000002640c5ebdc0_0, 0, 32;
    %pushi/vec4 0, 0, 32;
    %store/vec4 v000002640c5ebaa0_0, 0, 32;
    %fork TD_tb_matched_filter_1.feed_window, S_000002640c5547f0;
    %join;
    %fork TD_tb_matched_filter_1.wait_corr_valid, S_000002640c56f840;
    %join;
    %load/vec4 v000002640c5ea9c0_0;
    %store/vec4 v000002640c5ea920_0, 0, 32;
    %load/vec4 v000002640c5eb6e0_0;
    %load/vec4 v000002640c5ea920_0;
    %cmp/s;
    %flag_or 5, 4;
    %jmp/0xz  T_11.10, 5;
    %vpi_call 2 220 "$display", "FAILED: NOISE_REJECT noise peak %0d >= chirp peak %0d", v000002640c5ea920_0, v000002640c5eb6e0_0 {0 0 0};
    %vpi_call 2 222 "$fatal" {0 0 0};
T_11.10 ;
    %vpi_call 2 224 "$display", "NOISE_REJECT: PASS (noise corr_peak=%0d << chirp %0d)", v000002640c5ea920_0, v000002640c5eb6e0_0 {0 0 0};
    %pushi/vec4 2, 0, 32;
    %store/vec4 v000002640c5ebdc0_0, 0, 32;
    %pushi/vec4 1000, 0, 32;
    %store/vec4 v000002640c5ebaa0_0, 0, 32;
    %fork TD_tb_matched_filter_1.feed_window, S_000002640c5547f0;
    %join;
    %fork TD_tb_matched_filter_1.wait_corr_valid, S_000002640c56f840;
    %join;
    %load/vec4 v000002640c5ea380_0;
    %cmpi/ne 1, 0, 1;
    %jmp/0xz  T_11.12, 6;
    %vpi_call 2 233 "$display", "FAILED: OTR_FLAG expected otr_out=1, got %b", v000002640c5ea380_0 {0 0 0};
    %vpi_call 2 234 "$fatal" {0 0 0};
T_11.12 ;
    %vpi_call 2 236 "$display", "OTR_FLAG: PASS (otr_out=1 after single mid-window otr_in)" {0 0 0};
    %load/vec4 v000002640c5ea740_0;
    %xor/r;
    %cmpi/e 1, 1, 1;
    %jmp/0xz  T_11.14, 6;
    %vpi_call 2 243 "$display", "FAILED: SCALING corr_peak is X/Z" {0 0 0};
    %vpi_call 2 244 "$fatal" {0 0 0};
T_11.14 ;
    %vpi_call 2 246 "$display", "NO_XZ: PASS (no X/Z on any output after reset)" {0 0 0};
    %vpi_call 2 247 "$display", "SCALING: PASS (corr_peak within signed 32-bit, never X/Z)" {0 0 0};
    %vpi_call 2 249 "$display", "ALL CHECKS PASSED - matched_filter_1" {0 0 0};
    %vpi_call 2 250 "$finish" {0 0 0};
    %end;
    .thread T_11;
    .scope S_000002640c54af60;
T_12 ;
    %delay 2755359744, 11;
    %vpi_call 2 256 "$display", "FAILED: watchdog timeout - no completion" {0 0 0};
    %vpi_call 2 257 "$fatal" {0 0 0};
    %end;
    .thread T_12;
# The file index is used to find the file name in the following table.
:file_names 4;
    "N/A";
    "<interactive>";
    "fpga/sim/tb_matched_filter_1.v";
    "fpga/src/matched_filter_1.v";
