#! /c/Source/iverilog-install/bin/vvp
:ivl_version "12.0 (devel)" "(s20150603-1539-g2693dd32b)";
:ivl_delay_selection "TYPICAL";
:vpi_time_precision - 12;
:vpi_module "C:\iverilog\lib\ivl\system.vpi";
:vpi_module "C:\iverilog\lib\ivl\vhdl_sys.vpi";
:vpi_module "C:\iverilog\lib\ivl\vhdl_textio.vpi";
:vpi_module "C:\iverilog\lib\ivl\v2005_math.vpi";
:vpi_module "C:\iverilog\lib\ivl\va_math.vpi";
S_000001dd1f923cf0 .scope module, "tb_adc_interface" "tb_adc_interface" 2 22;
 .timescale -9 -12;
P_000001dd1f94aca0 .param/l "CLK_DIV_HALF" 1 2 24, +C4<00000000000000000000000000000100>;
L_000001dd1f945830 .functor NOT 1, v000001dd1f9a58e0_0, C4<0>, C4<0>, C4<0>;
L_000001dd1f945c90 .functor AND 1, v000001dd1f91dbb0_0, L_000001dd1f945830, C4<1>, C4<1>;
v000001dd1f9a4e40_0 .net *"_ivl_0", 0 0, L_000001dd1f945830;  1 drivers
v000001dd1f9a5a20_0 .net "adc_clk", 0 0, v000001dd1f91dbb0_0;  1 drivers
v000001dd1f9a58e0_0 .var "adc_clk_d", 0 0;
v000001dd1f9a52a0_0 .var "adc_data", 11 0;
v000001dd1f9a5840_0 .var "clk", 0 0;
v000001dd1f9a5ac0_0 .var "drive_otr", 0 0;
v000001dd1f9a53e0_0 .var "drive_val", 11 0;
v000001dd1f9a5660_0 .var "emit_data", 11 0;
v000001dd1f9a5160_0 .var "emit_known", 0 0;
v000001dd1f9a5200_0 .var "emit_otr", 0 0;
v000001dd1f9a5340_0 .var/i "enc_edges", 31 0;
v000001dd1f9a5b60_0 .net "enc_rising", 0 0, L_000001dd1f945c90;  1 drivers
v000001dd1f9a5c00_0 .var/i "errors", 31 0;
v000001dd1f9a5480_0 .var "expected_sample", 11 0;
v000001dd1f9a4d00_0 .var "midscale_seen", 0 0;
v000001dd1f9a50c0_0 .var "negfs_seen", 0 0;
v000001dd1f9a5700_0 .var "otr", 0 0;
v000001dd1f9a5520_0 .var/i "otr_clamped_seen", 31 0;
v000001dd1f9a5020_0 .var "posfs_seen", 0 0;
v000001dd1f9a5980_0 .var "rst_n", 0 0;
v000001dd1f9a4da0_0 .net "sample_otr", 0 0, v000001dd1f9a55c0_0;  1 drivers
v000001dd1f9a4ee0_0 .net "sample_out", 11 0, v000001dd1f9a4f80_0;  1 drivers
v000001dd1f9a6210_0 .net "sample_valid", 0 0, v000001dd1f9a57a0_0;  1 drivers
v000001dd1f9a6030_0 .var/i "valid_count", 31 0;
E_000001dd1f94af20 .event anyedge, v000001dd1f9a53e0_0, v000001dd1f9a5ac0_0;
S_000001dd1f94f1c0 .scope module, "dut" "adc_interface" 2 47, 3 13 0, S_000001dd1f923cf0;
 .timescale -9 -12;
    .port_info 0 /INPUT 1 "clk";
    .port_info 1 /INPUT 1 "rst_n";
    .port_info 2 /INPUT 12 "adc_data";
    .port_info 3 /INPUT 1 "otr";
    .port_info 4 /OUTPUT 1 "adc_clk";
    .port_info 5 /OUTPUT 12 "sample_out";
    .port_info 6 /OUTPUT 1 "sample_otr";
    .port_info 7 /OUTPUT 1 "sample_valid";
P_000001dd1f94b1a0 .param/l "CLK_DIV_HALF" 0 3 16, +C4<00000000000000000000000000000100>;
L_000001dd1f9457c0 .functor NOT 1, v000001dd1f91e100_0, C4<0>, C4<0>, C4<0>;
L_000001dd1f9458a0 .functor AND 1, v000001dd1f91dbb0_0, L_000001dd1f9457c0, C4<1>, C4<1>;
v000001dd1f91cb00_0 .net *"_ivl_0", 0 0, L_000001dd1f9457c0;  1 drivers
v000001dd1f91dbb0_0 .var "adc_clk", 0 0;
v000001dd1f91e100_0 .var "adc_clk_q", 0 0;
v000001dd1f94ebb0_0 .net "adc_clk_rising", 0 0, L_000001dd1f9458a0;  1 drivers
v000001dd1f94f7a0_0 .net "adc_data", 11 0, v000001dd1f9a52a0_0;  1 drivers
v000001dd1f923e80_0 .net "clk", 0 0, v000001dd1f9a5840_0;  1 drivers
v000001dd1f94f350_0 .var "div_count", 2 0;
v000001dd1f94f3f0_0 .var "lat_active", 0 0;
v000001dd1f951880_0 .var "lat_count", 2 0;
v000001dd1f951920_0 .net "otr", 0 0, v000001dd1f9a5700_0;  1 drivers
v000001dd1f93f380_0 .net "rst_n", 0 0, v000001dd1f9a5980_0;  1 drivers
v000001dd1f9a55c0_0 .var "sample_otr", 0 0;
v000001dd1f9a4f80_0 .var/s "sample_out", 11 0;
v000001dd1f9a57a0_0 .var "sample_valid", 0 0;
E_000001dd1f94afa0 .event posedge, v000001dd1f923e80_0;
    .scope S_000001dd1f94f1c0;
T_0 ;
    %wait E_000001dd1f94afa0;
    %load/vec4 v000001dd1f93f380_0;
    %nor/r;
    %flag_set/vec4 8;
    %jmp/0xz  T_0.0, 8;
    %pushi/vec4 0, 0, 3;
    %assign/vec4 v000001dd1f94f350_0, 0;
    %pushi/vec4 0, 0, 1;
    %assign/vec4 v000001dd1f91dbb0_0, 0;
    %pushi/vec4 0, 0, 1;
    %assign/vec4 v000001dd1f91e100_0, 0;
    %pushi/vec4 0, 0, 3;
    %assign/vec4 v000001dd1f951880_0, 0;
    %pushi/vec4 0, 0, 1;
    %assign/vec4 v000001dd1f94f3f0_0, 0;
    %pushi/vec4 0, 0, 12;
    %assign/vec4 v000001dd1f9a4f80_0, 0;
    %pushi/vec4 0, 0, 1;
    %assign/vec4 v000001dd1f9a55c0_0, 0;
    %pushi/vec4 0, 0, 1;
    %assign/vec4 v000001dd1f9a57a0_0, 0;
    %jmp T_0.1;
T_0.0 ;
    %load/vec4 v000001dd1f91dbb0_0;
    %assign/vec4 v000001dd1f91e100_0, 0;
    %load/vec4 v000001dd1f94f350_0;
    %pad/u 32;
    %cmpi/e 3, 0, 32;
    %jmp/0xz  T_0.2, 4;
    %pushi/vec4 0, 0, 3;
    %assign/vec4 v000001dd1f94f350_0, 0;
    %load/vec4 v000001dd1f91dbb0_0;
    %inv;
    %assign/vec4 v000001dd1f91dbb0_0, 0;
    %jmp T_0.3;
T_0.2 ;
    %load/vec4 v000001dd1f94f350_0;
    %addi 1, 0, 3;
    %assign/vec4 v000001dd1f94f350_0, 0;
T_0.3 ;
    %pushi/vec4 0, 0, 1;
    %assign/vec4 v000001dd1f9a57a0_0, 0;
    %load/vec4 v000001dd1f94ebb0_0;
    %flag_set/vec4 8;
    %jmp/0xz  T_0.4, 8;
    %load/vec4 v000001dd1f94f3f0_0;
    %nor/r;
    %flag_set/vec4 8;
    %jmp/0xz  T_0.6, 8;
    %pushi/vec4 1, 0, 1;
    %assign/vec4 v000001dd1f94f3f0_0, 0;
    %pushi/vec4 1, 0, 3;
    %assign/vec4 v000001dd1f951880_0, 0;
    %jmp T_0.7;
T_0.6 ;
    %load/vec4 v000001dd1f951880_0;
    %cmpi/u 7, 0, 3;
    %jmp/0xz  T_0.8, 5;
    %load/vec4 v000001dd1f951880_0;
    %addi 1, 0, 3;
    %assign/vec4 v000001dd1f951880_0, 0;
    %jmp T_0.9;
T_0.8 ;
    %load/vec4 v000001dd1f94f7a0_0;
    %parti/s 1, 11, 5;
    %inv;
    %load/vec4 v000001dd1f94f7a0_0;
    %parti/s 11, 0, 2;
    %concat/vec4; draw_concat_vec4
    %assign/vec4 v000001dd1f9a4f80_0, 0;
    %load/vec4 v000001dd1f951920_0;
    %assign/vec4 v000001dd1f9a55c0_0, 0;
    %pushi/vec4 1, 0, 1;
    %assign/vec4 v000001dd1f9a57a0_0, 0;
    %pushi/vec4 7, 0, 3;
    %assign/vec4 v000001dd1f951880_0, 0;
T_0.9 ;
T_0.7 ;
T_0.4 ;
T_0.1 ;
    %jmp T_0;
    .thread T_0;
    .scope S_000001dd1f923cf0;
T_1 ;
    %pushi/vec4 0, 0, 1;
    %store/vec4 v000001dd1f9a5840_0, 0, 1;
    %end;
    .thread T_1;
    .scope S_000001dd1f923cf0;
T_2 ;
    %delay 18519, 0;
    %load/vec4 v000001dd1f9a5840_0;
    %inv;
    %store/vec4 v000001dd1f9a5840_0, 0, 1;
    %jmp T_2;
    .thread T_2;
    .scope S_000001dd1f923cf0;
T_3 ;
    %wait E_000001dd1f94afa0;
    %load/vec4 v000001dd1f9a5a20_0;
    %assign/vec4 v000001dd1f9a58e0_0, 0;
    %jmp T_3;
    .thread T_3;
    .scope S_000001dd1f923cf0;
T_4 ;
    %wait E_000001dd1f94afa0;
    %load/vec4 v000001dd1f9a5980_0;
    %nor/r;
    %flag_set/vec4 8;
    %jmp/0xz  T_4.0, 8;
    %pushi/vec4 0, 0, 32;
    %assign/vec4 v000001dd1f9a5340_0, 0;
    %pushi/vec4 2032, 0, 12;
    %assign/vec4 v000001dd1f9a53e0_0, 0;
    %pushi/vec4 0, 0, 1;
    %assign/vec4 v000001dd1f9a5ac0_0, 0;
    %pushi/vec4 0, 0, 12;
    %assign/vec4 v000001dd1f9a5660_0, 0;
    %pushi/vec4 0, 0, 1;
    %assign/vec4 v000001dd1f9a5200_0, 0;
    %pushi/vec4 0, 0, 1;
    %assign/vec4 v000001dd1f9a5160_0, 0;
    %jmp T_4.1;
T_4.0 ;
    %load/vec4 v000001dd1f9a5b60_0;
    %flag_set/vec4 8;
    %jmp/0xz  T_4.2, 8;
    %load/vec4 v000001dd1f9a53e0_0;
    %assign/vec4 v000001dd1f9a5660_0, 0;
    %load/vec4 v000001dd1f9a5ac0_0;
    %assign/vec4 v000001dd1f9a5200_0, 0;
    %pushi/vec4 1, 0, 1;
    %assign/vec4 v000001dd1f9a5160_0, 0;
    %load/vec4 v000001dd1f9a5340_0;
    %addi 1, 0, 32;
    %assign/vec4 v000001dd1f9a5340_0, 0;
    %load/vec4 v000001dd1f9a53e0_0;
    %addi 1, 0, 12;
    %assign/vec4 v000001dd1f9a53e0_0, 0;
    %load/vec4 v000001dd1f9a53e0_0;
    %cmpi/u 2048, 0, 12;
    %flag_inv 5; GE is !LT
    %flag_get/vec4 5;
    %jmp/0 T_4.6, 5;
    %load/vec4 v000001dd1f9a53e0_0;
    %cmpi/u 2050, 0, 12;
    %flag_get/vec4 4;
    %flag_get/vec4 5;
    %or;
    %and;
T_4.6;
    %flag_set/vec4 8;
    %jmp/0xz  T_4.4, 8;
    %pushi/vec4 1, 0, 1;
    %assign/vec4 v000001dd1f9a5ac0_0, 0;
    %jmp T_4.5;
T_4.4 ;
    %pushi/vec4 0, 0, 1;
    %assign/vec4 v000001dd1f9a5ac0_0, 0;
T_4.5 ;
T_4.2 ;
T_4.1 ;
    %jmp T_4;
    .thread T_4;
    .scope S_000001dd1f923cf0;
T_5 ;
    %wait E_000001dd1f94af20;
    %load/vec4 v000001dd1f9a53e0_0;
    %store/vec4 v000001dd1f9a52a0_0, 0, 12;
    %load/vec4 v000001dd1f9a5ac0_0;
    %store/vec4 v000001dd1f9a5700_0, 0, 1;
    %jmp T_5;
    .thread T_5, $push;
    .scope S_000001dd1f923cf0;
T_6 ;
    %wait E_000001dd1f94afa0;
    %load/vec4 v000001dd1f9a5980_0;
    %flag_set/vec4 9;
    %flag_get/vec4 9;
    %jmp/0 T_6.2, 9;
    %load/vec4 v000001dd1f9a6210_0;
    %and;
T_6.2;
    %flag_set/vec4 8;
    %jmp/0xz  T_6.0, 8;
    %load/vec4 v000001dd1f9a6030_0;
    %addi 1, 0, 32;
    %store/vec4 v000001dd1f9a6030_0, 0, 32;
    %load/vec4 v000001dd1f9a4ee0_0;
    %xor/r;
    %cmpi/e 1, 1, 1;
    %jmp/0xz  T_6.3, 6;
    %vpi_call 2 120 "$display", "FAIL: sample_out has X/Z = %b at t=%0t", v000001dd1f9a4ee0_0, $time {0 0 0};
    %load/vec4 v000001dd1f9a5c00_0;
    %addi 1, 0, 32;
    %store/vec4 v000001dd1f9a5c00_0, 0, 32;
T_6.3 ;
    %load/vec4 v000001dd1f9a5160_0;
    %flag_set/vec4 8;
    %jmp/0xz  T_6.5, 8;
    %load/vec4 v000001dd1f9a5660_0;
    %parti/s 1, 11, 5;
    %inv;
    %load/vec4 v000001dd1f9a5660_0;
    %parti/s 11, 0, 2;
    %concat/vec4; draw_concat_vec4
    %store/vec4 v000001dd1f9a5480_0, 0, 12;
    %load/vec4 v000001dd1f9a4ee0_0;
    %load/vec4 v000001dd1f9a5480_0;
    %cmp/ne;
    %jmp/0xz  T_6.7, 6;
    %vpi_call 2 128 "$display", "FAIL: sample_out=0x%03h expected 0x%03h (otr=%b raw=0x%03h) t=%0t", v000001dd1f9a4ee0_0, v000001dd1f9a5480_0, v000001dd1f9a5200_0, v000001dd1f9a5660_0, $time {0 0 0};
    %load/vec4 v000001dd1f9a5c00_0;
    %addi 1, 0, 32;
    %store/vec4 v000001dd1f9a5c00_0, 0, 32;
T_6.7 ;
    %load/vec4 v000001dd1f9a4da0_0;
    %load/vec4 v000001dd1f9a5200_0;
    %cmp/ne;
    %jmp/0xz  T_6.9, 6;
    %vpi_call 2 135 "$display", "FAIL: sample_otr=%b expected %b (raw=0x%03h) t=%0t", v000001dd1f9a4da0_0, v000001dd1f9a5200_0, v000001dd1f9a5660_0, $time {0 0 0};
    %load/vec4 v000001dd1f9a5c00_0;
    %addi 1, 0, 32;
    %store/vec4 v000001dd1f9a5c00_0, 0, 32;
    %jmp T_6.10;
T_6.9 ;
    %vpi_call 2 139 "$display", "  ok: sample_otr correctly aligned to sample_valid (otr=%b)", v000001dd1f9a4da0_0 {0 0 0};
T_6.10 ;
    %load/vec4 v000001dd1f9a5200_0;
    %flag_set/vec4 8;
    %jmp/0xz  T_6.11, 8;
    %load/vec4 v000001dd1f9a5520_0;
    %addi 1, 0, 32;
    %store/vec4 v000001dd1f9a5520_0, 0, 32;
    %vpi_call 2 144 "$display", "  ok: OTR flag set -> sample_out=0x%03h (raw 0x%03h)", v000001dd1f9a4ee0_0, v000001dd1f9a5660_0 {0 0 0};
    %jmp T_6.12;
T_6.11 ;
    %vpi_call 2 147 "$display", "  ok: MSB-flip sample_out=0x%03h (raw 0x%03h)", v000001dd1f9a4ee0_0, v000001dd1f9a5660_0 {0 0 0};
T_6.12 ;
    %load/vec4 v000001dd1f9a5660_0;
    %cmpi/e 2048, 0, 12;
    %jmp/0xz  T_6.13, 4;
    %load/vec4 v000001dd1f9a4ee0_0;
    %cmpi/e 0, 0, 12;
    %jmp/0xz  T_6.15, 4;
    %pushi/vec4 1, 0, 1;
    %store/vec4 v000001dd1f9a4d00_0, 0, 1;
    %vpi_call 2 155 "$display", "  ok: MSB-flip verified \342\200\224 0x800 raw -> 0x000 signed" {0 0 0};
    %jmp T_6.16;
T_6.15 ;
    %vpi_call 2 157 "$display", "FAIL: 0x800 raw -> 0x%03h, expected 0x000", v000001dd1f9a4ee0_0 {0 0 0};
    %load/vec4 v000001dd1f9a5c00_0;
    %addi 1, 0, 32;
    %store/vec4 v000001dd1f9a5c00_0, 0, 32;
T_6.16 ;
T_6.13 ;
    %load/vec4 v000001dd1f9a5660_0;
    %cmpi/e 4095, 0, 12;
    %jmp/0xz  T_6.17, 4;
    %load/vec4 v000001dd1f9a4ee0_0;
    %cmpi/e 2047, 0, 12;
    %jmp/0xz  T_6.19, 4;
    %pushi/vec4 1, 0, 1;
    %store/vec4 v000001dd1f9a5020_0, 0, 1;
    %vpi_call 2 165 "$display", "  ok: MSB-flip verified \342\200\224 0xFFF raw -> 0x7FF signed (+FS)" {0 0 0};
    %jmp T_6.20;
T_6.19 ;
    %vpi_call 2 167 "$display", "FAIL: 0xFFF raw -> 0x%03h, expected 0x7FF", v000001dd1f9a4ee0_0 {0 0 0};
    %load/vec4 v000001dd1f9a5c00_0;
    %addi 1, 0, 32;
    %store/vec4 v000001dd1f9a5c00_0, 0, 32;
T_6.20 ;
T_6.17 ;
    %load/vec4 v000001dd1f9a5660_0;
    %cmpi/e 0, 0, 12;
    %jmp/0xz  T_6.21, 4;
    %load/vec4 v000001dd1f9a4ee0_0;
    %cmpi/e 2048, 0, 12;
    %jmp/0xz  T_6.23, 4;
    %pushi/vec4 1, 0, 1;
    %store/vec4 v000001dd1f9a50c0_0, 0, 1;
    %vpi_call 2 175 "$display", "  ok: MSB-flip verified \342\200\224 0x000 raw -> 0x800 signed (-FS)" {0 0 0};
    %jmp T_6.24;
T_6.23 ;
    %vpi_call 2 177 "$display", "FAIL: 0x000 raw -> 0x%03h, expected 0x800", v000001dd1f9a4ee0_0 {0 0 0};
    %load/vec4 v000001dd1f9a5c00_0;
    %addi 1, 0, 32;
    %store/vec4 v000001dd1f9a5c00_0, 0, 32;
T_6.24 ;
T_6.21 ;
T_6.5 ;
T_6.0 ;
    %jmp T_6;
    .thread T_6;
    .scope S_000001dd1f923cf0;
T_7 ;
    %wait E_000001dd1f94afa0;
    %load/vec4 v000001dd1f9a5980_0;
    %flag_set/vec4 8;
    %jmp/0xz  T_7.0, 8;
    %load/vec4 v000001dd1f9a5a20_0;
    %cmpi/e 1, 1, 1;
    %jmp/1 T_7.4, 6;
    %flag_mov 8, 6;
    %load/vec4 v000001dd1f9a5a20_0;
    %cmpi/e 0, 1, 1;
    %flag_or 6, 8;
T_7.4;
    %jmp/0xz  T_7.2, 6;
    %vpi_call 2 189 "$display", "FAIL: adc_clk is X/Z at t=%0t", $time {0 0 0};
    %load/vec4 v000001dd1f9a5c00_0;
    %addi 1, 0, 32;
    %store/vec4 v000001dd1f9a5c00_0, 0, 32;
T_7.2 ;
T_7.0 ;
    %jmp T_7;
    .thread T_7;
    .scope S_000001dd1f923cf0;
T_8 ;
    %pushi/vec4 0, 0, 32;
    %store/vec4 v000001dd1f9a5c00_0, 0, 32;
    %pushi/vec4 0, 0, 32;
    %store/vec4 v000001dd1f9a6030_0, 0, 32;
    %pushi/vec4 0, 0, 32;
    %store/vec4 v000001dd1f9a5520_0, 0, 32;
    %pushi/vec4 0, 0, 1;
    %store/vec4 v000001dd1f9a4d00_0, 0, 1;
    %pushi/vec4 0, 0, 1;
    %store/vec4 v000001dd1f9a5020_0, 0, 1;
    %pushi/vec4 0, 0, 1;
    %store/vec4 v000001dd1f9a50c0_0, 0, 1;
    %pushi/vec4 0, 0, 1;
    %store/vec4 v000001dd1f9a5980_0, 0, 1;
    %pushi/vec4 0, 0, 1;
    %store/vec4 v000001dd1f9a58e0_0, 0, 1;
    %pushi/vec4 10, 0, 32;
T_8.0 %dup/vec4;
    %pushi/vec4 0, 0, 32;
    %cmp/s;
    %jmp/1xz T_8.1, 5;
    %jmp/1 T_8.1, 4;
    %pushi/vec4 1, 0, 32;
    %sub;
    %wait E_000001dd1f94afa0;
    %jmp T_8.0;
T_8.1 ;
    %pop/vec4 1;
    %pushi/vec4 1, 0, 1;
    %assign/vec4 v000001dd1f9a5980_0, 0;
    %wait E_000001dd1f94afa0;
T_8.2 ;
    %load/vec4 v000001dd1f9a4d00_0;
    %flag_set/vec4 10;
    %flag_get/vec4 10;
    %jmp/0 T_8.5, 10;
    %load/vec4 v000001dd1f9a5020_0;
    %and;
T_8.5;
    %flag_set/vec4 9;
    %flag_get/vec4 9;
    %jmp/0 T_8.4, 9;
    %load/vec4 v000001dd1f9a50c0_0;
    %and;
T_8.4;
    %nor/r;
    %flag_set/vec4 8;
    %jmp/0xz T_8.3, 8;
    %wait E_000001dd1f94afa0;
    %jmp T_8.2;
T_8.3 ;
    %pushi/vec4 10, 0, 32;
T_8.6 %dup/vec4;
    %pushi/vec4 0, 0, 32;
    %cmp/s;
    %jmp/1xz T_8.7, 5;
    %jmp/1 T_8.7, 4;
    %pushi/vec4 1, 0, 32;
    %sub;
    %wait E_000001dd1f94afa0;
    %jmp T_8.6;
T_8.7 ;
    %pop/vec4 1;
    %vpi_call 2 216 "$display", "=========================================" {0 0 0};
    %vpi_call 2 217 "$display", "  ENCODE edges seen:      %0d", v000001dd1f9a5340_0 {0 0 0};
    %vpi_call 2 218 "$display", "  sample_valid pulses:    %0d", v000001dd1f9a6030_0 {0 0 0};
    %vpi_call 2 219 "$display", "  OTR samples verified:   %0d (expected 3)", v000001dd1f9a5520_0 {0 0 0};
    %load/vec4 v000001dd1f9a5520_0;
    %cmpi/ne 3, 0, 32;
    %jmp/0xz  T_8.8, 6;
    %vpi_call 2 221 "$display", "FAIL: expected exactly 3 OTR-flagged samples, saw %0d", v000001dd1f9a5520_0 {0 0 0};
    %load/vec4 v000001dd1f9a5c00_0;
    %addi 1, 0, 32;
    %store/vec4 v000001dd1f9a5c00_0, 0, 32;
T_8.8 ;
    %load/vec4 v000001dd1f9a4d00_0;
    %nor/r;
    %flag_set/vec4 8;
    %jmp/0xz  T_8.10, 8;
    %vpi_call 2 225 "$display", "FAIL: never observed 0x800 midscale directed case" {0 0 0};
    %load/vec4 v000001dd1f9a5c00_0;
    %addi 1, 0, 32;
    %store/vec4 v000001dd1f9a5c00_0, 0, 32;
T_8.10 ;
    %load/vec4 v000001dd1f9a5020_0;
    %nor/r;
    %flag_set/vec4 8;
    %jmp/0xz  T_8.12, 8;
    %vpi_call 2 229 "$display", "FAIL: never observed 0xFFF +FS directed case" {0 0 0};
    %load/vec4 v000001dd1f9a5c00_0;
    %addi 1, 0, 32;
    %store/vec4 v000001dd1f9a5c00_0, 0, 32;
T_8.12 ;
    %load/vec4 v000001dd1f9a50c0_0;
    %nor/r;
    %flag_set/vec4 8;
    %jmp/0xz  T_8.14, 8;
    %vpi_call 2 233 "$display", "FAIL: never observed 0x000 -FS directed case" {0 0 0};
    %load/vec4 v000001dd1f9a5c00_0;
    %addi 1, 0, 32;
    %store/vec4 v000001dd1f9a5c00_0, 0, 32;
T_8.14 ;
    %load/vec4 v000001dd1f9a5c00_0;
    %cmpi/e 0, 0, 32;
    %jmp/0xz  T_8.16, 4;
    %vpi_call 2 237 "$display", "PASS: adc_interface ENCODE timing, MSB-flip + OTR alignment verified, no X/Z" {0 0 0};
    %jmp T_8.17;
T_8.16 ;
    %vpi_call 2 239 "$display", "FAIL: adc_interface had %0d error(s)", v000001dd1f9a5c00_0 {0 0 0};
T_8.17 ;
    %vpi_call 2 240 "$display", "SIMULATION COMPLETE" {0 0 0};
    %vpi_call 2 241 "$finish" {0 0 0};
    %end;
    .thread T_8;
    .scope S_000001dd1f923cf0;
T_9 ;
    %delay 705032704, 1;
    %vpi_call 2 247 "$display", "FAIL: testbench timeout" {0 0 0};
    %vpi_call 2 248 "$finish" {0 0 0};
    %end;
    .thread T_9;
# The file index is used to find the file name in the following table.
:file_names 4;
    "N/A";
    "<interactive>";
    "fpga/sim/tb_adc_interface.v";
    "fpga/src/adc_interface.v";
