#! /c/Source/iverilog-install/bin/vvp
:ivl_version "12.0 (devel)" "(s20150603-1539-g2693dd32b)";
:ivl_delay_selection "TYPICAL";
:vpi_time_precision - 12;
:vpi_module "C:\iverilog\lib\ivl\system.vpi";
:vpi_module "C:\iverilog\lib\ivl\vhdl_sys.vpi";
:vpi_module "C:\iverilog\lib\ivl\vhdl_textio.vpi";
:vpi_module "C:\iverilog\lib\ivl\v2005_math.vpi";
:vpi_module "C:\iverilog\lib\ivl\va_math.vpi";
S_0000017978a71880 .scope module, "tb_cic_decimator" "tb_cic_decimator" 2 14;
 .timescale -9 -12;
P_0000017978a73770 .param/l "DC_EXPECTED" 1 2 19, +C4<0001000000000000>;
P_0000017978a737a8 .param/l "DC_IN" 1 2 18, +C4<000100000000>;
P_0000017978a737e0 .param/l "DIN_PERIOD" 1 2 17, +C4<00000000000000000000000000001000>;
P_0000017978a73818 .param/l "R" 1 2 16, +C4<00000000000000000000000000001000>;
v0000017978ac93d0_0 .var "clk", 0 0;
v0000017978ac9150_0 .var/s "din", 11 0;
v0000017978ac8930_0 .var/i "din_pulses", 31 0;
v0000017978ac9470_0 .var/i "din_since_last_out", 31 0;
v0000017978ac9290_0 .var "din_valid", 0 0;
v0000017978ac8bb0_0 .net/s "dout", 15 0, v0000017978ac87f0_0;  1 drivers
v0000017978ac8c50_0 .var/i "dout_count", 31 0;
v0000017978ac8cf0_0 .net "dout_valid", 0 0, v0000017978ac8890_0;  1 drivers
v0000017978ac90b0_0 .var/i "errors", 31 0;
v0000017978ac8a70_0 .var/i "measured_R", 31 0;
v0000017978ac8d90_0 .var/i "rate_checks", 31 0;
v0000017978ac8f70_0 .var "rst_n", 0 0;
v0000017978ac91f0_0 .var/i "vcount", 31 0;
S_0000017978a73860 .scope module, "dut" "cic_decimator" 2 39, 3 21 0, S_0000017978a71880;
 .timescale -9 -12;
    .port_info 0 /INPUT 1 "clk";
    .port_info 1 /INPUT 1 "rst_n";
    .port_info 2 /INPUT 12 "din";
    .port_info 3 /INPUT 1 "din_valid";
    .port_info 4 /OUTPUT 16 "dout";
    .port_info 5 /OUTPUT 1 "dout_valid";
P_0000017978a49490 .param/l "R" 0 3 22, +C4<00000000000000000000000000001000>;
P_0000017978a494c8 .param/l "WIDTH" 0 3 23, +C4<00000000000000000000000000011100>;
v0000017978a507b0_0 .net *"_ivl_1", 0 0, L_0000017978ac9330;  1 drivers
v0000017978a739f0_0 .net *"_ivl_14", 22 0, L_0000017978aca650;  1 drivers
v0000017978a66950_0 .net *"_ivl_2", 15 0, L_0000017978ac9010;  1 drivers
v0000017978a669f0_0 .net/s "c1", 27 0, L_0000017978ac86b0;  1 drivers
v0000017978a66a90_0 .net/s "c2", 27 0, L_0000017978acaa10;  1 drivers
v0000017978a66b30_0 .net/s "c3", 27 0, L_0000017978aca8d0;  1 drivers
v0000017978a66bd0_0 .net/s "c3_shifted", 27 0, L_0000017978acb910;  1 drivers
v0000017978a66c70_0 .net "clk", 0 0, v0000017978ac93d0_0;  1 drivers
v0000017978a66d10_0 .var/s "comb1_d", 27 0;
v0000017978a22aa0_0 .var/s "comb2_d", 27 0;
v0000017978a22b40_0 .var/s "comb3_d", 27 0;
v0000017978a22be0_0 .var "dec_count", 2 0;
v0000017978a22c80_0 .var "decimate", 0 0;
v0000017978a22d20_0 .net/s "din", 11 0, v0000017978ac9150_0;  1 drivers
v0000017978ac8e30_0 .net/s "din_ext", 27 0, L_0000017978ac8610;  1 drivers
v0000017978ac8750_0 .net "din_valid", 0 0, v0000017978ac9290_0;  1 drivers
v0000017978ac87f0_0 .var/s "dout", 15 0;
v0000017978ac8890_0 .var "dout_valid", 0 0;
v0000017978ac9510_0 .var/s "int1", 27 0;
v0000017978ac8b10_0 .var/s "int2", 27 0;
v0000017978ac8ed0_0 .var/s "int3", 27 0;
v0000017978ac89d0_0 .net "rst_n", 0 0, v0000017978ac8f70_0;  1 drivers
E_0000017978a4f0c0 .event posedge, v0000017978a66c70_0;
L_0000017978ac9330 .part v0000017978ac9150_0, 11, 1;
LS_0000017978ac9010_0_0 .concat [ 1 1 1 1], L_0000017978ac9330, L_0000017978ac9330, L_0000017978ac9330, L_0000017978ac9330;
LS_0000017978ac9010_0_4 .concat [ 1 1 1 1], L_0000017978ac9330, L_0000017978ac9330, L_0000017978ac9330, L_0000017978ac9330;
LS_0000017978ac9010_0_8 .concat [ 1 1 1 1], L_0000017978ac9330, L_0000017978ac9330, L_0000017978ac9330, L_0000017978ac9330;
LS_0000017978ac9010_0_12 .concat [ 1 1 1 1], L_0000017978ac9330, L_0000017978ac9330, L_0000017978ac9330, L_0000017978ac9330;
L_0000017978ac9010 .concat [ 4 4 4 4], LS_0000017978ac9010_0_0, LS_0000017978ac9010_0_4, LS_0000017978ac9010_0_8, LS_0000017978ac9010_0_12;
L_0000017978ac8610 .concat [ 12 16 0 0], v0000017978ac9150_0, L_0000017978ac9010;
L_0000017978ac86b0 .arith/sub 28, v0000017978ac8ed0_0, v0000017978a66d10_0;
L_0000017978acaa10 .arith/sub 28, L_0000017978ac86b0, v0000017978a22aa0_0;
L_0000017978aca8d0 .arith/sub 28, L_0000017978acaa10, v0000017978a22b40_0;
L_0000017978aca650 .part L_0000017978aca8d0, 5, 23;
L_0000017978acb910 .extend/s 28, L_0000017978aca650;
    .scope S_0000017978a73860;
T_0 ;
    %wait E_0000017978a4f0c0;
    %load/vec4 v0000017978ac89d0_0;
    %nor/r;
    %flag_set/vec4 8;
    %jmp/0xz  T_0.0, 8;
    %pushi/vec4 0, 0, 28;
    %assign/vec4 v0000017978ac9510_0, 0;
    %pushi/vec4 0, 0, 28;
    %assign/vec4 v0000017978ac8b10_0, 0;
    %pushi/vec4 0, 0, 28;
    %assign/vec4 v0000017978ac8ed0_0, 0;
    %pushi/vec4 0, 0, 3;
    %assign/vec4 v0000017978a22be0_0, 0;
    %pushi/vec4 0, 0, 1;
    %assign/vec4 v0000017978a22c80_0, 0;
    %pushi/vec4 0, 0, 28;
    %assign/vec4 v0000017978a66d10_0, 0;
    %pushi/vec4 0, 0, 28;
    %assign/vec4 v0000017978a22aa0_0, 0;
    %pushi/vec4 0, 0, 28;
    %assign/vec4 v0000017978a22b40_0, 0;
    %pushi/vec4 0, 0, 16;
    %assign/vec4 v0000017978ac87f0_0, 0;
    %pushi/vec4 0, 0, 1;
    %assign/vec4 v0000017978ac8890_0, 0;
    %jmp T_0.1;
T_0.0 ;
    %pushi/vec4 0, 0, 1;
    %assign/vec4 v0000017978a22c80_0, 0;
    %pushi/vec4 0, 0, 1;
    %assign/vec4 v0000017978ac8890_0, 0;
    %load/vec4 v0000017978ac8750_0;
    %flag_set/vec4 8;
    %jmp/0xz  T_0.2, 8;
    %load/vec4 v0000017978ac9510_0;
    %load/vec4 v0000017978ac8e30_0;
    %add;
    %assign/vec4 v0000017978ac9510_0, 0;
    %load/vec4 v0000017978ac8b10_0;
    %load/vec4 v0000017978ac9510_0;
    %add;
    %assign/vec4 v0000017978ac8b10_0, 0;
    %load/vec4 v0000017978ac8ed0_0;
    %load/vec4 v0000017978ac8b10_0;
    %add;
    %assign/vec4 v0000017978ac8ed0_0, 0;
    %load/vec4 v0000017978a22be0_0;
    %pad/u 32;
    %cmpi/e 7, 0, 32;
    %jmp/0xz  T_0.4, 4;
    %pushi/vec4 0, 0, 3;
    %assign/vec4 v0000017978a22be0_0, 0;
    %pushi/vec4 1, 0, 1;
    %assign/vec4 v0000017978a22c80_0, 0;
    %jmp T_0.5;
T_0.4 ;
    %load/vec4 v0000017978a22be0_0;
    %addi 1, 0, 3;
    %assign/vec4 v0000017978a22be0_0, 0;
T_0.5 ;
T_0.2 ;
    %load/vec4 v0000017978a22c80_0;
    %flag_set/vec4 8;
    %jmp/0xz  T_0.6, 8;
    %load/vec4 v0000017978ac8ed0_0;
    %assign/vec4 v0000017978a66d10_0, 0;
    %load/vec4 v0000017978a669f0_0;
    %assign/vec4 v0000017978a22aa0_0, 0;
    %load/vec4 v0000017978a66a90_0;
    %assign/vec4 v0000017978a22b40_0, 0;
    %load/vec4 v0000017978a66bd0_0;
    %cmpi/s 32767, 0, 28;
    %flag_or 5, 4; GT is !LE
    %flag_inv 5;
    %flag_mov 8, 5;
    %jmp/0 T_0.8, 8;
    %pushi/vec4 32767, 0, 16;
    %jmp/1 T_0.9, 8;
T_0.8 ; End of true expr.
    %load/vec4 v0000017978a66bd0_0;
    %cmpi/s 268402688, 0, 28;
    %flag_mov 9, 5;
    %jmp/0 T_0.10, 9;
    %pushi/vec4 32768, 0, 16;
    %jmp/1 T_0.11, 9;
T_0.10 ; End of true expr.
    %load/vec4 v0000017978a66bd0_0;
    %parti/s 16, 0, 2;
    %jmp/0 T_0.11, 9;
 ; End of false expr.
    %blend;
T_0.11;
    %jmp/0 T_0.9, 8;
 ; End of false expr.
    %blend;
T_0.9;
    %assign/vec4 v0000017978ac87f0_0, 0;
    %pushi/vec4 1, 0, 1;
    %assign/vec4 v0000017978ac8890_0, 0;
T_0.6 ;
T_0.1 ;
    %jmp T_0;
    .thread T_0;
    .scope S_0000017978a71880;
T_1 ;
    %pushi/vec4 0, 0, 1;
    %store/vec4 v0000017978ac93d0_0, 0, 1;
    %end;
    .thread T_1;
    .scope S_0000017978a71880;
T_2 ;
    %delay 18519, 0;
    %load/vec4 v0000017978ac93d0_0;
    %inv;
    %store/vec4 v0000017978ac93d0_0, 0, 1;
    %jmp T_2;
    .thread T_2;
    .scope S_0000017978a71880;
T_3 ;
    %wait E_0000017978a4f0c0;
    %load/vec4 v0000017978ac8f70_0;
    %nor/r;
    %flag_set/vec4 8;
    %jmp/0xz  T_3.0, 8;
    %pushi/vec4 0, 0, 32;
    %assign/vec4 v0000017978ac91f0_0, 0;
    %pushi/vec4 0, 0, 1;
    %assign/vec4 v0000017978ac9290_0, 0;
    %jmp T_3.1;
T_3.0 ;
    %load/vec4 v0000017978ac91f0_0;
    %cmpi/e 7, 0, 32;
    %jmp/0xz  T_3.2, 4;
    %pushi/vec4 0, 0, 32;
    %assign/vec4 v0000017978ac91f0_0, 0;
    %pushi/vec4 1, 0, 1;
    %assign/vec4 v0000017978ac9290_0, 0;
    %jmp T_3.3;
T_3.2 ;
    %load/vec4 v0000017978ac91f0_0;
    %addi 1, 0, 32;
    %assign/vec4 v0000017978ac91f0_0, 0;
    %pushi/vec4 0, 0, 1;
    %assign/vec4 v0000017978ac9290_0, 0;
T_3.3 ;
T_3.1 ;
    %jmp T_3;
    .thread T_3;
    .scope S_0000017978a71880;
T_4 ;
    %wait E_0000017978a4f0c0;
    %load/vec4 v0000017978ac8f70_0;
    %flag_set/vec4 8;
    %jmp/0xz  T_4.0, 8;
    %load/vec4 v0000017978ac9290_0;
    %flag_set/vec4 8;
    %jmp/0xz  T_4.2, 8;
    %load/vec4 v0000017978ac8930_0;
    %addi 1, 0, 32;
    %store/vec4 v0000017978ac8930_0, 0, 32;
    %load/vec4 v0000017978ac9470_0;
    %addi 1, 0, 32;
    %store/vec4 v0000017978ac9470_0, 0, 32;
T_4.2 ;
    %load/vec4 v0000017978ac8cf0_0;
    %flag_set/vec4 8;
    %jmp/0xz  T_4.4, 8;
    %load/vec4 v0000017978ac8c50_0;
    %addi 1, 0, 32;
    %store/vec4 v0000017978ac8c50_0, 0, 32;
    %load/vec4 v0000017978ac8bb0_0;
    %xor/r;
    %cmpi/e 1, 1, 1;
    %jmp/0xz  T_4.6, 6;
    %vpi_call 2 83 "$display", "FAIL: dout has X/Z = %b at t=%0t", v0000017978ac8bb0_0, $time {0 0 0};
    %load/vec4 v0000017978ac90b0_0;
    %addi 1, 0, 32;
    %store/vec4 v0000017978ac90b0_0, 0, 32;
T_4.6 ;
    %load/vec4 v0000017978ac8c50_0;
    %cmpi/s 1, 0, 32;
    %flag_or 5, 4; GT is !LE
    %flag_inv 5;
    %jmp/0xz  T_4.8, 5;
    %load/vec4 v0000017978ac9470_0;
    %cmpi/ne 8, 0, 32;
    %jmp/0xz  T_4.10, 6;
    %vpi_call 2 91 "$display", "FAIL: decimation factor = %0d inputs/output, expected %0d (t=%0t)", v0000017978ac9470_0, P_0000017978a73818, $time {0 0 0};
    %load/vec4 v0000017978ac90b0_0;
    %addi 1, 0, 32;
    %store/vec4 v0000017978ac90b0_0, 0, 32;
    %jmp T_4.11;
T_4.10 ;
    %load/vec4 v0000017978ac9470_0;
    %store/vec4 v0000017978ac8a70_0, 0, 32;
    %load/vec4 v0000017978ac8d90_0;
    %addi 1, 0, 32;
    %store/vec4 v0000017978ac8d90_0, 0, 32;
T_4.11 ;
T_4.8 ;
    %pushi/vec4 0, 0, 32;
    %store/vec4 v0000017978ac9470_0, 0, 32;
T_4.4 ;
T_4.0 ;
    %jmp T_4;
    .thread T_4;
    .scope S_0000017978a71880;
T_5 ;
    %pushi/vec4 0, 0, 32;
    %store/vec4 v0000017978ac90b0_0, 0, 32;
    %pushi/vec4 0, 0, 32;
    %store/vec4 v0000017978ac8930_0, 0, 32;
    %pushi/vec4 0, 0, 32;
    %store/vec4 v0000017978ac9470_0, 0, 32;
    %pushi/vec4 0, 0, 32;
    %store/vec4 v0000017978ac8c50_0, 0, 32;
    %pushi/vec4 0, 0, 32;
    %store/vec4 v0000017978ac8a70_0, 0, 32;
    %pushi/vec4 0, 0, 32;
    %store/vec4 v0000017978ac8d90_0, 0, 32;
    %pushi/vec4 0, 0, 1;
    %store/vec4 v0000017978ac8f70_0, 0, 1;
    %pushi/vec4 256, 0, 12;
    %store/vec4 v0000017978ac9150_0, 0, 12;
    %pushi/vec4 0, 0, 1;
    %store/vec4 v0000017978ac9290_0, 0, 1;
    %pushi/vec4 10, 0, 32;
T_5.0 %dup/vec4;
    %pushi/vec4 0, 0, 32;
    %cmp/s;
    %jmp/1xz T_5.1, 5;
    %jmp/1 T_5.1, 4;
    %pushi/vec4 1, 0, 32;
    %sub;
    %wait E_0000017978a4f0c0;
    %jmp T_5.0;
T_5.1 ;
    %pop/vec4 1;
    %pushi/vec4 1, 0, 1;
    %assign/vec4 v0000017978ac8f70_0, 0;
    %pushi/vec4 2560, 0, 32;
T_5.2 %dup/vec4;
    %pushi/vec4 0, 0, 32;
    %cmp/s;
    %jmp/1xz T_5.3, 5;
    %jmp/1 T_5.3, 4;
    %pushi/vec4 1, 0, 32;
    %sub;
    %wait E_0000017978a4f0c0;
    %jmp T_5.2;
T_5.3 ;
    %pop/vec4 1;
    %load/vec4 v0000017978ac8bb0_0;
    %cmpi/e 4096, 0, 16;
    %jmp/0xz  T_5.4, 6;
    %vpi_call 2 127 "$display", "  ok: FIX-B2 shift=5 verified \342\200\224 DC dout=0x%04h == expected 0x%04h (256*512>>>5=4096)", v0000017978ac8bb0_0, P_0000017978a73770 {0 0 0};
    %jmp T_5.5;
T_5.4 ;
    %vpi_call 2 130 "$display", "FAIL: DC test dout=0x%04h, expected 0x%04h", v0000017978ac8bb0_0, P_0000017978a73770 {0 0 0};
    %load/vec4 v0000017978ac90b0_0;
    %addi 1, 0, 32;
    %store/vec4 v0000017978ac90b0_0, 0, 32;
T_5.5 ;
    %vpi_call 2 134 "$display", "  measured decimation factor R = %0d (over %0d output intervals)", v0000017978ac8a70_0, v0000017978ac8d90_0 {0 0 0};
    %load/vec4 v0000017978ac8a70_0;
    %cmpi/ne 8, 0, 32;
    %jmp/0xz  T_5.6, 6;
    %vpi_call 2 137 "$display", "FAIL: measured decimation factor %0d != %0d", v0000017978ac8a70_0, P_0000017978a73818 {0 0 0};
    %load/vec4 v0000017978ac90b0_0;
    %addi 1, 0, 32;
    %store/vec4 v0000017978ac90b0_0, 0, 32;
T_5.6 ;
    %load/vec4 v0000017978ac8d90_0;
    %cmpi/s 5, 0, 32;
    %jmp/0xz  T_5.8, 5;
    %vpi_call 2 141 "$display", "FAIL: too few rate checks (%0d) \342\200\224 did the filter produce output?", v0000017978ac8d90_0 {0 0 0};
    %load/vec4 v0000017978ac90b0_0;
    %addi 1, 0, 32;
    %store/vec4 v0000017978ac90b0_0, 0, 32;
T_5.8 ;
    %vpi_call 2 145 "$display", "  totals: din_pulses=%0d dout_count=%0d", v0000017978ac8930_0, v0000017978ac8c50_0 {0 0 0};
    %vpi_call 2 147 "$display", "=========================================" {0 0 0};
    %load/vec4 v0000017978ac90b0_0;
    %cmpi/e 0, 0, 32;
    %jmp/0xz  T_5.10, 4;
    %vpi_call 2 149 "$display", "PASS: cic_decimator DC gain, decimation rate verified, no X/Z" {0 0 0};
    %jmp T_5.11;
T_5.10 ;
    %vpi_call 2 151 "$display", "FAIL: cic_decimator had %0d error(s)", v0000017978ac90b0_0 {0 0 0};
T_5.11 ;
    %vpi_call 2 152 "$display", "SIMULATION COMPLETE" {0 0 0};
    %vpi_call 2 153 "$finish" {0 0 0};
    %end;
    .thread T_5;
    .scope S_0000017978a71880;
T_6 ;
    %delay 705032704, 1;
    %vpi_call 2 159 "$display", "FAIL: testbench timeout" {0 0 0};
    %vpi_call 2 160 "$finish" {0 0 0};
    %end;
    .thread T_6;
# The file index is used to find the file name in the following table.
:file_names 4;
    "N/A";
    "<interactive>";
    "fpga/sim/tb_cic_decimator.v";
    "fpga/src/cic_decimator.v";
