#! /c/Source/iverilog-install/bin/vvp
:ivl_version "12.0 (devel)" "(s20150603-1539-g2693dd32b)";
:ivl_delay_selection "TYPICAL";
:vpi_time_precision - 12;
:vpi_module "C:\iverilog\lib\ivl\system.vpi";
:vpi_module "C:\iverilog\lib\ivl\vhdl_sys.vpi";
:vpi_module "C:\iverilog\lib\ivl\vhdl_textio.vpi";
:vpi_module "C:\iverilog\lib\ivl\v2005_math.vpi";
:vpi_module "C:\iverilog\lib\ivl\va_math.vpi";
S_000001d6e823d4c0 .scope module, "tb_fir_filter_bank1" "tb_fir_filter_bank1" 2 18;
 .timescale -9 -12;
P_000001d6e8203440 .param/l "DIN_PERIOD" 1 2 20, +C4<00000000000000000000000001000000>;
P_000001d6e8203478 .param/real "FS" 1 2 21, Cr<m66ff300000000000gfd4>; value=421875.
P_000001d6e82034b0 .param/real "PI" 1 2 22, Cr<m6487ed5110b46000gfc3>; value=3.14159
v000001d6e82982b0_0 .var/real "atten_db", 0 0;
v000001d6e8298cb0_0 .var "clk", 0 0;
v000001d6e82992f0_0 .var/s "din", 15 0;
v000001d6e8297e50_0 .var/i "din_count", 31 0;
v000001d6e8298170_0 .var "din_valid", 0 0;
v000001d6e8298d50_0 .net/s "dout", 15 0, v000001d6e8237920_0;  1 drivers
v000001d6e8297b30_0 .var/i "dout_count", 31 0;
v000001d6e8297bd0_0 .net "dout_valid", 0 0, v000001d6e82379c0_0;  1 drivers
v000001d6e8298670_0 .var/i "errors", 31 0;
v000001d6e8298210_0 .var/i "meas_peak", 31 0;
v000001d6e8298030_0 .var/i "pass_peak", 31 0;
v000001d6e8298350_0 .var/real "phase", 0 0;
v000001d6e82983f0_0 .var "rst_n", 0 0;
v000001d6e8298df0_0 .var/i "sample_idx", 31 0;
v000001d6e8298850_0 .var/i "stop_peak", 31 0;
v000001d6e82974f0_0 .var "test_freq", 31 0;
v000001d6e8297ef0_0 .var/i "vcount", 31 0;
v000001d6e8299070_0 .var/i "xz_fails", 31 0;
E_000001d6e82350c0 .event anyedge, v000001d6e82974f0_0, v000001d6e8298df0_0, v000001d6e8298350_0;
S_000001d6e8241740 .scope module, "dut" "fir_filter_bank1" 2 40, 3 41 0, S_000001d6e823d4c0;
 .timescale -9 -12;
    .port_info 0 /INPUT 1 "clk";
    .port_info 1 /INPUT 1 "rst_n";
    .port_info 2 /INPUT 16 "din";
    .port_info 3 /INPUT 1 "din_valid";
    .port_info 4 /OUTPUT 16 "dout";
    .port_info 5 /OUTPUT 1 "dout_valid";
P_000001d6e8204530 .param/l "ACCW" 0 3 43, +C4<00000000000000000000000000100110>;
P_000001d6e8204568 .param/l "N" 0 3 42, +C4<00000000000000000000000000100000>;
P_000001d6e82045a0 .param/l "SAT_MAX" 1 3 99, +C4<00000000000000000000000111111111111111>;
P_000001d6e82045d8 .param/l "SAT_MIN" 1 3 100, +C4<11111111111111111111111000000000000000>;
P_000001d6e8204610 .param/l "ST_DRAIN" 1 3 86, C4<10>;
P_000001d6e8204648 .param/l "ST_IDLE" 1 3 84, C4<00>;
P_000001d6e8204680 .param/l "ST_LOAD" 1 3 85, C4<01>;
v000001d6e8237ec0_0 .net *"_ivl_2", 22 0, L_000001d6e8298530;  1 drivers
v000001d6e8237ba0_0 .net *"_ivl_5", 0 0, L_000001d6e8297a90;  1 drivers
v000001d6e8237a60_0 .net *"_ivl_6", 5 0, L_000001d6e82985d0;  1 drivers
v000001d6e82377e0_0 .var/s "acc", 37 0;
v000001d6e8237c40_0 .var "acc_cnt", 5 0;
v000001d6e8237880_0 .net/s "acc_q15", 37 0, L_000001d6e82978b0;  1 drivers
v000001d6e8237ce0_0 .net "clk", 0 0, v000001d6e8298cb0_0;  1 drivers
v000001d6e8237d80 .array/s "coeff", 31 0, 15 0;
v000001d6e8237b00_0 .net/s "din", 15 0, v000001d6e82992f0_0;  1 drivers
v000001d6e8237e20_0 .net "din_valid", 0 0, v000001d6e8298170_0;  1 drivers
v000001d6e8237920_0 .var/s "dout", 15 0;
v000001d6e82379c0_0 .var "dout_valid", 0 0;
v000001d6e8298b70_0 .var "idx", 5 0;
v000001d6e8298fd0_0 .var/i "k", 31 0;
v000001d6e8299250_0 .var/s "mul_a", 15 0;
v000001d6e8299390_0 .var/s "mul_b", 15 0;
v000001d6e82980d0_0 .var/s "prod", 31 0;
v000001d6e8297d10_0 .net/s "prod_ext", 37 0, L_000001d6e8298f30;  1 drivers
v000001d6e8297db0_0 .var "prod_pend", 0 0;
v000001d6e8297f90_0 .net "rst_n", 0 0, v000001d6e82983f0_0;  1 drivers
v000001d6e8298490 .array/s "shift", 31 0, 15 0;
v000001d6e8298c10_0 .var "state", 1 0;
E_000001d6e8234fc0 .event posedge, v000001d6e8237ce0_0;
L_000001d6e8298530 .part v000001d6e82377e0_0, 15, 23;
L_000001d6e82978b0 .extend/s 38, L_000001d6e8298530;
L_000001d6e8297a90 .part v000001d6e82980d0_0, 31, 1;
LS_000001d6e82985d0_0_0 .concat [ 1 1 1 1], L_000001d6e8297a90, L_000001d6e8297a90, L_000001d6e8297a90, L_000001d6e8297a90;
LS_000001d6e82985d0_0_4 .concat [ 1 1 0 0], L_000001d6e8297a90, L_000001d6e8297a90;
L_000001d6e82985d0 .concat [ 4 2 0 0], LS_000001d6e82985d0_0_0, LS_000001d6e82985d0_0_4;
L_000001d6e8298f30 .concat [ 32 6 0 0], v000001d6e82980d0_0, L_000001d6e82985d0;
S_000001d6e82046c0 .scope task, "run_tone" "run_tone" 2 110, 2 110 0, S_000001d6e823d4c0;
 .timescale -9 -12;
v000001d6e8298e90_0 .var "f", 31 0;
v000001d6e82987b0_0 .var/i "n_samples", 31 0;
v000001d6e8297c70_0 .var/i "start_out", 31 0;
TD_tb_fir_filter_bank1.run_tone ;
    %load/vec4 v000001d6e8298e90_0;
    %store/vec4 v000001d6e82974f0_0, 0, 32;
    %pushi/vec4 0, 0, 32;
    %store/vec4 v000001d6e8298210_0, 0, 32;
    %load/vec4 v000001d6e8297b30_0;
    %store/vec4 v000001d6e8297c70_0, 0, 32;
T_0.0 ;
    %load/vec4 v000001d6e8297b30_0;
    %load/vec4 v000001d6e8297c70_0;
    %load/vec4 v000001d6e82987b0_0;
    %add;
    %cmp/s;
    %jmp/0xz T_0.1, 5;
    %wait E_000001d6e8234fc0;
    %jmp T_0.0;
T_0.1 ;
    %end;
    .scope S_000001d6e8241740;
T_1 ;
    %pushi/vec4 65515, 0, 16;
    %ix/load 4, 0, 0;
    %flag_set/imm 4, 0;
    %store/vec4a v000001d6e8237d80, 4, 0;
    %pushi/vec4 4, 0, 16;
    %ix/load 4, 1, 0;
    %flag_set/imm 4, 0;
    %store/vec4a v000001d6e8237d80, 4, 0;
    %pushi/vec4 41, 0, 16;
    %ix/load 4, 2, 0;
    %flag_set/imm 4, 0;
    %store/vec4a v000001d6e8237d80, 4, 0;
    %pushi/vec4 90, 0, 16;
    %ix/load 4, 3, 0;
    %flag_set/imm 4, 0;
    %store/vec4a v000001d6e8237d80, 4, 0;
    %pushi/vec4 135, 0, 16;
    %ix/load 4, 4, 0;
    %flag_set/imm 4, 0;
    %store/vec4a v000001d6e8237d80, 4, 0;
    %pushi/vec4 144, 0, 16;
    %ix/load 4, 5, 0;
    %flag_set/imm 4, 0;
    %store/vec4a v000001d6e8237d80, 4, 0;
    %pushi/vec4 87, 0, 16;
    %ix/load 4, 6, 0;
    %flag_set/imm 4, 0;
    %store/vec4a v000001d6e8237d80, 4, 0;
    %pushi/vec4 65491, 0, 16;
    %ix/load 4, 7, 0;
    %flag_set/imm 4, 0;
    %store/vec4a v000001d6e8237d80, 4, 0;
    %pushi/vec4 65315, 0, 16;
    %ix/load 4, 8, 0;
    %flag_set/imm 4, 0;
    %store/vec4a v000001d6e8237d80, 4, 0;
    %pushi/vec4 65155, 0, 16;
    %ix/load 4, 9, 0;
    %flag_set/imm 4, 0;
    %store/vec4a v000001d6e8237d80, 4, 0;
    %pushi/vec4 65085, 0, 16;
    %ix/load 4, 10, 0;
    %flag_set/imm 4, 0;
    %store/vec4a v000001d6e8237d80, 4, 0;
    %pushi/vec4 65156, 0, 16;
    %ix/load 4, 11, 0;
    %flag_set/imm 4, 0;
    %store/vec4a v000001d6e8237d80, 4, 0;
    %pushi/vec4 65370, 0, 16;
    %ix/load 4, 12, 0;
    %flag_set/imm 4, 0;
    %store/vec4a v000001d6e8237d80, 4, 0;
    %pushi/vec4 134, 0, 16;
    %ix/load 4, 13, 0;
    %flag_set/imm 4, 0;
    %store/vec4a v000001d6e8237d80, 4, 0;
    %pushi/vec4 422, 0, 16;
    %ix/load 4, 14, 0;
    %flag_set/imm 4, 0;
    %store/vec4a v000001d6e8237d80, 4, 0;
    %pushi/vec4 598, 0, 16;
    %ix/load 4, 15, 0;
    %flag_set/imm 4, 0;
    %store/vec4a v000001d6e8237d80, 4, 0;
    %pushi/vec4 598, 0, 16;
    %ix/load 4, 16, 0;
    %flag_set/imm 4, 0;
    %store/vec4a v000001d6e8237d80, 4, 0;
    %pushi/vec4 422, 0, 16;
    %ix/load 4, 17, 0;
    %flag_set/imm 4, 0;
    %store/vec4a v000001d6e8237d80, 4, 0;
    %pushi/vec4 134, 0, 16;
    %ix/load 4, 18, 0;
    %flag_set/imm 4, 0;
    %store/vec4a v000001d6e8237d80, 4, 0;
    %pushi/vec4 65370, 0, 16;
    %ix/load 4, 19, 0;
    %flag_set/imm 4, 0;
    %store/vec4a v000001d6e8237d80, 4, 0;
    %pushi/vec4 65156, 0, 16;
    %ix/load 4, 20, 0;
    %flag_set/imm 4, 0;
    %store/vec4a v000001d6e8237d80, 4, 0;
    %pushi/vec4 65085, 0, 16;
    %ix/load 4, 21, 0;
    %flag_set/imm 4, 0;
    %store/vec4a v000001d6e8237d80, 4, 0;
    %pushi/vec4 65155, 0, 16;
    %ix/load 4, 22, 0;
    %flag_set/imm 4, 0;
    %store/vec4a v000001d6e8237d80, 4, 0;
    %pushi/vec4 65315, 0, 16;
    %ix/load 4, 23, 0;
    %flag_set/imm 4, 0;
    %store/vec4a v000001d6e8237d80, 4, 0;
    %pushi/vec4 65491, 0, 16;
    %ix/load 4, 24, 0;
    %flag_set/imm 4, 0;
    %store/vec4a v000001d6e8237d80, 4, 0;
    %pushi/vec4 87, 0, 16;
    %ix/load 4, 25, 0;
    %flag_set/imm 4, 0;
    %store/vec4a v000001d6e8237d80, 4, 0;
    %pushi/vec4 144, 0, 16;
    %ix/load 4, 26, 0;
    %flag_set/imm 4, 0;
    %store/vec4a v000001d6e8237d80, 4, 0;
    %pushi/vec4 135, 0, 16;
    %ix/load 4, 27, 0;
    %flag_set/imm 4, 0;
    %store/vec4a v000001d6e8237d80, 4, 0;
    %pushi/vec4 90, 0, 16;
    %ix/load 4, 28, 0;
    %flag_set/imm 4, 0;
    %store/vec4a v000001d6e8237d80, 4, 0;
    %pushi/vec4 41, 0, 16;
    %ix/load 4, 29, 0;
    %flag_set/imm 4, 0;
    %store/vec4a v000001d6e8237d80, 4, 0;
    %pushi/vec4 4, 0, 16;
    %ix/load 4, 30, 0;
    %flag_set/imm 4, 0;
    %store/vec4a v000001d6e8237d80, 4, 0;
    %pushi/vec4 65515, 0, 16;
    %ix/load 4, 31, 0;
    %flag_set/imm 4, 0;
    %store/vec4a v000001d6e8237d80, 4, 0;
    %end;
    .thread T_1;
    .scope S_000001d6e8241740;
T_2 ;
    %wait E_000001d6e8234fc0;
    %load/vec4 v000001d6e8297f90_0;
    %nor/r;
    %flag_set/vec4 8;
    %jmp/0xz  T_2.0, 8;
    %pushi/vec4 0, 0, 2;
    %assign/vec4 v000001d6e8298c10_0, 0;
    %pushi/vec4 0, 0, 6;
    %assign/vec4 v000001d6e8298b70_0, 0;
    %pushi/vec4 0, 0, 6;
    %assign/vec4 v000001d6e8237c40_0, 0;
    %pushi/vec4 0, 0, 38;
    %assign/vec4 v000001d6e82377e0_0, 0;
    %pushi/vec4 0, 0, 16;
    %assign/vec4 v000001d6e8299250_0, 0;
    %pushi/vec4 0, 0, 16;
    %assign/vec4 v000001d6e8299390_0, 0;
    %pushi/vec4 0, 0, 32;
    %assign/vec4 v000001d6e82980d0_0, 0;
    %pushi/vec4 0, 0, 1;
    %assign/vec4 v000001d6e8297db0_0, 0;
    %pushi/vec4 0, 0, 16;
    %assign/vec4 v000001d6e8237920_0, 0;
    %pushi/vec4 0, 0, 1;
    %assign/vec4 v000001d6e82379c0_0, 0;
    %pushi/vec4 0, 0, 32;
    %store/vec4 v000001d6e8298fd0_0, 0, 32;
T_2.2 ;
    %load/vec4 v000001d6e8298fd0_0;
    %cmpi/s 32, 0, 32;
    %jmp/0xz T_2.3, 5;
    %pushi/vec4 0, 0, 16;
    %ix/getv/s 3, v000001d6e8298fd0_0;
    %ix/load 4, 0, 0; Constant delay
    %assign/vec4/a/d v000001d6e8298490, 0, 4;
    %load/vec4 v000001d6e8298fd0_0;
    %addi 1, 0, 32;
    %store/vec4 v000001d6e8298fd0_0, 0, 32;
    %jmp T_2.2;
T_2.3 ;
    %jmp T_2.1;
T_2.0 ;
    %pushi/vec4 0, 0, 1;
    %assign/vec4 v000001d6e82379c0_0, 0;
    %load/vec4 v000001d6e8299250_0;
    %pad/s 32;
    %load/vec4 v000001d6e8299390_0;
    %pad/s 32;
    %mul;
    %assign/vec4 v000001d6e82980d0_0, 0;
    %load/vec4 v000001d6e8297db0_0;
    %flag_set/vec4 8;
    %jmp/0xz  T_2.4, 8;
    %load/vec4 v000001d6e82377e0_0;
    %load/vec4 v000001d6e8297d10_0;
    %add;
    %assign/vec4 v000001d6e82377e0_0, 0;
    %load/vec4 v000001d6e8237c40_0;
    %addi 1, 0, 6;
    %assign/vec4 v000001d6e8237c40_0, 0;
T_2.4 ;
    %pushi/vec4 0, 0, 1;
    %assign/vec4 v000001d6e8297db0_0, 0;
    %load/vec4 v000001d6e8298c10_0;
    %dup/vec4;
    %pushi/vec4 0, 0, 2;
    %cmp/u;
    %jmp/1 T_2.6, 6;
    %dup/vec4;
    %pushi/vec4 1, 0, 2;
    %cmp/u;
    %jmp/1 T_2.7, 6;
    %dup/vec4;
    %pushi/vec4 2, 0, 2;
    %cmp/u;
    %jmp/1 T_2.8, 6;
    %pushi/vec4 0, 0, 2;
    %assign/vec4 v000001d6e8298c10_0, 0;
    %jmp T_2.10;
T_2.6 ;
    %load/vec4 v000001d6e8237e20_0;
    %flag_set/vec4 8;
    %jmp/0xz  T_2.11, 8;
    %load/vec4 v000001d6e8237b00_0;
    %ix/load 3, 0, 0;
    %flag_set/imm 4, 0;
    %ix/load 4, 0, 0; Constant delay
    %assign/vec4/a/d v000001d6e8298490, 0, 4;
    %pushi/vec4 1, 0, 32;
    %store/vec4 v000001d6e8298fd0_0, 0, 32;
T_2.13 ;
    %load/vec4 v000001d6e8298fd0_0;
    %cmpi/s 32, 0, 32;
    %jmp/0xz T_2.14, 5;
    %load/vec4 v000001d6e8298fd0_0;
    %subi 1, 0, 32;
    %ix/vec4/s 4;
    %load/vec4a v000001d6e8298490, 4;
    %ix/getv/s 3, v000001d6e8298fd0_0;
    %ix/load 4, 0, 0; Constant delay
    %assign/vec4/a/d v000001d6e8298490, 0, 4;
    %load/vec4 v000001d6e8298fd0_0;
    %addi 1, 0, 32;
    %store/vec4 v000001d6e8298fd0_0, 0, 32;
    %jmp T_2.13;
T_2.14 ;
    %pushi/vec4 0, 0, 38;
    %assign/vec4 v000001d6e82377e0_0, 0;
    %pushi/vec4 0, 0, 6;
    %assign/vec4 v000001d6e8237c40_0, 0;
    %load/vec4 v000001d6e8237b00_0;
    %assign/vec4 v000001d6e8299250_0, 0;
    %ix/load 4, 0, 0;
    %flag_set/imm 4, 0;
    %load/vec4a v000001d6e8237d80, 4;
    %assign/vec4 v000001d6e8299390_0, 0;
    %pushi/vec4 1, 0, 1;
    %assign/vec4 v000001d6e8297db0_0, 0;
    %pushi/vec4 1, 0, 6;
    %assign/vec4 v000001d6e8298b70_0, 0;
    %pushi/vec4 1, 0, 2;
    %assign/vec4 v000001d6e8298c10_0, 0;
T_2.11 ;
    %jmp T_2.10;
T_2.7 ;
    %load/vec4 v000001d6e8298b70_0;
    %pad/u 32;
    %cmpi/u 32, 0, 32;
    %jmp/0xz  T_2.15, 5;
    %load/vec4 v000001d6e8298b70_0;
    %pad/u 7;
    %ix/vec4 4;
    %load/vec4a v000001d6e8298490, 4;
    %assign/vec4 v000001d6e8299250_0, 0;
    %load/vec4 v000001d6e8298b70_0;
    %pad/u 7;
    %ix/vec4 4;
    %load/vec4a v000001d6e8237d80, 4;
    %assign/vec4 v000001d6e8299390_0, 0;
    %pushi/vec4 1, 0, 1;
    %assign/vec4 v000001d6e8297db0_0, 0;
    %load/vec4 v000001d6e8298b70_0;
    %addi 1, 0, 6;
    %assign/vec4 v000001d6e8298b70_0, 0;
    %jmp T_2.16;
T_2.15 ;
    %pushi/vec4 2, 0, 2;
    %assign/vec4 v000001d6e8298c10_0, 0;
T_2.16 ;
    %jmp T_2.10;
T_2.8 ;
    %load/vec4 v000001d6e8237c40_0;
    %pad/u 32;
    %cmpi/e 32, 0, 32;
    %jmp/0xz  T_2.17, 4;
    %load/vec4 v000001d6e8237880_0;
    %cmpi/s 32767, 0, 38;
    %flag_or 5, 4; GT is !LE
    %flag_inv 5;
    %jmp/0xz  T_2.19, 5;
    %pushi/vec4 32767, 0, 16;
    %assign/vec4 v000001d6e8237920_0, 0;
    %jmp T_2.20;
T_2.19 ;
    %load/vec4 v000001d6e8237880_0;
    %pushi/vec4 4294966784, 0, 32;
    %concati/vec4 0, 0, 6;
    %cmp/s;
    %jmp/0xz  T_2.21, 5;
    %pushi/vec4 32768, 0, 16;
    %assign/vec4 v000001d6e8237920_0, 0;
    %jmp T_2.22;
T_2.21 ;
    %load/vec4 v000001d6e8237880_0;
    %parti/s 16, 0, 2;
    %assign/vec4 v000001d6e8237920_0, 0;
T_2.22 ;
T_2.20 ;
    %pushi/vec4 1, 0, 1;
    %assign/vec4 v000001d6e82379c0_0, 0;
    %pushi/vec4 0, 0, 2;
    %assign/vec4 v000001d6e8298c10_0, 0;
T_2.17 ;
    %jmp T_2.10;
T_2.10 ;
    %pop/vec4 1;
T_2.1 ;
    %jmp T_2;
    .thread T_2;
    .scope S_000001d6e823d4c0;
T_3 ;
    %pushi/vec4 0, 0, 1;
    %store/vec4 v000001d6e8298cb0_0, 0, 1;
    %end;
    .thread T_3;
    .scope S_000001d6e823d4c0;
T_4 ;
    %delay 18519, 0;
    %load/vec4 v000001d6e8298cb0_0;
    %inv;
    %store/vec4 v000001d6e8298cb0_0, 0, 1;
    %jmp T_4;
    .thread T_4;
    .scope S_000001d6e823d4c0;
T_5 ;
    %wait E_000001d6e8234fc0;
    %load/vec4 v000001d6e82983f0_0;
    %nor/r;
    %flag_set/vec4 8;
    %jmp/0xz  T_5.0, 8;
    %pushi/vec4 0, 0, 32;
    %assign/vec4 v000001d6e8297ef0_0, 0;
    %pushi/vec4 0, 0, 1;
    %assign/vec4 v000001d6e8298170_0, 0;
    %pushi/vec4 0, 0, 32;
    %assign/vec4 v000001d6e8298df0_0, 0;
    %jmp T_5.1;
T_5.0 ;
    %load/vec4 v000001d6e8297ef0_0;
    %cmpi/e 63, 0, 32;
    %jmp/0xz  T_5.2, 4;
    %pushi/vec4 0, 0, 32;
    %assign/vec4 v000001d6e8297ef0_0, 0;
    %pushi/vec4 1, 0, 1;
    %assign/vec4 v000001d6e8298170_0, 0;
    %load/vec4 v000001d6e8298df0_0;
    %addi 1, 0, 32;
    %assign/vec4 v000001d6e8298df0_0, 0;
    %jmp T_5.3;
T_5.2 ;
    %load/vec4 v000001d6e8297ef0_0;
    %addi 1, 0, 32;
    %assign/vec4 v000001d6e8297ef0_0, 0;
    %pushi/vec4 0, 0, 1;
    %assign/vec4 v000001d6e8298170_0, 0;
T_5.3 ;
T_5.1 ;
    %jmp T_5;
    .thread T_5;
    .scope S_000001d6e823d4c0;
T_6 ;
    %wait E_000001d6e82350c0;
    %pushi/real 1686629713, 4068; load=6.28319
    %pushi/real 273688, 4046; load=6.28319
    %add/wr;
    %load/vec4 v000001d6e82974f0_0;
    %cvt/rv;
    %mul/wr;
    %load/vec4 v000001d6e8298df0_0;
    %cvt/rv/s;
    %mul/wr;
    %pushi/real 1728000000, 4084; load=421875.
    %div/wr;
    %store/real v000001d6e8298350_0;
    %pushi/real 1966080000, 4080; load=30000.0
    %vpi_func/r 2 78 "$sin", v000001d6e8298350_0 {0 0 0};
    %mul/wr;
    %vpi_func 2 78 "$rtoi" 32, W<0,r> {0 1 0};
    %pad/s 16;
    %store/vec4 v000001d6e82992f0_0, 0, 16;
    %jmp T_6;
    .thread T_6, $push;
    .scope S_000001d6e823d4c0;
T_7 ;
    %wait E_000001d6e8234fc0;
    %load/vec4 v000001d6e82983f0_0;
    %flag_set/vec4 8;
    %jmp/0xz  T_7.0, 8;
    %load/vec4 v000001d6e8298170_0;
    %flag_set/vec4 8;
    %jmp/0xz  T_7.2, 8;
    %load/vec4 v000001d6e8297e50_0;
    %addi 1, 0, 32;
    %store/vec4 v000001d6e8297e50_0, 0, 32;
T_7.2 ;
    %load/vec4 v000001d6e8297bd0_0;
    %flag_set/vec4 8;
    %jmp/0xz  T_7.4, 8;
    %load/vec4 v000001d6e8297b30_0;
    %addi 1, 0, 32;
    %store/vec4 v000001d6e8297b30_0, 0, 32;
    %load/vec4 v000001d6e8298d50_0;
    %xor/r;
    %cmpi/e 1, 1, 1;
    %jmp/0xz  T_7.6, 6;
    %vpi_call 2 91 "$display", "FAIL: dout X/Z = %b at t=%0t", v000001d6e8298d50_0, $time {0 0 0};
    %load/vec4 v000001d6e8299070_0;
    %addi 1, 0, 32;
    %store/vec4 v000001d6e8299070_0, 0, 32;
T_7.6 ;
    %load/vec4 v000001d6e8297b30_0;
    %cmpi/s 36, 0, 32;
    %flag_or 5, 4; GT is !LE
    %flag_inv 5;
    %jmp/0xz  T_7.8, 5;
    %load/vec4 v000001d6e8298d50_0;
    %pad/s 32;
    %cmpi/s 0, 0, 32;
    %flag_inv 5; GE is !LT
    %flag_get/vec4 5;
    %jmp/0 T_7.12, 5;
    %load/vec4 v000001d6e8298210_0;
    %load/vec4 v000001d6e8298d50_0;
    %pad/s 32;
    %cmp/s;
    %flag_get/vec4 5;
    %and;
T_7.12;
    %flag_set/vec4 8;
    %jmp/0xz  T_7.10, 8;
    %load/vec4 v000001d6e8298d50_0;
    %pad/s 32;
    %store/vec4 v000001d6e8298210_0, 0, 32;
T_7.10 ;
    %load/vec4 v000001d6e8298d50_0;
    %pad/s 32;
    %cmpi/s 0, 0, 32;
    %flag_get/vec4 5;
    %jmp/0 T_7.15, 5;
    %load/vec4 v000001d6e8298210_0;
    %load/vec4 v000001d6e8298d50_0;
    %pad/s 32;
    %inv;
    %pushi/vec4 1, 0, 32;
    %add;
    %cmp/s;
    %flag_get/vec4 5;
    %and;
T_7.15;
    %flag_set/vec4 8;
    %jmp/0xz  T_7.13, 8;
    %load/vec4 v000001d6e8298d50_0;
    %pad/s 32;
    %inv;
    %pushi/vec4 1, 0, 32;
    %add;
    %store/vec4 v000001d6e8298210_0, 0, 32;
T_7.13 ;
T_7.8 ;
T_7.4 ;
T_7.0 ;
    %jmp T_7;
    .thread T_7;
    .scope S_000001d6e823d4c0;
T_8 ;
    %pushi/vec4 0, 0, 32;
    %store/vec4 v000001d6e8298670_0, 0, 32;
    %pushi/vec4 0, 0, 32;
    %store/vec4 v000001d6e8297e50_0, 0, 32;
    %pushi/vec4 0, 0, 32;
    %store/vec4 v000001d6e8297b30_0, 0, 32;
    %pushi/vec4 0, 0, 32;
    %store/vec4 v000001d6e8299070_0, 0, 32;
    %pushi/vec4 0, 0, 32;
    %store/vec4 v000001d6e8298210_0, 0, 32;
    %pushi/vec4 0, 0, 32;
    %store/vec4 v000001d6e8298030_0, 0, 32;
    %pushi/vec4 0, 0, 32;
    %store/vec4 v000001d6e8298850_0, 0, 32;
    %pushi/vec4 0, 0, 1;
    %store/vec4 v000001d6e82983f0_0, 0, 1;
    %pushi/vec4 0, 0, 1;
    %store/vec4 v000001d6e8298170_0, 0, 1;
    %pushi/vec4 36000, 0, 32;
    %store/vec4 v000001d6e82974f0_0, 0, 32;
    %pushi/vec4 20, 0, 32;
T_8.0 %dup/vec4;
    %pushi/vec4 0, 0, 32;
    %cmp/s;
    %jmp/1xz T_8.1, 5;
    %jmp/1 T_8.1, 4;
    %pushi/vec4 1, 0, 32;
    %sub;
    %wait E_000001d6e8234fc0;
    %jmp T_8.0;
T_8.1 ;
    %pop/vec4 1;
    %pushi/vec4 1, 0, 1;
    %assign/vec4 v000001d6e82983f0_0, 0;
    %wait E_000001d6e8234fc0;
    %pushi/vec4 36000, 0, 32;
    %store/vec4 v000001d6e8298e90_0, 0, 32;
    %pushi/vec4 120, 0, 32;
    %store/vec4 v000001d6e82987b0_0, 0, 32;
    %fork TD_tb_fir_filter_bank1.run_tone, S_000001d6e82046c0;
    %join;
    %load/vec4 v000001d6e8298210_0;
    %store/vec4 v000001d6e8298030_0, 0, 32;
    %vpi_call 2 140 "$display", "  Test1 passband 36kHz: measured peak |dout| = %0d", v000001d6e8298030_0 {0 0 0};
    %load/vec4 v000001d6e8298030_0;
    %cmpi/s 0, 0, 32;
    %flag_or 5, 4;
    %jmp/0xz  T_8.2, 5;
    %vpi_call 2 142 "$display", "FAIL: passband output is zero \342\200\224 filter not responding" {0 0 0};
    %load/vec4 v000001d6e8298670_0;
    %addi 1, 0, 32;
    %store/vec4 v000001d6e8298670_0, 0, 32;
    %jmp T_8.3;
T_8.2 ;
    %vpi_call 2 145 "$display", "  ok: passband response non-zero (amplitude preserved)" {0 0 0};
T_8.3 ;
    %pushi/vec4 44000, 0, 32;
    %store/vec4 v000001d6e8298e90_0, 0, 32;
    %pushi/vec4 120, 0, 32;
    %store/vec4 v000001d6e82987b0_0, 0, 32;
    %fork TD_tb_fir_filter_bank1.run_tone, S_000001d6e82046c0;
    %join;
    %load/vec4 v000001d6e8298210_0;
    %store/vec4 v000001d6e8298850_0, 0, 32;
    %load/vec4 v000001d6e8298850_0;
    %cmpi/s 0, 0, 32;
    %flag_or 5, 4; GT is !LE
    %flag_inv 5;
    %jmp/0xz  T_8.4, 5;
    %pushi/real 1342177280, 4070; load=20.0000
    %pushi/real 1073741824, 4066; load=1.00000
    %load/vec4 v000001d6e8298850_0;
    %cvt/rv/s;
    %mul/wr;
    %load/vec4 v000001d6e8298030_0;
    %cvt/rv/s;
    %div/wr;
    %vpi_func/r 2 152 "$ln", W<0,r> {0 1 0};
    %mul/wr;
    %pushi/real 1236190958, 4067; load=2.30259
    %pushi/real 3495190, 4045; load=2.30259
    %add/wr;
    %div/wr;
    %store/real v000001d6e82982b0_0;
    %jmp T_8.5;
T_8.4 ;
    %pushi/real 1660944384, 20456; load=-99.0000
    %store/real v000001d6e82982b0_0;
T_8.5 ;
    %vpi_call 2 155 "$display", "  Test2 stopband 44kHz: measured peak |dout| = %0d  (atten = %0.1f dB)", v000001d6e8298850_0, v000001d6e82982b0_0 {0 0 0};
    %load/vec4 v000001d6e8298030_0;
    %load/vec4 v000001d6e8298850_0;
    %cmp/s;
    %flag_or 5, 4;
    %jmp/0xz  T_8.6, 5;
    %vpi_call 2 158 "$display", "FAIL: 44kHz not attenuated relative to 36kHz passband (stop=%0d pass=%0d)", v000001d6e8298850_0, v000001d6e8298030_0 {0 0 0};
    %load/vec4 v000001d6e8298670_0;
    %addi 1, 0, 32;
    %store/vec4 v000001d6e8298670_0, 0, 32;
    %jmp T_8.7;
T_8.6 ;
    %vpi_call 2 162 "$display", "  ok: adjacent-band (44kHz) attenuated below passband (relative selectivity)" {0 0 0};
T_8.7 ;
    %load/vec4 v000001d6e8299070_0;
    %cmpi/e 0, 0, 32;
    %jmp/0xz  T_8.8, 4;
    %vpi_call 2 167 "$display", "  ok: no X/Z on dout across entire run" {0 0 0};
    %jmp T_8.9;
T_8.8 ;
    %vpi_call 2 169 "$display", "FAIL: %0d X/Z events on dout", v000001d6e8299070_0 {0 0 0};
    %load/vec4 v000001d6e8298670_0;
    %load/vec4 v000001d6e8299070_0;
    %add;
    %store/vec4 v000001d6e8298670_0, 0, 32;
T_8.9 ;
    %vpi_call 2 175 "$display", "  Test4 strobe balance: din_valid=%0d dout_valid=%0d", v000001d6e8297e50_0, v000001d6e8297b30_0 {0 0 0};
    %load/vec4 v000001d6e8297e50_0;
    %load/vec4 v000001d6e8297b30_0;
    %sub;
    %cmpi/s 1, 0, 32;
    %flag_or 5, 4; GT is !LE
    %flag_inv 5;
    %jmp/1 T_8.12, 5;
    %flag_mov 8, 5;
    %load/vec4 v000001d6e8297e50_0;
    %load/vec4 v000001d6e8297b30_0;
    %sub;
    %cmpi/s 0, 0, 32;
    %flag_or 5, 8;
T_8.12;
    %jmp/0xz  T_8.10, 5;
    %load/vec4 v000001d6e8297e50_0;
    %load/vec4 v000001d6e8297b30_0;
    %sub;
    %vpi_call 2 177 "$display", "FAIL: dout_valid count not 1:1 with din_valid (diff=%0d)", S<0,vec4,s32> {1 0 0};
    %load/vec4 v000001d6e8298670_0;
    %addi 1, 0, 32;
    %store/vec4 v000001d6e8298670_0, 0, 32;
    %jmp T_8.11;
T_8.10 ;
    %load/vec4 v000001d6e8297e50_0;
    %load/vec4 v000001d6e8297b30_0;
    %sub;
    %vpi_call 2 181 "$display", "  ok: dout_valid asserts once per din_valid (diff=%0d within fill)", S<0,vec4,s32> {1 0 0};
T_8.11 ;
    %vpi_call 2 185 "$display", "=========================================" {0 0 0};
    %load/vec4 v000001d6e8298670_0;
    %cmpi/e 0, 0, 32;
    %jmp/0xz  T_8.13, 4;
    %vpi_call 2 187 "$display", "ALL CHECKS PASSED \342\200\224 fir_filter_bank1" {0 0 0};
    %vpi_call 2 188 "$finish" {0 0 0};
    %jmp T_8.14;
T_8.13 ;
    %vpi_call 2 190 "$display", "FAILED: fir_filter_bank1 had %0d error(s)", v000001d6e8298670_0 {0 0 0};
    %vpi_call 2 191 "$fatal" {0 0 0};
T_8.14 ;
    %end;
    .thread T_8;
    .scope S_000001d6e823d4c0;
T_9 ;
    %delay 2820130816, 4;
    %vpi_call 2 198 "$display", "FAILED: testbench timeout" {0 0 0};
    %vpi_call 2 199 "$fatal" {0 0 0};
    %end;
    .thread T_9;
# The file index is used to find the file name in the following table.
:file_names 4;
    "N/A";
    "<interactive>";
    "fpga/sim/tb_fir_filter_bank1.v";
    "fpga/src/fir_filter_bank1.v";
