#! /c/Source/iverilog-install/bin/vvp
:ivl_version "12.0 (devel)" "(s20150603-1539-g2693dd32b)";
:ivl_delay_selection "TYPICAL";
:vpi_time_precision - 12;
:vpi_module "C:\iverilog\lib\ivl\system.vpi";
:vpi_module "C:\iverilog\lib\ivl\vhdl_sys.vpi";
:vpi_module "C:\iverilog\lib\ivl\vhdl_textio.vpi";
:vpi_module "C:\iverilog\lib\ivl\v2005_math.vpi";
:vpi_module "C:\iverilog\lib\ivl\va_math.vpi";
S_00000174903a1820 .scope module, "tb_matched_filter_2" "tb_matched_filter_2" 2 13;
 .timescale -9 -12;
P_000001749037cdb0 .param/l "CHIRP_AMP" 1 2 16, +C4<00000000000000000001100111110000>;
P_000001749037cde8 .param/l "N_TAPS" 1 2 15, +C4<00000000000000000000100000111101>;
v00000174903fbec0_0 .var/i "captured_peak", 31 0;
v00000174903fb1a0 .array/s "chirp", 2108 0, 15 0;
v00000174903fafc0_0 .var/i "chirp_peak_val", 31 0;
v00000174903fbf60_0 .var "clk", 0 0;
v00000174903fab60_0 .net/s "corr_peak", 31 0, v00000174903a91d0_0;  1 drivers
v00000174903fc0a0_0 .net "corr_valid", 0 0, v00000174903a8a50_0;  1 drivers
v00000174903fc140_0 .var/i "corr_valid_count", 31 0;
v00000174903fc1e0_0 .var/s "din", 15 0;
v00000174903fb060_0 .var "din_valid", 0 0;
v00000174903fa3e0_0 .var/real "freq", 0 0;
v00000174903fbce0_0 .var/i "i", 31 0;
v00000174903fb420_0 .var "monitor_en", 0 0;
v00000174903fa5c0_0 .var/i "noise_peak_val", 31 0;
v00000174903fbc40_0 .var "otr_in", 0 0;
v00000174903fac00_0 .net "otr_out", 0 0, v00000174903a8e10_0;  1 drivers
v00000174903fa660_0 .net "peak_lag", 10 0, v00000174903a8eb0_0;  1 drivers
v00000174903fb100_0 .var/real "phase", 0 0;
v00000174903fb6a0_0 .var "ref_addr", 11 0;
v00000174903fa700_0 .var/s "ref_din", 15 0;
v00000174903fb7e0_0 .var "ref_wr_en", 0 0;
v00000174903fb880_0 .var "rst_n", 0 0;
v00000174903fa7a0_0 .var/real "t", 0 0;
v00000174903fb920_0 .var/i "valid_count", 31 0;
S_000001749031bd70 .scope module, "dut" "matched_filter_2" 2 41, 3 70 0, S_00000174903a1820;
 .timescale -9 -12;
    .port_info 0 /INPUT 1 "clk";
    .port_info 1 /INPUT 1 "rst_n";
    .port_info 2 /INPUT 16 "din";
    .port_info 3 /INPUT 1 "din_valid";
    .port_info 4 /INPUT 1 "otr_in";
    .port_info 5 /INPUT 1 "ref_wr_en";
    .port_info 6 /INPUT 12 "ref_addr";
    .port_info 7 /INPUT 16 "ref_din";
    .port_info 8 /OUTPUT 32 "corr_peak";
    .port_info 9 /OUTPUT 11 "peak_lag";
    .port_info 10 /OUTPUT 1 "corr_valid";
    .port_info 11 /OUTPUT 1 "otr_out";
P_00000174903a31c0 .param/l "ACCW" 1 3 94, +C4<00000000000000000000000000110000>;
P_00000174903a31f8 .param/l "ADDR_W" 1 3 93, +C4<00000000000000000000000000001100>;
P_00000174903a3230 .param/l "CORR_MAX" 1 3 97, +C4<01111111111111111111111111111111>;
P_00000174903a3268 .param/l "CORR_MIN" 1 3 98, +C4<10000000000000000000000000000000>;
P_00000174903a32a0 .param/l "CORR_SHIFT" 1 3 92, +C4<00000000000000000000000000010000>;
P_00000174903a32d8 .param/l "N_TAPS" 1 3 91, +C4<00000000000000000000100000111101>;
P_00000174903a3310 .param/l "ST_DONE" 1 3 127, C4<10>;
P_00000174903a3348 .param/l "ST_IDLE" 1 3 125, C4<00>;
P_00000174903a3380 .param/l "ST_MAC" 1 3 126, C4<01>;
v00000174903a8f50_0 .net *"_ivl_1", 0 0, L_00000174903fb9c0;  1 drivers
v00000174903a8870_0 .net *"_ivl_2", 15 0, L_00000174903fba60;  1 drivers
v00000174903a9090_0 .net *"_ivl_8", 31 0, L_00000174903faa20;  1 drivers
v00000174903a8ff0_0 .var/s "acc", 47 0;
v00000174903a8370_0 .var "acc_cnt", 11 0;
v00000174903a8910_0 .net/s "acc_shifted", 47 0, L_00000174903fa980;  1 drivers
v00000174903a89b0_0 .net "clk", 0 0, v00000174903fbf60_0;  1 drivers
v00000174903a91d0_0 .var/s "corr_peak", 31 0;
v00000174903a8a50_0 .var "corr_valid", 0 0;
v00000174903a8410_0 .net/s "din", 15 0, v00000174903fc1e0_0;  1 drivers
v00000174903a8c30_0 .net "din_valid", 0 0, v00000174903fb060_0;  1 drivers
v00000174903a8af0_0 .var "fill_addr", 11 0;
v00000174903a82d0_0 .var "mac_addr", 11 0;
v00000174903a8690_0 .var/s "mul_a", 15 0;
v00000174903a8b90_0 .var/s "mul_b", 15 0;
v00000174903a8cd0_0 .var "otr_hold", 0 0;
v00000174903a8d70_0 .net "otr_in", 0 0, v00000174903fbc40_0;  1 drivers
v00000174903a9130_0 .var "otr_latch", 0 0;
v00000174903a8e10_0 .var "otr_out", 0 0;
v00000174903a8eb0_0 .var "peak_lag", 10 0;
v00000174903a84b0_0 .var/s "prod", 31 0;
v00000174903a87d0_0 .net/s "prod_ext", 47 0, L_00000174903fa8e0;  1 drivers
v00000174903a8550_0 .var "prod_pend", 0 0;
v00000174903a85f0_0 .net "ref_addr", 11 0, v00000174903fb6a0_0;  1 drivers
v00000174903a8730_0 .net/s "ref_din", 15 0, v00000174903fa700_0;  1 drivers
v00000174903fb240 .array/s "ref_mem", 2108 0, 15 0;
v00000174903fa520_0 .net "ref_wr_en", 0 0, v00000174903fb7e0_0;  1 drivers
v00000174903fc280_0 .net "rst_n", 0 0, v00000174903fb880_0;  1 drivers
v00000174903fb600_0 .var "state", 1 0;
v00000174903fc000_0 .var "window_full", 0 0;
v00000174903fa480 .array/s "window_mem", 2108 0, 15 0;
E_00000174903639c0 .event posedge, v00000174903a89b0_0;
L_00000174903fb9c0 .part v00000174903a84b0_0, 31, 1;
LS_00000174903fba60_0_0 .concat [ 1 1 1 1], L_00000174903fb9c0, L_00000174903fb9c0, L_00000174903fb9c0, L_00000174903fb9c0;
LS_00000174903fba60_0_4 .concat [ 1 1 1 1], L_00000174903fb9c0, L_00000174903fb9c0, L_00000174903fb9c0, L_00000174903fb9c0;
LS_00000174903fba60_0_8 .concat [ 1 1 1 1], L_00000174903fb9c0, L_00000174903fb9c0, L_00000174903fb9c0, L_00000174903fb9c0;
LS_00000174903fba60_0_12 .concat [ 1 1 1 1], L_00000174903fb9c0, L_00000174903fb9c0, L_00000174903fb9c0, L_00000174903fb9c0;
L_00000174903fba60 .concat [ 4 4 4 4], LS_00000174903fba60_0_0, LS_00000174903fba60_0_4, LS_00000174903fba60_0_8, LS_00000174903fba60_0_12;
L_00000174903fa8e0 .concat [ 32 16 0 0], v00000174903a84b0_0, L_00000174903fba60;
L_00000174903faa20 .part v00000174903a8ff0_0, 16, 32;
L_00000174903fa980 .extend/s 48, L_00000174903faa20;
S_00000174903a4920 .scope task, "feed_window" "feed_window" 2 114, 2 114 0, S_00000174903a1820;
 .timescale -9 -12;
v00000174903fb740_0 .var/i "g", 31 0;
v00000174903fb2e0_0 .var/i "j", 31 0;
v00000174903fb380_0 .var/i "mode", 31 0;
v00000174903faac0_0 .var/i "otr_idx", 31 0;
TD_tb_matched_filter_2.feed_window ;
    %pushi/vec4 0, 0, 32;
    %store/vec4 v00000174903fb2e0_0, 0, 32;
T_0.0 ;
    %load/vec4 v00000174903fb2e0_0;
    %cmpi/s 2109, 0, 32;
    %jmp/0xz T_0.1, 5;
    %wait E_00000174903639c0;
    %load/vec4 v00000174903fb380_0;
    %dup/vec4;
    %pushi/vec4 0, 0, 32;
    %cmp/u;
    %jmp/1 T_0.2, 6;
    %dup/vec4;
    %pushi/vec4 1, 0, 32;
    %cmp/u;
    %jmp/1 T_0.3, 6;
    %dup/vec4;
    %pushi/vec4 2, 0, 32;
    %cmp/u;
    %jmp/1 T_0.4, 6;
    %pushi/vec4 0, 0, 16;
    %assign/vec4 v00000174903fc1e0_0, 0;
    %jmp T_0.6;
T_0.2 ;
    %ix/getv/s 4, v00000174903fb2e0_0;
    %load/vec4a v00000174903fb1a0, 4;
    %assign/vec4 v00000174903fc1e0_0, 0;
    %jmp T_0.6;
T_0.3 ;
    %pushi/vec4 0, 0, 16;
    %assign/vec4 v00000174903fc1e0_0, 0;
    %jmp T_0.6;
T_0.4 ;
    %ix/getv/s 4, v00000174903fb2e0_0;
    %load/vec4a v00000174903fb1a0, 4;
    %assign/vec4 v00000174903fc1e0_0, 0;
    %jmp T_0.6;
T_0.6 ;
    %pop/vec4 1;
    %load/vec4 v00000174903fb380_0;
    %cmpi/e 2, 0, 32;
    %flag_get/vec4 4;
    %jmp/0 T_0.9, 4;
    %load/vec4 v00000174903fb2e0_0;
    %load/vec4 v00000174903faac0_0;
    %cmp/e;
    %flag_get/vec4 4;
    %and;
T_0.9;
    %flag_set/vec4 8;
    %jmp/0 T_0.7, 8;
    %pushi/vec4 1, 0, 1;
    %jmp/1 T_0.8, 8;
T_0.7 ; End of true expr.
    %pushi/vec4 0, 0, 1;
    %jmp/0 T_0.8, 8;
 ; End of false expr.
    %blend;
T_0.8;
    %assign/vec4 v00000174903fbc40_0, 0;
    %pushi/vec4 1, 0, 1;
    %assign/vec4 v00000174903fb060_0, 0;
    %wait E_00000174903639c0;
    %pushi/vec4 0, 0, 1;
    %assign/vec4 v00000174903fb060_0, 0;
    %pushi/vec4 0, 0, 1;
    %assign/vec4 v00000174903fbc40_0, 0;
    %pushi/vec4 0, 0, 16;
    %assign/vec4 v00000174903fc1e0_0, 0;
    %pushi/vec4 0, 0, 32;
    %store/vec4 v00000174903fb740_0, 0, 32;
T_0.10 ;
    %load/vec4 v00000174903fb740_0;
    %cmpi/s 2, 0, 32;
    %jmp/0xz T_0.11, 5;
    %wait E_00000174903639c0;
    %load/vec4 v00000174903fb740_0;
    %addi 1, 0, 32;
    %store/vec4 v00000174903fb740_0, 0, 32;
    %jmp T_0.10;
T_0.11 ;
    %load/vec4 v00000174903fb2e0_0;
    %addi 1, 0, 32;
    %store/vec4 v00000174903fb2e0_0, 0, 32;
    %jmp T_0.0;
T_0.1 ;
    %end;
S_00000174903647f0 .scope task, "load_reference" "load_reference" 2 97, 2 97 0, S_00000174903a1820;
 .timescale -9 -12;
v00000174903fa840_0 .var/i "j", 31 0;
TD_tb_matched_filter_2.load_reference ;
    %wait E_00000174903639c0;
    %pushi/vec4 0, 0, 32;
    %store/vec4 v00000174903fa840_0, 0, 32;
T_1.12 ;
    %load/vec4 v00000174903fa840_0;
    %cmpi/s 2109, 0, 32;
    %jmp/0xz T_1.13, 5;
    %pushi/vec4 1, 0, 1;
    %assign/vec4 v00000174903fb7e0_0, 0;
    %load/vec4 v00000174903fa840_0;
    %parti/s 12, 0, 2;
    %assign/vec4 v00000174903fb6a0_0, 0;
    %ix/getv/s 4, v00000174903fa840_0;
    %load/vec4a v00000174903fb1a0, 4;
    %assign/vec4 v00000174903fa700_0, 0;
    %wait E_00000174903639c0;
    %load/vec4 v00000174903fa840_0;
    %addi 1, 0, 32;
    %store/vec4 v00000174903fa840_0, 0, 32;
    %jmp T_1.12;
T_1.13 ;
    %pushi/vec4 0, 0, 1;
    %assign/vec4 v00000174903fb7e0_0, 0;
    %pushi/vec4 0, 0, 12;
    %assign/vec4 v00000174903fb6a0_0, 0;
    %pushi/vec4 0, 0, 16;
    %assign/vec4 v00000174903fa700_0, 0;
    %wait E_00000174903639c0;
    %end;
S_0000017490364980 .scope task, "wait_corr_valid" "wait_corr_valid" 2 138, 2 138 0, S_00000174903a1820;
 .timescale -9 -12;
E_0000017490363e40 .event posedge, v00000174903a8a50_0;
TD_tb_matched_filter_2.wait_corr_valid ;
    %wait E_0000017490363e40;
    %load/vec4 v00000174903fab60_0;
    %store/vec4 v00000174903fbec0_0, 0, 32;
    %wait E_00000174903639c0;
    %end;
    .scope S_000001749031bd70;
T_3 ;
    %wait E_00000174903639c0;
    %load/vec4 v00000174903fa520_0;
    %flag_set/vec4 8;
    %jmp/0xz  T_3.0, 8;
    %load/vec4 v00000174903a8730_0;
    %load/vec4 v00000174903a85f0_0;
    %pad/u 13;
    %ix/vec4 3;
    %ix/load 4, 0, 0; Constant delay
    %assign/vec4/a/d v00000174903fb240, 0, 4;
T_3.0 ;
    %jmp T_3;
    .thread T_3;
    .scope S_000001749031bd70;
T_4 ;
    %wait E_00000174903639c0;
    %load/vec4 v00000174903fc280_0;
    %nor/r;
    %flag_set/vec4 8;
    %jmp/0xz  T_4.0, 8;
    %pushi/vec4 0, 0, 12;
    %assign/vec4 v00000174903a8af0_0, 0;
    %pushi/vec4 0, 0, 1;
    %assign/vec4 v00000174903fc000_0, 0;
    %pushi/vec4 0, 0, 1;
    %assign/vec4 v00000174903a9130_0, 0;
    %pushi/vec4 0, 0, 2;
    %assign/vec4 v00000174903fb600_0, 0;
    %pushi/vec4 0, 0, 12;
    %assign/vec4 v00000174903a82d0_0, 0;
    %pushi/vec4 0, 0, 12;
    %assign/vec4 v00000174903a8370_0, 0;
    %pushi/vec4 0, 0, 48;
    %assign/vec4 v00000174903a8ff0_0, 0;
    %pushi/vec4 0, 0, 16;
    %assign/vec4 v00000174903a8690_0, 0;
    %pushi/vec4 0, 0, 16;
    %assign/vec4 v00000174903a8b90_0, 0;
    %pushi/vec4 0, 0, 32;
    %assign/vec4 v00000174903a84b0_0, 0;
    %pushi/vec4 0, 0, 1;
    %assign/vec4 v00000174903a8550_0, 0;
    %pushi/vec4 0, 0, 1;
    %assign/vec4 v00000174903a8cd0_0, 0;
    %pushi/vec4 0, 0, 32;
    %assign/vec4 v00000174903a91d0_0, 0;
    %pushi/vec4 0, 0, 11;
    %assign/vec4 v00000174903a8eb0_0, 0;
    %pushi/vec4 0, 0, 1;
    %assign/vec4 v00000174903a8a50_0, 0;
    %pushi/vec4 0, 0, 1;
    %assign/vec4 v00000174903a8e10_0, 0;
    %jmp T_4.1;
T_4.0 ;
    %pushi/vec4 0, 0, 1;
    %assign/vec4 v00000174903a8a50_0, 0;
    %pushi/vec4 0, 0, 1;
    %assign/vec4 v00000174903a8e10_0, 0;
    %pushi/vec4 0, 0, 1;
    %assign/vec4 v00000174903fc000_0, 0;
    %load/vec4 v00000174903a8c30_0;
    %flag_set/vec4 8;
    %jmp/0xz  T_4.2, 8;
    %load/vec4 v00000174903a8410_0;
    %load/vec4 v00000174903a8af0_0;
    %pad/u 13;
    %ix/vec4 3;
    %ix/load 4, 0, 0; Constant delay
    %assign/vec4/a/d v00000174903fa480, 0, 4;
    %load/vec4 v00000174903a8af0_0;
    %cmpi/e 0, 0, 12;
    %jmp/0xz  T_4.4, 4;
    %load/vec4 v00000174903a8d70_0;
    %assign/vec4 v00000174903a9130_0, 0;
    %jmp T_4.5;
T_4.4 ;
    %load/vec4 v00000174903a9130_0;
    %load/vec4 v00000174903a8d70_0;
    %or;
    %assign/vec4 v00000174903a9130_0, 0;
T_4.5 ;
    %load/vec4 v00000174903a8af0_0;
    %pad/u 32;
    %cmpi/e 2108, 0, 32;
    %jmp/0xz  T_4.6, 4;
    %pushi/vec4 0, 0, 12;
    %assign/vec4 v00000174903a8af0_0, 0;
    %pushi/vec4 1, 0, 1;
    %assign/vec4 v00000174903fc000_0, 0;
    %jmp T_4.7;
T_4.6 ;
    %load/vec4 v00000174903a8af0_0;
    %addi 1, 0, 12;
    %assign/vec4 v00000174903a8af0_0, 0;
T_4.7 ;
T_4.2 ;
    %load/vec4 v00000174903a8690_0;
    %pad/s 32;
    %load/vec4 v00000174903a8b90_0;
    %pad/s 32;
    %mul;
    %assign/vec4 v00000174903a84b0_0, 0;
    %load/vec4 v00000174903a8550_0;
    %flag_set/vec4 8;
    %jmp/0xz  T_4.8, 8;
    %load/vec4 v00000174903a8ff0_0;
    %load/vec4 v00000174903a87d0_0;
    %add;
    %assign/vec4 v00000174903a8ff0_0, 0;
    %load/vec4 v00000174903a8370_0;
    %addi 1, 0, 12;
    %assign/vec4 v00000174903a8370_0, 0;
T_4.8 ;
    %pushi/vec4 0, 0, 1;
    %assign/vec4 v00000174903a8550_0, 0;
    %load/vec4 v00000174903fb600_0;
    %dup/vec4;
    %pushi/vec4 0, 0, 2;
    %cmp/u;
    %jmp/1 T_4.10, 6;
    %dup/vec4;
    %pushi/vec4 1, 0, 2;
    %cmp/u;
    %jmp/1 T_4.11, 6;
    %dup/vec4;
    %pushi/vec4 2, 0, 2;
    %cmp/u;
    %jmp/1 T_4.12, 6;
    %pushi/vec4 0, 0, 2;
    %assign/vec4 v00000174903fb600_0, 0;
    %jmp T_4.14;
T_4.10 ;
    %load/vec4 v00000174903fc000_0;
    %flag_set/vec4 8;
    %jmp/0xz  T_4.15, 8;
    %load/vec4 v00000174903a9130_0;
    %assign/vec4 v00000174903a8cd0_0, 0;
    %pushi/vec4 0, 0, 48;
    %assign/vec4 v00000174903a8ff0_0, 0;
    %pushi/vec4 0, 0, 12;
    %assign/vec4 v00000174903a8370_0, 0;
    %ix/load 4, 0, 0;
    %flag_set/imm 4, 0;
    %load/vec4a v00000174903fa480, 4;
    %assign/vec4 v00000174903a8690_0, 0;
    %ix/load 4, 0, 0;
    %flag_set/imm 4, 0;
    %load/vec4a v00000174903fb240, 4;
    %assign/vec4 v00000174903a8b90_0, 0;
    %pushi/vec4 1, 0, 1;
    %assign/vec4 v00000174903a8550_0, 0;
    %pushi/vec4 1, 0, 12;
    %assign/vec4 v00000174903a82d0_0, 0;
    %pushi/vec4 1, 0, 2;
    %assign/vec4 v00000174903fb600_0, 0;
T_4.15 ;
    %jmp T_4.14;
T_4.11 ;
    %load/vec4 v00000174903a82d0_0;
    %pad/u 32;
    %cmpi/u 2109, 0, 32;
    %jmp/0xz  T_4.17, 5;
    %load/vec4 v00000174903a82d0_0;
    %pad/u 13;
    %ix/vec4 4;
    %load/vec4a v00000174903fa480, 4;
    %assign/vec4 v00000174903a8690_0, 0;
    %load/vec4 v00000174903a82d0_0;
    %pad/u 13;
    %ix/vec4 4;
    %load/vec4a v00000174903fb240, 4;
    %assign/vec4 v00000174903a8b90_0, 0;
    %pushi/vec4 1, 0, 1;
    %assign/vec4 v00000174903a8550_0, 0;
    %load/vec4 v00000174903a82d0_0;
    %addi 1, 0, 12;
    %assign/vec4 v00000174903a82d0_0, 0;
    %jmp T_4.18;
T_4.17 ;
    %pushi/vec4 2, 0, 2;
    %assign/vec4 v00000174903fb600_0, 0;
T_4.18 ;
    %jmp T_4.14;
T_4.12 ;
    %load/vec4 v00000174903a8370_0;
    %cmpi/e 2109, 0, 12;
    %jmp/0xz  T_4.19, 4;
    %load/vec4 v00000174903a8910_0;
    %cmpi/s 2147483647, 0, 48;
    %flag_or 5, 4; GT is !LE
    %flag_inv 5;
    %jmp/0xz  T_4.21, 5;
    %pushi/vec4 2147483647, 0, 32;
    %assign/vec4 v00000174903a91d0_0, 0;
    %jmp T_4.22;
T_4.21 ;
    %load/vec4 v00000174903a8910_0;
    %pushi/vec4 4294934528, 0, 32;
    %concati/vec4 0, 0, 16;
    %cmp/s;
    %jmp/0xz  T_4.23, 5;
    %pushi/vec4 2147483648, 0, 32;
    %assign/vec4 v00000174903a91d0_0, 0;
    %jmp T_4.24;
T_4.23 ;
    %load/vec4 v00000174903a8910_0;
    %parti/s 32, 0, 2;
    %assign/vec4 v00000174903a91d0_0, 0;
T_4.24 ;
T_4.22 ;
    %pushi/vec4 0, 0, 11;
    %assign/vec4 v00000174903a8eb0_0, 0;
    %load/vec4 v00000174903a8cd0_0;
    %assign/vec4 v00000174903a8e10_0, 0;
    %pushi/vec4 1, 0, 1;
    %assign/vec4 v00000174903a8a50_0, 0;
    %pushi/vec4 0, 0, 2;
    %assign/vec4 v00000174903fb600_0, 0;
T_4.19 ;
    %jmp T_4.14;
T_4.14 ;
    %pop/vec4 1;
T_4.1 ;
    %jmp T_4;
    .thread T_4;
    .scope S_00000174903a1820;
T_5 ;
    %pushi/vec4 0, 0, 1;
    %store/vec4 v00000174903fbf60_0, 0, 1;
    %end;
    .thread T_5;
    .scope S_00000174903a1820;
T_6 ;
    %delay 18500, 0;
    %load/vec4 v00000174903fbf60_0;
    %inv;
    %store/vec4 v00000174903fbf60_0, 0, 1;
    %jmp T_6;
    .thread T_6;
    .scope S_00000174903a1820;
T_7 ;
    %pushi/real 0, 4065; load=0.00000
    %store/real v00000174903fb100_0;
    %pushi/vec4 0, 0, 32;
    %store/vec4 v00000174903fbce0_0, 0, 32;
T_7.0 ;
    %load/vec4 v00000174903fbce0_0;
    %cmpi/s 2109, 0, 32;
    %jmp/0xz T_7.1, 5;
    %load/vec4 v00000174903fbce0_0;
    %cvt/rv/s;
    %pushi/real 1073741824, 4066; load=1.00000
    %mul/wr;
    %pushi/vec4 2109, 0, 32;
    %cvt/rv/s;
    %div/wr;
    %store/real v00000174903fa7a0_0;
    %pushi/real 1717986918, 4063; load=0.200000
    %pushi/real 1677722, 4041; load=0.200000
    %add/wr;
    %pushi/real 1288490188, 4063; load=0.150000
    %pushi/real 3355443, 4041; load=0.150000
    %add/wr;
    %load/real v00000174903fa7a0_0;
    %mul/wr;
    %add/wr;
    %store/real v00000174903fa3e0_0;
    %load/real v00000174903fb100_0;
    %pushi/real 1686629711, 4068; load=6.28319
    %pushi/real 578801, 4046; load=6.28319
    %add/wr;
    %load/real v00000174903fa3e0_0;
    %mul/wr;
    %add/wr;
    %store/real v00000174903fb100_0;
    %vpi_func/r 2 61 "$sin", v00000174903fb100_0 {0 0 0};
    %pushi/vec4 6640, 0, 32;
    %cvt/rv/s;
    %mul/wr;
    %vpi_func 2 61 "$rtoi" 32, W<0,r> {0 1 0};
    %pad/s 16;
    %ix/getv/s 4, v00000174903fbce0_0;
    %store/vec4a v00000174903fb1a0, 4, 0;
    %load/vec4 v00000174903fbce0_0;
    %addi 1, 0, 32;
    %store/vec4 v00000174903fbce0_0, 0, 32;
    %jmp T_7.0;
T_7.1 ;
    %end;
    .thread T_7;
    .scope S_00000174903a1820;
T_8 ;
    %wait E_00000174903639c0;
    %load/vec4 v00000174903fb420_0;
    %flag_set/vec4 8;
    %jmp/0xz  T_8.0, 8;
    %load/vec4 v00000174903fab60_0;
    %xor/r;
    %cmpi/e 1, 1, 1;
    %jmp/0xz  T_8.2, 6;
    %vpi_call 2 70 "$display", "FAIL: X/Z state detected on corr_peak" {0 0 0};
    %vpi_call 2 71 "$fatal" {0 0 0};
T_8.2 ;
    %load/vec4 v00000174903fa660_0;
    %xor/r;
    %cmpi/e 1, 1, 1;
    %jmp/0xz  T_8.4, 6;
    %vpi_call 2 74 "$display", "FAIL: X/Z state detected on peak_lag" {0 0 0};
    %vpi_call 2 75 "$fatal" {0 0 0};
T_8.4 ;
    %load/vec4 v00000174903fc0a0_0;
    %cmpi/e 1, 1, 1;
    %jmp/0xz  T_8.6, 6;
    %vpi_call 2 78 "$display", "FAIL: X/Z state detected on corr_valid" {0 0 0};
    %vpi_call 2 79 "$fatal" {0 0 0};
T_8.6 ;
    %load/vec4 v00000174903fac00_0;
    %cmpi/e 1, 1, 1;
    %jmp/0xz  T_8.8, 6;
    %vpi_call 2 82 "$display", "FAIL: X/Z state detected on otr_out" {0 0 0};
    %vpi_call 2 83 "$fatal" {0 0 0};
T_8.8 ;
T_8.0 ;
    %jmp T_8;
    .thread T_8;
    .scope S_00000174903a1820;
T_9 ;
    %wait E_00000174903639c0;
    %load/vec4 v00000174903fb880_0;
    %flag_set/vec4 9;
    %flag_get/vec4 9;
    %jmp/0 T_9.2, 9;
    %load/vec4 v00000174903fb060_0;
    %and;
T_9.2;
    %flag_set/vec4 8;
    %jmp/0xz  T_9.0, 8;
    %load/vec4 v00000174903fb920_0;
    %addi 1, 0, 32;
    %assign/vec4 v00000174903fb920_0, 0;
T_9.0 ;
    %jmp T_9;
    .thread T_9;
    .scope S_00000174903a1820;
T_10 ;
    %wait E_0000017490363e40;
    %load/vec4 v00000174903fc140_0;
    %addi 1, 0, 32;
    %store/vec4 v00000174903fc140_0, 0, 32;
    %jmp T_10;
    .thread T_10;
    .scope S_00000174903a1820;
T_11 ;
    %pushi/vec4 0, 0, 1;
    %store/vec4 v00000174903fb880_0, 0, 1;
    %pushi/vec4 0, 0, 16;
    %store/vec4 v00000174903fc1e0_0, 0, 16;
    %pushi/vec4 0, 0, 1;
    %store/vec4 v00000174903fb060_0, 0, 1;
    %pushi/vec4 0, 0, 1;
    %store/vec4 v00000174903fbc40_0, 0, 1;
    %pushi/vec4 0, 0, 1;
    %store/vec4 v00000174903fb7e0_0, 0, 1;
    %pushi/vec4 0, 0, 12;
    %store/vec4 v00000174903fb6a0_0, 0, 12;
    %pushi/vec4 0, 0, 16;
    %store/vec4 v00000174903fa700_0, 0, 16;
    %pushi/vec4 0, 0, 1;
    %store/vec4 v00000174903fb420_0, 0, 1;
    %pushi/vec4 0, 0, 32;
    %store/vec4 v00000174903fb920_0, 0, 32;
    %pushi/vec4 0, 0, 32;
    %store/vec4 v00000174903fc140_0, 0, 32;
    %pushi/vec4 0, 0, 32;
    %store/vec4 v00000174903fbec0_0, 0, 32;
    %pushi/vec4 5, 0, 32;
T_11.0 %dup/vec4;
    %pushi/vec4 0, 0, 32;
    %cmp/s;
    %jmp/1xz T_11.1, 5;
    %jmp/1 T_11.1, 4;
    %pushi/vec4 1, 0, 32;
    %sub;
    %wait E_00000174903639c0;
    %jmp T_11.0;
T_11.1 ;
    %pop/vec4 1;
    %pushi/vec4 1, 0, 1;
    %store/vec4 v00000174903fb880_0, 0, 1;
    %wait E_00000174903639c0;
    %pushi/vec4 1, 0, 1;
    %store/vec4 v00000174903fb420_0, 0, 1;
    %fork TD_tb_matched_filter_2.load_reference, S_00000174903647f0;
    %join;
    %pushi/vec4 0, 0, 32;
    %store/vec4 v00000174903fb380_0, 0, 32;
    %pushi/vec4 0, 0, 32;
    %store/vec4 v00000174903faac0_0, 0, 32;
    %fork TD_tb_matched_filter_2.feed_window, S_00000174903a4920;
    %join;
    %fork TD_tb_matched_filter_2.wait_corr_valid, S_0000017490364980;
    %join;
    %load/vec4 v00000174903fbec0_0;
    %store/vec4 v00000174903fafc0_0, 0, 32;
    %load/vec4 v00000174903fc140_0;
    %cmpi/ne 1, 0, 32;
    %jmp/0xz  T_11.2, 6;
    %vpi_call 2 175 "$display", "FAILED: FIX-B1 expected 1 corr_valid pulse, got %0d", v00000174903fc140_0 {0 0 0};
    %vpi_call 2 176 "$fatal" {0 0 0};
T_11.2 ;
    %load/vec4 v00000174903fb920_0;
    %cmpi/ne 2109, 0, 32;
    %jmp/0xz  T_11.4, 6;
    %vpi_call 2 179 "$display", "FAILED: FIX-B1 expected %0d din_valid, got %0d", P_000001749037cde8, v00000174903fb920_0 {0 0 0};
    %vpi_call 2 180 "$fatal" {0 0 0};
T_11.4 ;
    %load/vec4 v00000174903fafc0_0;
    %cmpi/s 0, 0, 32;
    %flag_or 5, 4;
    %jmp/0xz  T_11.6, 5;
    %vpi_call 2 183 "$display", "FAILED: CHIRP_DETECT corr_peak not positive: %0d", v00000174903fafc0_0 {0 0 0};
    %vpi_call 2 184 "$fatal" {0 0 0};
T_11.6 ;
    %vpi_call 2 186 "$display", "CHIRP_DETECT: PASS (corr_peak=%0d, one pulse per %0d samples)", v00000174903fafc0_0, P_000001749037cde8 {0 0 0};
    %load/vec4 v00000174903fa660_0;
    %cmpi/ne 0, 0, 11;
    %jmp/0xz  T_11.8, 6;
    %vpi_call 2 189 "$display", "FAILED: PEAK_LAG_ZERO expected 0, got %0d", v00000174903fa660_0 {0 0 0};
    %vpi_call 2 190 "$fatal" {0 0 0};
T_11.8 ;
    %vpi_call 2 192 "$display", "PEAK_LAG_ZERO: PASS (peak_lag=%0d)", v00000174903fa660_0 {0 0 0};
    %pushi/vec4 1, 0, 32;
    %store/vec4 v00000174903fb380_0, 0, 32;
    %pushi/vec4 0, 0, 32;
    %store/vec4 v00000174903faac0_0, 0, 32;
    %fork TD_tb_matched_filter_2.feed_window, S_00000174903a4920;
    %join;
    %fork TD_tb_matched_filter_2.wait_corr_valid, S_0000017490364980;
    %join;
    %load/vec4 v00000174903fbec0_0;
    %store/vec4 v00000174903fa5c0_0, 0, 32;
    %load/vec4 v00000174903fafc0_0;
    %load/vec4 v00000174903fa5c0_0;
    %cmp/s;
    %flag_or 5, 4;
    %jmp/0xz  T_11.10, 5;
    %vpi_call 2 199 "$display", "FAILED: NOISE_REJECT noise peak %0d >= chirp peak %0d", v00000174903fa5c0_0, v00000174903fafc0_0 {0 0 0};
    %vpi_call 2 201 "$fatal" {0 0 0};
T_11.10 ;
    %vpi_call 2 203 "$display", "NOISE_REJECT: PASS (noise corr_peak=%0d << chirp %0d)", v00000174903fa5c0_0, v00000174903fafc0_0 {0 0 0};
    %pushi/vec4 2, 0, 32;
    %store/vec4 v00000174903fb380_0, 0, 32;
    %pushi/vec4 1000, 0, 32;
    %store/vec4 v00000174903faac0_0, 0, 32;
    %fork TD_tb_matched_filter_2.feed_window, S_00000174903a4920;
    %join;
    %fork TD_tb_matched_filter_2.wait_corr_valid, S_0000017490364980;
    %join;
    %load/vec4 v00000174903fac00_0;
    %cmpi/ne 1, 0, 1;
    %jmp/0xz  T_11.12, 6;
    %vpi_call 2 210 "$display", "FAILED: OTR_FLAG expected otr_out=1, got %b", v00000174903fac00_0 {0 0 0};
    %vpi_call 2 211 "$fatal" {0 0 0};
T_11.12 ;
    %vpi_call 2 213 "$display", "OTR_FLAG: PASS (otr_out=1 after single mid-window otr_in)" {0 0 0};
    %load/vec4 v00000174903fab60_0;
    %xor/r;
    %cmpi/e 1, 1, 1;
    %jmp/0xz  T_11.14, 6;
    %vpi_call 2 217 "$display", "FAILED: SCALING corr_peak is X/Z" {0 0 0};
    %vpi_call 2 218 "$fatal" {0 0 0};
T_11.14 ;
    %vpi_call 2 220 "$display", "NO_XZ: PASS (no X/Z on any output after reset)" {0 0 0};
    %vpi_call 2 221 "$display", "SCALING: PASS (corr_peak within signed 32-bit, never X/Z)" {0 0 0};
    %vpi_call 2 223 "$display", "ALL CHECKS PASSED - matched_filter_2" {0 0 0};
    %vpi_call 2 224 "$finish" {0 0 0};
    %end;
    .thread T_11;
    .scope S_00000174903a1820;
T_12 ;
    %delay 2755359744, 11;
    %vpi_call 2 229 "$display", "FAILED: watchdog timeout - no completion" {0 0 0};
    %vpi_call 2 230 "$fatal" {0 0 0};
    %end;
    .thread T_12;
# The file index is used to find the file name in the following table.
:file_names 4;
    "N/A";
    "<interactive>";
    "fpga/sim/tb_matched_filter_2.v";
    "fpga/src/matched_filter_2.v";
