#! /c/Source/iverilog-install/bin/vvp
:ivl_version "12.0 (devel)" "(s20150603-1539-g2693dd32b)";
:ivl_delay_selection "TYPICAL";
:vpi_time_precision - 12;
:vpi_module "C:\iverilog\lib\ivl\system.vpi";
:vpi_module "C:\iverilog\lib\ivl\vhdl_sys.vpi";
:vpi_module "C:\iverilog\lib\ivl\vhdl_textio.vpi";
:vpi_module "C:\iverilog\lib\ivl\v2005_math.vpi";
:vpi_module "C:\iverilog\lib\ivl\va_math.vpi";
S_000001944f44bca0 .scope module, "tb_adc_interface" "tb_adc_interface" 2 22;
 .timescale -9 -12;
P_000001944f48e1a0 .param/l "CLK_DIV_HALF" 1 2 24, +C4<00000000000000000000000000000100>;
L_000001944f4a1610 .functor NOT 1, v000001944f4ae610_0, C4<0>, C4<0>, C4<0>;
L_000001944f4a1920 .functor AND 1, v000001944f4ae6b0_0, L_000001944f4a1610, C4<1>, C4<1>;
v000001944f4aec50_0 .net *"_ivl_0", 0 0, L_000001944f4a1610;  1 drivers
v000001944f4aea70_0 .net "adc_clk", 0 0, v000001944f4ae6b0_0;  1 drivers
v000001944f4ae610_0 .var "adc_clk_d", 0 0;
v000001944f4aeb10_0 .var "adc_data", 11 0;
v000001944f4adfd0_0 .var "clk", 0 0;
v000001944f4ae390_0 .var "drive_otr", 0 0;
v000001944f4aed90_0 .var "drive_val", 11 0;
v000001944f4ae070_0 .var "emit_data", 11 0;
v000001944f4ae750_0 .var "emit_known", 0 0;
v000001944f4ae4d0_0 .var "emit_otr", 0 0;
v000001944f4ae7f0_0 .var/i "enc_edges", 31 0;
v000001944f4ae570_0 .net "enc_rising", 0 0, L_000001944f4a1920;  1 drivers
v000001944f502be0_0 .var/i "errors", 31 0;
v000001944f503360_0 .var "expected_sample", 11 0;
v000001944f5037c0_0 .var "otr", 0 0;
v000001944f502a00_0 .var/i "otr_clamped_seen", 31 0;
v000001944f503860_0 .var "rst_n", 0 0;
v000001944f502d20_0 .net "sample_out", 11 0, v000001944f4aeed0_0;  1 drivers
v000001944f503720_0 .net "sample_valid", 0 0, v000001944f4aebb0_0;  1 drivers
v000001944f502960_0 .var/i "valid_count", 31 0;
E_000001944f48d960 .event anyedge, v000001944f4aed90_0, v000001944f4ae390_0;
S_000001944f48bd80 .scope module, "dut" "adc_interface" 2 43, 3 13 0, S_000001944f44bca0;
 .timescale -9 -12;
    .port_info 0 /INPUT 1 "clk";
    .port_info 1 /INPUT 1 "rst_n";
    .port_info 2 /INPUT 12 "adc_data";
    .port_info 3 /INPUT 1 "otr";
    .port_info 4 /OUTPUT 1 "adc_clk";
    .port_info 5 /OUTPUT 12 "sample_out";
    .port_info 6 /OUTPUT 1 "sample_valid";
P_000001944f48dfe0 .param/l "CLK_DIV_HALF" 0 3 16, +C4<00000000000000000000000000000100>;
L_000001944f4a1df0 .functor NOT 1, v000001944f4ae430_0, C4<0>, C4<0>, C4<0>;
L_000001944f4a1760 .functor AND 1, v000001944f4ae6b0_0, L_000001944f4a1df0, C4<1>, C4<1>;
v000001944f4ae110_0 .net *"_ivl_0", 0 0, L_000001944f4a1df0;  1 drivers
v000001944f4ae6b0_0 .var "adc_clk", 0 0;
v000001944f4ae430_0 .var "adc_clk_q", 0 0;
v000001944f4ae930_0 .net "adc_clk_rising", 0 0, L_000001944f4a1760;  1 drivers
v000001944f4ae1b0_0 .net "adc_data", 11 0, v000001944f4aeb10_0;  1 drivers
v000001944f4aee30_0 .net "clk", 0 0, v000001944f4adfd0_0;  1 drivers
v000001944f4ae250_0 .var "div_count", 2 0;
v000001944f4ae890_0 .var "lat_active", 0 0;
v000001944f4ae2f0_0 .var "lat_count", 2 0;
v000001944f4aecf0_0 .net "otr", 0 0, v000001944f5037c0_0;  1 drivers
v000001944f4ae9d0_0 .net "rst_n", 0 0, v000001944f503860_0;  1 drivers
v000001944f4aeed0_0 .var "sample_out", 11 0;
v000001944f4aebb0_0 .var "sample_valid", 0 0;
E_000001944f48e1e0 .event posedge, v000001944f4aee30_0;
    .scope S_000001944f48bd80;
T_0 ;
    %wait E_000001944f48e1e0;
    %load/vec4 v000001944f4ae9d0_0;
    %nor/r;
    %flag_set/vec4 8;
    %jmp/0xz  T_0.0, 8;
    %pushi/vec4 0, 0, 3;
    %assign/vec4 v000001944f4ae250_0, 0;
    %pushi/vec4 0, 0, 1;
    %assign/vec4 v000001944f4ae6b0_0, 0;
    %pushi/vec4 0, 0, 1;
    %assign/vec4 v000001944f4ae430_0, 0;
    %pushi/vec4 0, 0, 3;
    %assign/vec4 v000001944f4ae2f0_0, 0;
    %pushi/vec4 0, 0, 1;
    %assign/vec4 v000001944f4ae890_0, 0;
    %pushi/vec4 0, 0, 12;
    %assign/vec4 v000001944f4aeed0_0, 0;
    %pushi/vec4 0, 0, 1;
    %assign/vec4 v000001944f4aebb0_0, 0;
    %jmp T_0.1;
T_0.0 ;
    %load/vec4 v000001944f4ae6b0_0;
    %assign/vec4 v000001944f4ae430_0, 0;
    %load/vec4 v000001944f4ae250_0;
    %pad/u 32;
    %cmpi/e 3, 0, 32;
    %jmp/0xz  T_0.2, 4;
    %pushi/vec4 0, 0, 3;
    %assign/vec4 v000001944f4ae250_0, 0;
    %load/vec4 v000001944f4ae6b0_0;
    %inv;
    %assign/vec4 v000001944f4ae6b0_0, 0;
    %jmp T_0.3;
T_0.2 ;
    %load/vec4 v000001944f4ae250_0;
    %addi 1, 0, 3;
    %assign/vec4 v000001944f4ae250_0, 0;
T_0.3 ;
    %pushi/vec4 0, 0, 1;
    %assign/vec4 v000001944f4aebb0_0, 0;
    %load/vec4 v000001944f4ae930_0;
    %flag_set/vec4 8;
    %jmp/0xz  T_0.4, 8;
    %load/vec4 v000001944f4ae890_0;
    %nor/r;
    %flag_set/vec4 8;
    %jmp/0xz  T_0.6, 8;
    %pushi/vec4 1, 0, 1;
    %assign/vec4 v000001944f4ae890_0, 0;
    %pushi/vec4 1, 0, 3;
    %assign/vec4 v000001944f4ae2f0_0, 0;
    %jmp T_0.7;
T_0.6 ;
    %load/vec4 v000001944f4ae2f0_0;
    %cmpi/u 7, 0, 3;
    %jmp/0xz  T_0.8, 5;
    %load/vec4 v000001944f4ae2f0_0;
    %addi 1, 0, 3;
    %assign/vec4 v000001944f4ae2f0_0, 0;
    %jmp T_0.9;
T_0.8 ;
    %load/vec4 v000001944f4ae1b0_0;
    %assign/vec4 v000001944f4aeed0_0, 0;
    %pushi/vec4 1, 0, 1;
    %assign/vec4 v000001944f4aebb0_0, 0;
    %pushi/vec4 7, 0, 3;
    %assign/vec4 v000001944f4ae2f0_0, 0;
T_0.9 ;
T_0.7 ;
T_0.4 ;
T_0.1 ;
    %jmp T_0;
    .thread T_0;
    .scope S_000001944f44bca0;
T_1 ;
    %pushi/vec4 0, 0, 1;
    %store/vec4 v000001944f4adfd0_0, 0, 1;
    %end;
    .thread T_1;
    .scope S_000001944f44bca0;
T_2 ;
    %delay 18519, 0;
    %load/vec4 v000001944f4adfd0_0;
    %inv;
    %store/vec4 v000001944f4adfd0_0, 0, 1;
    %jmp T_2;
    .thread T_2;
    .scope S_000001944f44bca0;
T_3 ;
    %wait E_000001944f48e1e0;
    %load/vec4 v000001944f4aea70_0;
    %assign/vec4 v000001944f4ae610_0, 0;
    %jmp T_3;
    .thread T_3;
    .scope S_000001944f44bca0;
T_4 ;
    %wait E_000001944f48e1e0;
    %load/vec4 v000001944f503860_0;
    %nor/r;
    %flag_set/vec4 8;
    %jmp/0xz  T_4.0, 8;
    %pushi/vec4 0, 0, 32;
    %assign/vec4 v000001944f4ae7f0_0, 0;
    %pushi/vec4 2032, 0, 12;
    %assign/vec4 v000001944f4aed90_0, 0;
    %pushi/vec4 0, 0, 1;
    %assign/vec4 v000001944f4ae390_0, 0;
    %pushi/vec4 0, 0, 12;
    %assign/vec4 v000001944f4ae070_0, 0;
    %pushi/vec4 0, 0, 1;
    %assign/vec4 v000001944f4ae4d0_0, 0;
    %pushi/vec4 0, 0, 1;
    %assign/vec4 v000001944f4ae750_0, 0;
    %jmp T_4.1;
T_4.0 ;
    %load/vec4 v000001944f4ae570_0;
    %flag_set/vec4 8;
    %jmp/0xz  T_4.2, 8;
    %load/vec4 v000001944f4aed90_0;
    %assign/vec4 v000001944f4ae070_0, 0;
    %load/vec4 v000001944f4ae390_0;
    %assign/vec4 v000001944f4ae4d0_0, 0;
    %pushi/vec4 1, 0, 1;
    %assign/vec4 v000001944f4ae750_0, 0;
    %load/vec4 v000001944f4ae7f0_0;
    %addi 1, 0, 32;
    %assign/vec4 v000001944f4ae7f0_0, 0;
    %load/vec4 v000001944f4aed90_0;
    %addi 1, 0, 12;
    %assign/vec4 v000001944f4aed90_0, 0;
    %load/vec4 v000001944f4aed90_0;
    %cmpi/u 2048, 0, 12;
    %flag_inv 5; GE is !LT
    %flag_get/vec4 5;
    %jmp/0 T_4.6, 5;
    %load/vec4 v000001944f4aed90_0;
    %cmpi/u 2050, 0, 12;
    %flag_get/vec4 4;
    %flag_get/vec4 5;
    %or;
    %and;
T_4.6;
    %flag_set/vec4 8;
    %jmp/0xz  T_4.4, 8;
    %pushi/vec4 1, 0, 1;
    %assign/vec4 v000001944f4ae390_0, 0;
    %jmp T_4.5;
T_4.4 ;
    %pushi/vec4 0, 0, 1;
    %assign/vec4 v000001944f4ae390_0, 0;
T_4.5 ;
T_4.2 ;
T_4.1 ;
    %jmp T_4;
    .thread T_4;
    .scope S_000001944f44bca0;
T_5 ;
    %wait E_000001944f48d960;
    %load/vec4 v000001944f4aed90_0;
    %store/vec4 v000001944f4aeb10_0, 0, 12;
    %load/vec4 v000001944f4ae390_0;
    %store/vec4 v000001944f5037c0_0, 0, 1;
    %jmp T_5;
    .thread T_5, $push;
    .scope S_000001944f44bca0;
T_6 ;
    %wait E_000001944f48e1e0;
    %load/vec4 v000001944f503860_0;
    %flag_set/vec4 9;
    %flag_get/vec4 9;
    %jmp/0 T_6.2, 9;
    %load/vec4 v000001944f503720_0;
    %and;
T_6.2;
    %flag_set/vec4 8;
    %jmp/0xz  T_6.0, 8;
    %load/vec4 v000001944f502960_0;
    %addi 1, 0, 32;
    %store/vec4 v000001944f502960_0, 0, 32;
    %load/vec4 v000001944f502d20_0;
    %xor/r;
    %cmpi/e 1, 1, 1;
    %jmp/0xz  T_6.3, 6;
    %vpi_call 2 115 "$display", "FAIL: sample_out has X/Z = %b at t=%0t", v000001944f502d20_0, $time {0 0 0};
    %load/vec4 v000001944f502be0_0;
    %addi 1, 0, 32;
    %store/vec4 v000001944f502be0_0, 0, 32;
T_6.3 ;
    %load/vec4 v000001944f4ae750_0;
    %flag_set/vec4 8;
    %jmp/0xz  T_6.5, 8;
    %load/vec4 v000001944f4ae070_0;
    %store/vec4 v000001944f503360_0, 0, 12;
    %load/vec4 v000001944f502d20_0;
    %load/vec4 v000001944f503360_0;
    %cmp/ne;
    %jmp/0xz  T_6.7, 6;
    %vpi_call 2 124 "$display", "FAIL: sample_out=0x%03h expected 0x%03h (otr=%b raw=0x%03h) t=%0t", v000001944f502d20_0, v000001944f503360_0, v000001944f4ae4d0_0, v000001944f4ae070_0, $time {0 0 0};
    %load/vec4 v000001944f502be0_0;
    %addi 1, 0, 32;
    %store/vec4 v000001944f502be0_0, 0, 32;
    %jmp T_6.8;
T_6.7 ;
    %load/vec4 v000001944f4ae4d0_0;
    %flag_set/vec4 8;
    %jmp/0xz  T_6.9, 8;
    %load/vec4 v000001944f502a00_0;
    %addi 1, 0, 32;
    %store/vec4 v000001944f502a00_0, 0, 32;
    %vpi_call 2 129 "$display", "  ok: OTR flag set, pass-through -> sample_out=0x%03h (raw 0x%03h)", v000001944f502d20_0, v000001944f4ae070_0 {0 0 0};
    %jmp T_6.10;
T_6.9 ;
    %vpi_call 2 132 "$display", "  ok: pass-through sample_out=0x%03h", v000001944f502d20_0 {0 0 0};
T_6.10 ;
T_6.8 ;
T_6.5 ;
T_6.0 ;
    %jmp T_6;
    .thread T_6;
    .scope S_000001944f44bca0;
T_7 ;
    %wait E_000001944f48e1e0;
    %load/vec4 v000001944f503860_0;
    %flag_set/vec4 8;
    %jmp/0xz  T_7.0, 8;
    %load/vec4 v000001944f4aea70_0;
    %cmpi/e 1, 1, 1;
    %jmp/1 T_7.4, 6;
    %flag_mov 8, 6;
    %load/vec4 v000001944f4aea70_0;
    %cmpi/e 0, 1, 1;
    %flag_or 6, 8;
T_7.4;
    %jmp/0xz  T_7.2, 6;
    %vpi_call 2 142 "$display", "FAIL: adc_clk is X/Z at t=%0t", $time {0 0 0};
    %load/vec4 v000001944f502be0_0;
    %addi 1, 0, 32;
    %store/vec4 v000001944f502be0_0, 0, 32;
T_7.2 ;
T_7.0 ;
    %jmp T_7;
    .thread T_7;
    .scope S_000001944f44bca0;
T_8 ;
    %pushi/vec4 0, 0, 32;
    %store/vec4 v000001944f502be0_0, 0, 32;
    %pushi/vec4 0, 0, 32;
    %store/vec4 v000001944f502960_0, 0, 32;
    %pushi/vec4 0, 0, 32;
    %store/vec4 v000001944f502a00_0, 0, 32;
    %pushi/vec4 0, 0, 1;
    %store/vec4 v000001944f503860_0, 0, 1;
    %pushi/vec4 0, 0, 1;
    %store/vec4 v000001944f4ae610_0, 0, 1;
    %pushi/vec4 10, 0, 32;
T_8.0 %dup/vec4;
    %pushi/vec4 0, 0, 32;
    %cmp/s;
    %jmp/1xz T_8.1, 5;
    %jmp/1 T_8.1, 4;
    %pushi/vec4 1, 0, 32;
    %sub;
    %wait E_000001944f48e1e0;
    %jmp T_8.0;
T_8.1 ;
    %pop/vec4 1;
    %pushi/vec4 1, 0, 1;
    %assign/vec4 v000001944f503860_0, 0;
    %wait E_000001944f48e1e0;
T_8.2 ;
    %load/vec4 v000001944f502960_0;
    %cmpi/s 40, 0, 32;
    %jmp/0xz T_8.3, 5;
    %wait E_000001944f48e1e0;
    %jmp T_8.2;
T_8.3 ;
    %pushi/vec4 40, 0, 32;
T_8.4 %dup/vec4;
    %pushi/vec4 0, 0, 32;
    %cmp/s;
    %jmp/1xz T_8.5, 5;
    %jmp/1 T_8.5, 4;
    %pushi/vec4 1, 0, 32;
    %sub;
    %wait E_000001944f48e1e0;
    %jmp T_8.4;
T_8.5 ;
    %pop/vec4 1;
    %vpi_call 2 163 "$display", "=========================================" {0 0 0};
    %vpi_call 2 164 "$display", "  ENCODE edges seen:      %0d", v000001944f4ae7f0_0 {0 0 0};
    %vpi_call 2 165 "$display", "  sample_valid pulses:    %0d", v000001944f502960_0 {0 0 0};
    %vpi_call 2 166 "$display", "  OTR-clamped samples:    %0d (expected 3)", v000001944f502a00_0 {0 0 0};
    %load/vec4 v000001944f502a00_0;
    %cmpi/ne 3, 0, 32;
    %jmp/0xz  T_8.6, 6;
    %vpi_call 2 168 "$display", "FAIL: expected exactly 3 OTR-clamped samples, saw %0d", v000001944f502a00_0 {0 0 0};
    %load/vec4 v000001944f502be0_0;
    %addi 1, 0, 32;
    %store/vec4 v000001944f502be0_0, 0, 32;
T_8.6 ;
    %load/vec4 v000001944f502be0_0;
    %cmpi/e 0, 0, 32;
    %jmp/0xz  T_8.8, 4;
    %vpi_call 2 172 "$display", "PASS: adc_interface ENCODE timing, clamp + pass-through verified, no X/Z" {0 0 0};
    %jmp T_8.9;
T_8.8 ;
    %vpi_call 2 174 "$display", "FAIL: adc_interface had %0d error(s)", v000001944f502be0_0 {0 0 0};
T_8.9 ;
    %vpi_call 2 175 "$display", "SIMULATION COMPLETE" {0 0 0};
    %vpi_call 2 176 "$finish" {0 0 0};
    %end;
    .thread T_8;
    .scope S_000001944f44bca0;
T_9 ;
    %delay 705032704, 1;
    %vpi_call 2 182 "$display", "FAIL: testbench timeout" {0 0 0};
    %vpi_call 2 183 "$finish" {0 0 0};
    %end;
    .thread T_9;
# The file index is used to find the file name in the following table.
:file_names 4;
    "N/A";
    "<interactive>";
    "fpga/sim/tb_adc_interface.v";
    "fpga/src/adc_interface.v";
