#! /c/Source/iverilog-install/bin/vvp
:ivl_version "12.0 (devel)" "(s20150603-1539-g2693dd32b)";
:ivl_delay_selection "TYPICAL";
:vpi_time_precision - 12;
:vpi_module "C:\iverilog\lib\ivl\system.vpi";
:vpi_module "C:\iverilog\lib\ivl\vhdl_sys.vpi";
:vpi_module "C:\iverilog\lib\ivl\vhdl_textio.vpi";
:vpi_module "C:\iverilog\lib\ivl\v2005_math.vpi";
:vpi_module "C:\iverilog\lib\ivl\va_math.vpi";
S_0000022af6b7e930 .scope module, "tb_peak_detector" "tb_peak_detector" 2 10;
 .timescale -9 -12;
v0000022af6be06a0_0 .var "FLOOR", 31 0;
v0000022af6be1460_0 .var "K_SHIFT", 4 0;
v0000022af6be1f00_0 .var "SNR_SHIFT", 4 0;
v0000022af6be1640_0 .var "clk", 0 0;
v0000022af6be1be0_0 .var/s "corr_peak_ch1", 31 0;
v0000022af6be16e0_0 .var/s "corr_peak_ch2", 31 0;
v0000022af6be1960_0 .net "corr_peak_out", 31 0, v0000022af6bdf3b0_0;  1 drivers
v0000022af6be1780_0 .var "corr_valid_ch1", 0 0;
v0000022af6be0c40_0 .var "corr_valid_ch2", 0 0;
v0000022af6be0740_0 .net "data_valid", 0 0, v0000022af6be2540_0;  1 drivers
v0000022af6be0880_0 .var/i "errors", 31 0;
v0000022af6be1320_0 .var "otr_ch1", 0 0;
v0000022af6be0920_0 .var "otr_ch2", 0 0;
v0000022af6be09c0_0 .net "otr_out", 0 0, v0000022af6be1500_0;  1 drivers
v0000022af6be1d20_0 .var "peak_lag_ch1", 10 0;
v0000022af6be0ce0_0 .var "peak_lag_ch2", 10 0;
v0000022af6be0a60_0 .net "peak_lag_out", 10 0, v0000022af6be2180_0;  1 drivers
v0000022af6be0d80_0 .var "rst_n", 0 0;
v0000022af6be0e20_0 .net "snr_out", 7 0, v0000022af6be1dc0_0;  1 drivers
v0000022af6be0f60_0 .net "target_id", 7 0, v0000022af6be1140_0;  1 drivers
v0000022af6be1000_0 .var/i "w", 31 0;
S_0000022af6b79a70 .scope task, "check_no_xz" "check_no_xz" 2 88, 2 88 0, S_0000022af6b7e930;
 .timescale -9 -12;
TD_tb_peak_detector.check_no_xz ;
    %load/vec4 v0000022af6be0f60_0;
    %load/vec4 v0000022af6be1960_0;
    %concat/vec4; draw_concat_vec4
    %load/vec4 v0000022af6be0e20_0;
    %concat/vec4; draw_concat_vec4
    %load/vec4 v0000022af6be0a60_0;
    %concat/vec4; draw_concat_vec4
    %load/vec4 v0000022af6be09c0_0;
    %concat/vec4; draw_concat_vec4
    %load/vec4 v0000022af6be0740_0;
    %concat/vec4; draw_concat_vec4
    %xor/r;
    %cmpi/e 1, 1, 1;
    %jmp/0xz  T_0.0, 6;
    %vpi_call 2 91 "$display", "FAILED: X/Z detected on outputs" {0 0 0};
    %load/vec4 v0000022af6be0880_0;
    %addi 1, 0, 32;
    %store/vec4 v0000022af6be0880_0, 0, 32;
T_0.0 ;
    %end;
S_0000022af6b81920 .scope task, "check_target" "check_target" 2 73, 2 73 0, S_0000022af6b7e930;
 .timescale -9 -12;
v0000022af6b33280_0 .var "expected", 7 0;
v0000022af6b336e0_0 .var "name", 127 0;
TD_tb_peak_detector.check_target ;
    %load/vec4 v0000022af6be0f60_0;
    %load/vec4 v0000022af6b33280_0;
    %cmp/e;
    %jmp/0xz  T_1.2, 6;
    %vpi_call 2 78 "$display", "PASS: %0s -> target_id=0x%02h", v0000022af6b336e0_0, v0000022af6be0f60_0 {0 0 0};
    %jmp T_1.3;
T_1.2 ;
    %vpi_call 2 80 "$display", "FAILED: %0s -> expected target_id=0x%02h got 0x%02h", v0000022af6b336e0_0, v0000022af6b33280_0, v0000022af6be0f60_0 {0 0 0};
    %load/vec4 v0000022af6be0880_0;
    %addi 1, 0, 32;
    %store/vec4 v0000022af6be0880_0, 0, 32;
T_1.3 ;
    %end;
S_0000022af6b829a0 .scope task, "drive_both" "drive_both" 2 57, 2 57 0, S_0000022af6b7e930;
 .timescale -9 -12;
v0000022af6b32ce0_0 .var/s "c1", 31 0;
v0000022af6b33140_0 .var/s "c2", 31 0;
v0000022af6b32a60_0 .var "l1", 10 0;
v0000022af6b32ec0_0 .var "l2", 10 0;
v0000022af6b32f60_0 .var "o1", 0 0;
v0000022af6b330a0_0 .var "o2", 0 0;
E_0000022af6b6c8f0 .event negedge, v0000022af6bdecd0_0;
E_0000022af6b6c3b0 .event anyedge, v0000022af6be2540_0;
TD_tb_peak_detector.drive_both ;
    %wait E_0000022af6b6c8f0;
    %load/vec4 v0000022af6b32ce0_0;
    %store/vec4 v0000022af6be1be0_0, 0, 32;
    %load/vec4 v0000022af6b32a60_0;
    %store/vec4 v0000022af6be1d20_0, 0, 11;
    %load/vec4 v0000022af6b32f60_0;
    %store/vec4 v0000022af6be1320_0, 0, 1;
    %pushi/vec4 1, 0, 1;
    %store/vec4 v0000022af6be1780_0, 0, 1;
    %load/vec4 v0000022af6b33140_0;
    %store/vec4 v0000022af6be16e0_0, 0, 32;
    %load/vec4 v0000022af6b32ec0_0;
    %store/vec4 v0000022af6be0ce0_0, 0, 11;
    %load/vec4 v0000022af6b330a0_0;
    %store/vec4 v0000022af6be0920_0, 0, 1;
    %pushi/vec4 1, 0, 1;
    %store/vec4 v0000022af6be0c40_0, 0, 1;
    %wait E_0000022af6b6c8f0;
    %pushi/vec4 0, 0, 1;
    %store/vec4 v0000022af6be1780_0, 0, 1;
    %pushi/vec4 0, 0, 1;
    %store/vec4 v0000022af6be0c40_0, 0, 1;
T_2.4 ;
    %load/vec4 v0000022af6be0740_0;
    %pushi/vec4 1, 0, 1;
    %cmp/e;
    %flag_get/vec4 4;
    %cmpi/ne 1, 0, 1;
    %jmp/0xz T_2.5, 6;
    %wait E_0000022af6b6c3b0;
    %jmp T_2.4;
T_2.5 ;
    %wait E_0000022af6b6c8f0;
    %end;
S_0000022af6b4cc60 .scope module, "dut" "peak_detector" 2 38, 3 58 0, S_0000022af6b7e930;
 .timescale -9 -12;
    .port_info 0 /INPUT 1 "clk";
    .port_info 1 /INPUT 1 "rst_n";
    .port_info 2 /INPUT 32 "corr_peak_ch1";
    .port_info 3 /INPUT 11 "peak_lag_ch1";
    .port_info 4 /INPUT 1 "otr_ch1";
    .port_info 5 /INPUT 1 "corr_valid_ch1";
    .port_info 6 /INPUT 32 "corr_peak_ch2";
    .port_info 7 /INPUT 11 "peak_lag_ch2";
    .port_info 8 /INPUT 1 "otr_ch2";
    .port_info 9 /INPUT 1 "corr_valid_ch2";
    .port_info 10 /INPUT 5 "K_SHIFT";
    .port_info 11 /INPUT 32 "FLOOR";
    .port_info 12 /INPUT 5 "SNR_SHIFT";
    .port_info 13 /OUTPUT 8 "target_id";
    .port_info 14 /OUTPUT 32 "corr_peak_out";
    .port_info 15 /OUTPUT 8 "snr_out";
    .port_info 16 /OUTPUT 11 "peak_lag_out";
    .port_info 17 /OUTPUT 1 "otr_out";
    .port_info 18 /OUTPUT 1 "data_valid";
P_0000022af6b45670 .param/l "ABS_MAX" 1 3 101, C4<01111111111111111111111111111111>;
P_0000022af6b456a8 .param/l "AGE_HOLD" 1 3 98, C4<1111111111111>;
P_0000022af6b456e0 .param/l "AGE_LIMIT" 1 3 97, C4<1000001111010>;
P_0000022af6b45718 .param/l "AGE_W" 1 3 96, +C4<00000000000000000000000000001101>;
P_0000022af6b45750 .param/l "N_TAPS" 1 3 92, +C4<00000000000000000000100000111101>;
P_0000022af6b45788 .param/l "STALE_MAX" 1 3 94, +C4<00000000000000000001000001111010>;
L_0000022af6b6bea0 .functor NOT 32, v0000022af6be1be0_0, C4<00000000000000000000000000000000>, C4<00000000000000000000000000000000>, C4<00000000000000000000000000000000>;
L_0000022af6b6b110 .functor NOT 32, v0000022af6be16e0_0, C4<00000000000000000000000000000000>, C4<00000000000000000000000000000000>, C4<00000000000000000000000000000000>;
L_0000022af6b6b180 .functor AND 1, L_0000022af6be2a70, L_0000022af6be2d90, C4<1>, C4<1>;
L_0000022af6b6b0a0 .functor AND 1, L_0000022af6be38d0, L_0000022af6be2e30, C4<1>, C4<1>;
L_0000022af6b6bb90 .functor OR 1, v0000022af6be2400_0, v0000022af6be1780_0, C4<0>, C4<0>;
L_0000022af6b6be30 .functor OR 1, v0000022af6be1a00_0, v0000022af6be0c40_0, C4<0>, C4<0>;
L_0000022af6b6afc0 .functor OR 1, v0000022af6be1780_0, v0000022af6be0c40_0, C4<0>, C4<0>;
L_0000022af6b6bc70 .functor AND 1, L_0000022af6b6afc0, L_0000022af6b6bb90, C4<1>, C4<1>;
L_0000022af6b6bce0 .functor AND 1, L_0000022af6b6bc70, L_0000022af6b6be30, C4<1>, C4<1>;
v0000022af6bdea50_0 .net "FLOOR", 31 0, v0000022af6be06a0_0;  1 drivers
v0000022af6bdf9f0_0 .net "K_SHIFT", 4 0, v0000022af6be1460_0;  1 drivers
v0000022af6bdf1d0_0 .net "SNR_SHIFT", 4 0, v0000022af6be1f00_0;  1 drivers
v0000022af6bdfdb0_0 .net *"_ivl_1", 0 0, L_0000022af6be11e0;  1 drivers
L_0000022af8510118 .functor BUFT 1, C4<00000000000000000000000000000001>, C4<0>, C4<0>, C4<0>;
v0000022af6be0530_0 .net/2u *"_ivl_10", 31 0, L_0000022af8510118;  1 drivers
v0000022af6bdf090_0 .net *"_ivl_12", 31 0, L_0000022af6be13c0;  1 drivers
v0000022af6bdf630_0 .net *"_ivl_14", 31 0, L_0000022af6be1b40;  1 drivers
v0000022af6bdf810_0 .net *"_ivl_19", 0 0, L_0000022af6be2ed0;  1 drivers
L_0000022af8510088 .functor BUFT 1, C4<10000000000000000000000000000000>, C4<0>, C4<0>, C4<0>;
v0000022af6bdf450_0 .net/2s *"_ivl_2", 31 0, L_0000022af8510088;  1 drivers
L_0000022af8510160 .functor BUFT 1, C4<10000000000000000000000000000000>, C4<0>, C4<0>, C4<0>;
v0000022af6bdfbd0_0 .net/2s *"_ivl_20", 31 0, L_0000022af8510160;  1 drivers
v0000022af6be02b0_0 .net *"_ivl_22", 0 0, L_0000022af6be2890;  1 drivers
L_0000022af85101a8 .functor BUFT 1, C4<01111111111111111111111111111111>, C4<0>, C4<0>, C4<0>;
v0000022af6bdf4f0_0 .net/2u *"_ivl_24", 31 0, L_0000022af85101a8;  1 drivers
v0000022af6bde9b0_0 .net *"_ivl_26", 31 0, L_0000022af6b6b110;  1 drivers
L_0000022af85101f0 .functor BUFT 1, C4<00000000000000000000000000000001>, C4<0>, C4<0>, C4<0>;
v0000022af6bdf6d0_0 .net/2u *"_ivl_28", 31 0, L_0000022af85101f0;  1 drivers
v0000022af6bded70_0 .net *"_ivl_30", 31 0, L_0000022af6be4550;  1 drivers
v0000022af6bdfc70_0 .net *"_ivl_32", 31 0, L_0000022af6be35b0;  1 drivers
L_0000022af8510238 .functor BUFT 1, C4<1000001111010>, C4<0>, C4<0>, C4<0>;
v0000022af6bdf130_0 .net/2u *"_ivl_36", 12 0, L_0000022af8510238;  1 drivers
v0000022af6bdeaf0_0 .net *"_ivl_4", 0 0, L_0000022af6be1820;  1 drivers
L_0000022af8510280 .functor BUFT 1, C4<1000001111010>, C4<0>, C4<0>, C4<0>;
v0000022af6bdfa90_0 .net/2u *"_ivl_40", 12 0, L_0000022af8510280;  1 drivers
L_0000022af85102c8 .functor BUFT 1, C4<00000000000000000000000000000000>, C4<0>, C4<0>, C4<0>;
v0000022af6bdfe50_0 .net/2u *"_ivl_44", 31 0, L_0000022af85102c8;  1 drivers
L_0000022af8510310 .functor BUFT 1, C4<00000000000000000000000000000000>, C4<0>, C4<0>, C4<0>;
v0000022af6bdfef0_0 .net/2u *"_ivl_48", 31 0, L_0000022af8510310;  1 drivers
v0000022af6bdeff0_0 .net *"_ivl_56", 0 0, L_0000022af6be2a70;  1 drivers
v0000022af6bdf770_0 .net *"_ivl_58", 0 0, L_0000022af6be2d90;  1 drivers
L_0000022af85100d0 .functor BUFT 1, C4<01111111111111111111111111111111>, C4<0>, C4<0>, C4<0>;
v0000022af6bdf8b0_0 .net/2u *"_ivl_6", 31 0, L_0000022af85100d0;  1 drivers
v0000022af6bdf950_0 .net *"_ivl_62", 0 0, L_0000022af6be38d0;  1 drivers
v0000022af6bdfb30_0 .net *"_ivl_64", 0 0, L_0000022af6be2e30;  1 drivers
v0000022af6bdfd10_0 .net *"_ivl_72", 0 0, L_0000022af6b6afc0;  1 drivers
v0000022af6bdff90_0 .net *"_ivl_74", 0 0, L_0000022af6b6bc70;  1 drivers
v0000022af6bdee10_0 .net *"_ivl_8", 31 0, L_0000022af6b6bea0;  1 drivers
v0000022af6bde910_0 .net "abs1_64", 63 0, L_0000022af6be3ab0;  1 drivers
v0000022af6be0030_0 .net "abs1_scaled", 63 0, L_0000022af6be3650;  1 drivers
v0000022af6be00d0_0 .net "abs2_64", 63 0, L_0000022af6be4410;  1 drivers
v0000022af6be0490_0 .net "abs2_scaled", 63 0, L_0000022af6be36f0;  1 drivers
v0000022af6bdeeb0_0 .net "abs_ch1_w", 31 0, L_0000022af6bdf590;  1 drivers
v0000022af6bde7d0_0 .net "abs_ch2_w", 31 0, L_0000022af6be3470;  1 drivers
v0000022af6be0170_0 .var "age_ch1", 12 0;
v0000022af6bde690_0 .var "age_ch2", 12 0;
v0000022af6bdeb90_0 .net "ch1_dominant", 0 0, L_0000022af6b6b180;  1 drivers
v0000022af6bde870_0 .net "ch1_stale", 0 0, L_0000022af6be42d0;  1 drivers
v0000022af6bdec30_0 .net "ch2_dominant", 0 0, L_0000022af6b6b0a0;  1 drivers
v0000022af6bdf270_0 .net "ch2_stale", 0 0, L_0000022af6be3510;  1 drivers
v0000022af6bdecd0_0 .net "clk", 0 0, v0000022af6be1640_0;  1 drivers
v0000022af6bdef50_0 .net/s "corr_peak_ch1", 31 0, v0000022af6be1be0_0;  1 drivers
v0000022af6bdf310_0 .net/s "corr_peak_ch2", 31 0, v0000022af6be16e0_0;  1 drivers
v0000022af6bdf3b0_0 .var "corr_peak_out", 31 0;
v0000022af6be18c0_0 .net "corr_valid_ch1", 0 0, v0000022af6be1780_0;  1 drivers
v0000022af6be24a0_0 .net "corr_valid_ch2", 0 0, v0000022af6be0c40_0;  1 drivers
v0000022af6be2540_0 .var "data_valid", 0 0;
v0000022af6be10a0_0 .net "decide", 0 0, L_0000022af6b6bce0;  1 drivers
v0000022af6be0b00_0 .var "decide_q", 0 0;
v0000022af6be20e0_0 .var "latch_abs1", 31 0;
v0000022af6be22c0_0 .var "latch_abs2", 31 0;
v0000022af6be07e0_0 .var "latch_lag1", 10 0;
v0000022af6be0ba0_0 .var "latch_lag2", 10 0;
v0000022af6be0ec0_0 .var "latch_otr1", 0 0;
v0000022af6be2040_0 .var "latch_otr2", 0 0;
v0000022af6be1aa0_0 .net "otr_ch1", 0 0, v0000022af6be1320_0;  1 drivers
v0000022af6be1e60_0 .net "otr_ch2", 0 0, v0000022af6be0920_0;  1 drivers
v0000022af6be1500_0 .var "otr_out", 0 0;
v0000022af6be15a0_0 .net "peak_lag_ch1", 10 0, v0000022af6be1d20_0;  1 drivers
v0000022af6be1fa0_0 .net "peak_lag_ch2", 10 0, v0000022af6be0ce0_0;  1 drivers
v0000022af6be2180_0 .var "peak_lag_out", 10 0;
v0000022af6be2220_0 .net "rst_n", 0 0, v0000022af6be0d80_0;  1 drivers
v0000022af6be1c80_0 .net "seen1_now", 0 0, L_0000022af6b6bb90;  1 drivers
v0000022af6be2360_0 .net "seen2_now", 0 0, L_0000022af6b6be30;  1 drivers
v0000022af6be2400_0 .var "seen_ch1", 0 0;
v0000022af6be1a00_0 .var "seen_ch2", 0 0;
v0000022af6be1dc0_0 .var "snr_out", 7 0;
v0000022af6be1140_0 .var "target_id", 7 0;
E_0000022af6b6c630 .event posedge, v0000022af6bdecd0_0;
L_0000022af6be11e0 .part v0000022af6be1be0_0, 31, 1;
L_0000022af6be1820 .cmp/eq 32, v0000022af6be1be0_0, L_0000022af8510088;
L_0000022af6be13c0 .arith/sum 32, L_0000022af6b6bea0, L_0000022af8510118;
L_0000022af6be1b40 .functor MUXZ 32, L_0000022af6be13c0, L_0000022af85100d0, L_0000022af6be1820, C4<>;
L_0000022af6bdf590 .functor MUXZ 32, v0000022af6be1be0_0, L_0000022af6be1b40, L_0000022af6be11e0, C4<>;
L_0000022af6be2ed0 .part v0000022af6be16e0_0, 31, 1;
L_0000022af6be2890 .cmp/eq 32, v0000022af6be16e0_0, L_0000022af8510160;
L_0000022af6be4550 .arith/sum 32, L_0000022af6b6b110, L_0000022af85101f0;
L_0000022af6be35b0 .functor MUXZ 32, L_0000022af6be4550, L_0000022af85101a8, L_0000022af6be2890, C4<>;
L_0000022af6be3470 .functor MUXZ 32, v0000022af6be16e0_0, L_0000022af6be35b0, L_0000022af6be2ed0, C4<>;
L_0000022af6be42d0 .cmp/ge 13, v0000022af6be0170_0, L_0000022af8510238;
L_0000022af6be3510 .cmp/ge 13, v0000022af6bde690_0, L_0000022af8510280;
L_0000022af6be3ab0 .concat [ 32 32 0 0], v0000022af6be20e0_0, L_0000022af85102c8;
L_0000022af6be4410 .concat [ 32 32 0 0], v0000022af6be22c0_0, L_0000022af8510310;
L_0000022af6be36f0 .shift/l 64, L_0000022af6be4410, v0000022af6be1460_0;
L_0000022af6be3650 .shift/l 64, L_0000022af6be3ab0, v0000022af6be1460_0;
L_0000022af6be2a70 .cmp/gt 64, L_0000022af6be3ab0, L_0000022af6be36f0;
L_0000022af6be2d90 .cmp/gt 32, v0000022af6be20e0_0, v0000022af6be06a0_0;
L_0000022af6be38d0 .cmp/gt 64, L_0000022af6be4410, L_0000022af6be3650;
L_0000022af6be2e30 .cmp/gt 32, v0000022af6be22c0_0, v0000022af6be06a0_0;
S_0000022af6b4cdf0 .scope function.vec4.s8, "snr_proxy" "snr_proxy" 3 160, 3 160 0, S_0000022af6b4cc60;
 .timescale -9 -12;
v0000022af6bde730_0 .var "mag", 31 0;
v0000022af6be03f0_0 .var "shift", 4 0;
v0000022af6be0210_0 .var "shifted", 31 0;
; Variable snr_proxy is vec4 return value of scope S_0000022af6b4cdf0
TD_tb_peak_detector.dut.snr_proxy ;
    %load/vec4 v0000022af6bde730_0;
    %ix/getv 4, v0000022af6be03f0_0;
    %shiftr 4;
    %store/vec4 v0000022af6be0210_0, 0, 32;
    %load/vec4 v0000022af6be0210_0;
    %cmpi/u 255, 0, 32;
    %flag_or 5, 4; GT is !LE
    %flag_inv 5;
    %jmp/0xz  T_3.6, 5;
    %pushi/vec4 255, 0, 8;
    %ret/vec4 0, 0, 8;  Assign to snr_proxy (store_vec4_to_lval)
    %jmp T_3.7;
T_3.6 ;
    %load/vec4 v0000022af6be0210_0;
    %parti/s 8, 0, 2;
    %ret/vec4 0, 0, 8;  Assign to snr_proxy (store_vec4_to_lval)
T_3.7 ;
    %end;
    .scope S_0000022af6b4cc60;
T_4 ;
    %wait E_0000022af6b6c630;
    %load/vec4 v0000022af6be2220_0;
    %nor/r;
    %flag_set/vec4 8;
    %jmp/0xz  T_4.0, 8;
    %pushi/vec4 0, 0, 32;
    %assign/vec4 v0000022af6be20e0_0, 0;
    %pushi/vec4 0, 0, 32;
    %assign/vec4 v0000022af6be22c0_0, 0;
    %pushi/vec4 0, 0, 11;
    %assign/vec4 v0000022af6be07e0_0, 0;
    %pushi/vec4 0, 0, 11;
    %assign/vec4 v0000022af6be0ba0_0, 0;
    %pushi/vec4 0, 0, 1;
    %assign/vec4 v0000022af6be0ec0_0, 0;
    %pushi/vec4 0, 0, 1;
    %assign/vec4 v0000022af6be2040_0, 0;
    %pushi/vec4 8191, 0, 13;
    %assign/vec4 v0000022af6be0170_0, 0;
    %pushi/vec4 8191, 0, 13;
    %assign/vec4 v0000022af6bde690_0, 0;
    %pushi/vec4 0, 0, 1;
    %assign/vec4 v0000022af6be2400_0, 0;
    %pushi/vec4 0, 0, 1;
    %assign/vec4 v0000022af6be1a00_0, 0;
    %pushi/vec4 0, 0, 1;
    %assign/vec4 v0000022af6be0b00_0, 0;
    %pushi/vec4 0, 0, 8;
    %assign/vec4 v0000022af6be1140_0, 0;
    %pushi/vec4 0, 0, 32;
    %assign/vec4 v0000022af6bdf3b0_0, 0;
    %pushi/vec4 0, 0, 8;
    %assign/vec4 v0000022af6be1dc0_0, 0;
    %pushi/vec4 0, 0, 11;
    %assign/vec4 v0000022af6be2180_0, 0;
    %pushi/vec4 0, 0, 1;
    %assign/vec4 v0000022af6be1500_0, 0;
    %pushi/vec4 0, 0, 1;
    %assign/vec4 v0000022af6be2540_0, 0;
    %jmp T_4.1;
T_4.0 ;
    %pushi/vec4 0, 0, 1;
    %assign/vec4 v0000022af6be2540_0, 0;
    %load/vec4 v0000022af6be18c0_0;
    %flag_set/vec4 8;
    %jmp/0xz  T_4.2, 8;
    %load/vec4 v0000022af6bdeeb0_0;
    %assign/vec4 v0000022af6be20e0_0, 0;
    %load/vec4 v0000022af6be15a0_0;
    %assign/vec4 v0000022af6be07e0_0, 0;
    %load/vec4 v0000022af6be1aa0_0;
    %assign/vec4 v0000022af6be0ec0_0, 0;
    %pushi/vec4 0, 0, 13;
    %assign/vec4 v0000022af6be0170_0, 0;
    %pushi/vec4 1, 0, 1;
    %assign/vec4 v0000022af6be2400_0, 0;
    %jmp T_4.3;
T_4.2 ;
    %load/vec4 v0000022af6be0170_0;
    %cmpi/ne 8191, 0, 13;
    %jmp/0xz  T_4.4, 4;
    %load/vec4 v0000022af6be0170_0;
    %addi 1, 0, 13;
    %assign/vec4 v0000022af6be0170_0, 0;
T_4.4 ;
T_4.3 ;
    %load/vec4 v0000022af6be24a0_0;
    %flag_set/vec4 8;
    %jmp/0xz  T_4.6, 8;
    %load/vec4 v0000022af6bde7d0_0;
    %assign/vec4 v0000022af6be22c0_0, 0;
    %load/vec4 v0000022af6be1fa0_0;
    %assign/vec4 v0000022af6be0ba0_0, 0;
    %load/vec4 v0000022af6be1e60_0;
    %assign/vec4 v0000022af6be2040_0, 0;
    %pushi/vec4 0, 0, 13;
    %assign/vec4 v0000022af6bde690_0, 0;
    %pushi/vec4 1, 0, 1;
    %assign/vec4 v0000022af6be1a00_0, 0;
    %jmp T_4.7;
T_4.6 ;
    %load/vec4 v0000022af6bde690_0;
    %cmpi/ne 8191, 0, 13;
    %jmp/0xz  T_4.8, 4;
    %load/vec4 v0000022af6bde690_0;
    %addi 1, 0, 13;
    %assign/vec4 v0000022af6bde690_0, 0;
T_4.8 ;
T_4.7 ;
    %load/vec4 v0000022af6be10a0_0;
    %assign/vec4 v0000022af6be0b00_0, 0;
    %load/vec4 v0000022af6be0b00_0;
    %flag_set/vec4 8;
    %jmp/0xz  T_4.10, 8;
    %load/vec4 v0000022af6be0ec0_0;
    %load/vec4 v0000022af6be2040_0;
    %or;
    %assign/vec4 v0000022af6be1500_0, 0;
    %load/vec4 v0000022af6bdeb90_0;
    %flag_set/vec4 11;
    %flag_get/vec4 11;
    %jmp/0 T_4.16, 11;
    %load/vec4 v0000022af6bdec30_0;
    %nor/r;
    %and;
T_4.16;
    %flag_set/vec4 10;
    %flag_get/vec4 10;
    %jmp/0 T_4.15, 10;
    %load/vec4 v0000022af6bde870_0;
    %nor/r;
    %and;
T_4.15;
    %flag_set/vec4 9;
    %flag_get/vec4 9;
    %jmp/0 T_4.14, 9;
    %load/vec4 v0000022af6bdf270_0;
    %nor/r;
    %and;
T_4.14;
    %flag_set/vec4 8;
    %jmp/0xz  T_4.12, 8;
    %pushi/vec4 1, 0, 8;
    %assign/vec4 v0000022af6be1140_0, 0;
    %load/vec4 v0000022af6be20e0_0;
    %assign/vec4 v0000022af6bdf3b0_0, 0;
    %load/vec4 v0000022af6be20e0_0;
    %load/vec4 v0000022af6bdf1d0_0;
    %store/vec4 v0000022af6be03f0_0, 0, 5;
    %store/vec4 v0000022af6bde730_0, 0, 32;
    %callf/vec4 TD_tb_peak_detector.dut.snr_proxy, S_0000022af6b4cdf0;
    %assign/vec4 v0000022af6be1dc0_0, 0;
    %load/vec4 v0000022af6be07e0_0;
    %assign/vec4 v0000022af6be2180_0, 0;
    %jmp T_4.13;
T_4.12 ;
    %load/vec4 v0000022af6bdec30_0;
    %flag_set/vec4 11;
    %flag_get/vec4 11;
    %jmp/0 T_4.21, 11;
    %load/vec4 v0000022af6bdeb90_0;
    %nor/r;
    %and;
T_4.21;
    %flag_set/vec4 10;
    %flag_get/vec4 10;
    %jmp/0 T_4.20, 10;
    %load/vec4 v0000022af6bde870_0;
    %nor/r;
    %and;
T_4.20;
    %flag_set/vec4 9;
    %flag_get/vec4 9;
    %jmp/0 T_4.19, 9;
    %load/vec4 v0000022af6bdf270_0;
    %nor/r;
    %and;
T_4.19;
    %flag_set/vec4 8;
    %jmp/0xz  T_4.17, 8;
    %pushi/vec4 2, 0, 8;
    %assign/vec4 v0000022af6be1140_0, 0;
    %load/vec4 v0000022af6be22c0_0;
    %assign/vec4 v0000022af6bdf3b0_0, 0;
    %load/vec4 v0000022af6be22c0_0;
    %load/vec4 v0000022af6bdf1d0_0;
    %store/vec4 v0000022af6be03f0_0, 0, 5;
    %store/vec4 v0000022af6bde730_0, 0, 32;
    %callf/vec4 TD_tb_peak_detector.dut.snr_proxy, S_0000022af6b4cdf0;
    %assign/vec4 v0000022af6be1dc0_0, 0;
    %load/vec4 v0000022af6be0ba0_0;
    %assign/vec4 v0000022af6be2180_0, 0;
    %jmp T_4.18;
T_4.17 ;
    %pushi/vec4 0, 0, 8;
    %assign/vec4 v0000022af6be1140_0, 0;
    %pushi/vec4 0, 0, 32;
    %assign/vec4 v0000022af6bdf3b0_0, 0;
    %pushi/vec4 0, 0, 8;
    %assign/vec4 v0000022af6be1dc0_0, 0;
    %pushi/vec4 0, 0, 11;
    %assign/vec4 v0000022af6be2180_0, 0;
T_4.18 ;
T_4.13 ;
    %pushi/vec4 1, 0, 1;
    %assign/vec4 v0000022af6be2540_0, 0;
T_4.10 ;
T_4.1 ;
    %jmp T_4;
    .thread T_4;
    .scope S_0000022af6b7e930;
T_5 ;
    %pushi/vec4 0, 0, 32;
    %store/vec4 v0000022af6be0880_0, 0, 32;
    %end;
    .thread T_5;
    .scope S_0000022af6b7e930;
T_6 ;
    %pushi/vec4 0, 0, 1;
    %store/vec4 v0000022af6be1640_0, 0, 1;
    %end;
    .thread T_6;
    .scope S_0000022af6b7e930;
T_7 ;
    %delay 18518, 0;
    %load/vec4 v0000022af6be1640_0;
    %inv;
    %store/vec4 v0000022af6be1640_0, 0, 1;
    %jmp T_7;
    .thread T_7;
    .scope S_0000022af6b7e930;
T_8 ;
    %pushi/vec4 2, 0, 5;
    %store/vec4 v0000022af6be1460_0, 0, 5;
    %pushi/vec4 4096, 0, 32;
    %store/vec4 v0000022af6be06a0_0, 0, 32;
    %pushi/vec4 16, 0, 5;
    %store/vec4 v0000022af6be1f00_0, 0, 5;
    %pushi/vec4 0, 0, 32;
    %store/vec4 v0000022af6be1be0_0, 0, 32;
    %pushi/vec4 0, 0, 11;
    %store/vec4 v0000022af6be1d20_0, 0, 11;
    %pushi/vec4 0, 0, 1;
    %store/vec4 v0000022af6be1320_0, 0, 1;
    %pushi/vec4 0, 0, 1;
    %store/vec4 v0000022af6be1780_0, 0, 1;
    %pushi/vec4 0, 0, 32;
    %store/vec4 v0000022af6be16e0_0, 0, 32;
    %pushi/vec4 0, 0, 11;
    %store/vec4 v0000022af6be0ce0_0, 0, 11;
    %pushi/vec4 0, 0, 1;
    %store/vec4 v0000022af6be0920_0, 0, 1;
    %pushi/vec4 0, 0, 1;
    %store/vec4 v0000022af6be0c40_0, 0, 1;
    %pushi/vec4 0, 0, 1;
    %store/vec4 v0000022af6be0d80_0, 0, 1;
    %pushi/vec4 4, 0, 32;
T_8.0 %dup/vec4;
    %pushi/vec4 0, 0, 32;
    %cmp/s;
    %jmp/1xz T_8.1, 5;
    %jmp/1 T_8.1, 4;
    %pushi/vec4 1, 0, 32;
    %sub;
    %wait E_0000022af6b6c8f0;
    %jmp T_8.0;
T_8.1 ;
    %pop/vec4 1;
    %pushi/vec4 1, 0, 1;
    %store/vec4 v0000022af6be0d80_0, 0, 1;
    %wait E_0000022af6b6c8f0;
    %pushi/vec4 1879048192, 0, 32;
    %store/vec4 v0000022af6b32ce0_0, 0, 32;
    %pushi/vec4 123, 0, 11;
    %store/vec4 v0000022af6b32a60_0, 0, 11;
    %pushi/vec4 0, 0, 1;
    %store/vec4 v0000022af6b32f60_0, 0, 1;
    %pushi/vec4 134217728, 0, 32;
    %store/vec4 v0000022af6b33140_0, 0, 32;
    %pushi/vec4 0, 0, 11;
    %store/vec4 v0000022af6b32ec0_0, 0, 11;
    %pushi/vec4 0, 0, 1;
    %store/vec4 v0000022af6b330a0_0, 0, 1;
    %fork TD_tb_peak_detector.drive_both, S_0000022af6b829a0;
    %join;
    %pushi/vec4 3269904960, 0, 33;
    %concati/vec4 3335545408, 0, 32;
    %concati/vec4 3370048210, 0, 32;
    %concati/vec4 1851879028, 0, 31;
    %store/vec4 v0000022af6b336e0_0, 0, 128;
    %pushi/vec4 1, 0, 8;
    %store/vec4 v0000022af6b33280_0, 0, 8;
    %fork TD_tb_peak_detector.check_target, S_0000022af6b81920;
    %join;
    %fork TD_tb_peak_detector.check_no_xz, S_0000022af6b79a70;
    %join;
    %pushi/vec4 1879048192, 0, 32;
    %store/vec4 v0000022af6b32ce0_0, 0, 32;
    %pushi/vec4 55, 0, 11;
    %store/vec4 v0000022af6b32a60_0, 0, 11;
    %pushi/vec4 0, 0, 1;
    %store/vec4 v0000022af6b32f60_0, 0, 1;
    %pushi/vec4 16777216, 0, 32;
    %store/vec4 v0000022af6b33140_0, 0, 32;
    %pushi/vec4 0, 0, 11;
    %store/vec4 v0000022af6b32ec0_0, 0, 11;
    %pushi/vec4 0, 0, 1;
    %store/vec4 v0000022af6b330a0_0, 0, 1;
    %fork TD_tb_peak_detector.drive_both, S_0000022af6b829a0;
    %join;
    %pushi/vec4 5517856, 0, 32; draw_string_vec4
    %pushi/vec4 1668048225, 0, 32; draw_string_vec4
    %concat/vec4; draw_string_vec4
    %pushi/vec4 1847607925, 0, 32; draw_string_vec4
    %concat/vec4; draw_string_vec4
    %pushi/vec4 1870209073, 0, 32; draw_string_vec4
    %concat/vec4; draw_string_vec4
    %store/vec4 v0000022af6b336e0_0, 0, 128;
    %pushi/vec4 1, 0, 8;
    %store/vec4 v0000022af6b33280_0, 0, 8;
    %fork TD_tb_peak_detector.check_target, S_0000022af6b81920;
    %join;
    %load/vec4 v0000022af6be0a60_0;
    %cmpi/e 55, 0, 11;
    %jmp/0xz  T_8.2, 6;
    %vpi_call 2 129 "$display", "PASS: T2 peak_lag passthrough = %0d", v0000022af6be0a60_0 {0 0 0};
    %jmp T_8.3;
T_8.2 ;
    %vpi_call 2 131 "$display", "FAILED: T2 peak_lag expected 55 got %0d", v0000022af6be0a60_0 {0 0 0};
    %load/vec4 v0000022af6be0880_0;
    %addi 1, 0, 32;
    %store/vec4 v0000022af6be0880_0, 0, 32;
T_8.3 ;
    %fork TD_tb_peak_detector.check_no_xz, S_0000022af6b79a70;
    %join;
    %pushi/vec4 16777216, 0, 32;
    %store/vec4 v0000022af6b32ce0_0, 0, 32;
    %pushi/vec4 0, 0, 11;
    %store/vec4 v0000022af6b32a60_0, 0, 11;
    %pushi/vec4 0, 0, 1;
    %store/vec4 v0000022af6b32f60_0, 0, 1;
    %pushi/vec4 1879048192, 0, 32;
    %store/vec4 v0000022af6b33140_0, 0, 32;
    %pushi/vec4 777, 0, 11;
    %store/vec4 v0000022af6b32ec0_0, 0, 11;
    %pushi/vec4 0, 0, 1;
    %store/vec4 v0000022af6b330a0_0, 0, 1;
    %fork TD_tb_peak_detector.drive_both, S_0000022af6b829a0;
    %join;
    %pushi/vec4 5518112, 0, 32; draw_string_vec4
    %pushi/vec4 1668048225, 0, 32; draw_string_vec4
    %concat/vec4; draw_string_vec4
    %pushi/vec4 1847607925, 0, 32; draw_string_vec4
    %concat/vec4; draw_string_vec4
    %pushi/vec4 1870209074, 0, 32; draw_string_vec4
    %concat/vec4; draw_string_vec4
    %store/vec4 v0000022af6b336e0_0, 0, 128;
    %pushi/vec4 2, 0, 8;
    %store/vec4 v0000022af6b33280_0, 0, 8;
    %fork TD_tb_peak_detector.check_target, S_0000022af6b81920;
    %join;
    %load/vec4 v0000022af6be0a60_0;
    %cmpi/e 777, 0, 11;
    %jmp/0xz  T_8.4, 6;
    %vpi_call 2 142 "$display", "PASS: T3 peak_lag passthrough = %0d", v0000022af6be0a60_0 {0 0 0};
    %jmp T_8.5;
T_8.4 ;
    %vpi_call 2 144 "$display", "FAILED: T3 peak_lag expected 777 got %0d", v0000022af6be0a60_0 {0 0 0};
    %load/vec4 v0000022af6be0880_0;
    %addi 1, 0, 32;
    %store/vec4 v0000022af6be0880_0, 0, 32;
T_8.5 ;
    %fork TD_tb_peak_detector.check_no_xz, S_0000022af6b79a70;
    %join;
    %pushi/vec4 1280, 0, 32;
    %store/vec4 v0000022af6b32ce0_0, 0, 32;
    %pushi/vec4 0, 0, 11;
    %store/vec4 v0000022af6b32a60_0, 0, 11;
    %pushi/vec4 0, 0, 1;
    %store/vec4 v0000022af6b32f60_0, 0, 1;
    %pushi/vec4 512, 0, 32;
    %store/vec4 v0000022af6b33140_0, 0, 32;
    %pushi/vec4 0, 0, 11;
    %store/vec4 v0000022af6b32ec0_0, 0, 11;
    %pushi/vec4 0, 0, 1;
    %store/vec4 v0000022af6b330a0_0, 0, 1;
    %fork TD_tb_peak_detector.drive_both, S_0000022af6b829a0;
    %join;
    %pushi/vec4 3302942928, 0, 33;
    %concati/vec4 2173277617, 0, 33;
    %concati/vec4 3185344793, 0, 32;
    %concati/vec4 206524242, 0, 30;
    %store/vec4 v0000022af6b336e0_0, 0, 128;
    %pushi/vec4 0, 0, 8;
    %store/vec4 v0000022af6b33280_0, 0, 8;
    %fork TD_tb_peak_detector.check_target, S_0000022af6b81920;
    %join;
    %fork TD_tb_peak_detector.check_no_xz, S_0000022af6b79a70;
    %join;
    %pushi/vec4 1073741824, 0, 32;
    %store/vec4 v0000022af6b32ce0_0, 0, 32;
    %pushi/vec4 0, 0, 11;
    %store/vec4 v0000022af6b32a60_0, 0, 11;
    %pushi/vec4 0, 0, 1;
    %store/vec4 v0000022af6b32f60_0, 0, 1;
    %pushi/vec4 805306368, 0, 32;
    %store/vec4 v0000022af6b33140_0, 0, 32;
    %pushi/vec4 0, 0, 11;
    %store/vec4 v0000022af6b32ec0_0, 0, 11;
    %pushi/vec4 0, 0, 1;
    %store/vec4 v0000022af6b330a0_0, 0, 1;
    %fork TD_tb_peak_detector.drive_both, S_0000022af6b829a0;
    %join;
    %pushi/vec4 3471498986, 0, 33;
    %concati/vec4 3862974692, 0, 32;
    %concati/vec4 3270038238, 0, 32;
    %concati/vec4 1010071593, 0, 31;
    %store/vec4 v0000022af6b336e0_0, 0, 128;
    %pushi/vec4 0, 0, 8;
    %store/vec4 v0000022af6b33280_0, 0, 8;
    %fork TD_tb_peak_detector.check_target, S_0000022af6b81920;
    %join;
    %fork TD_tb_peak_detector.check_no_xz, S_0000022af6b79a70;
    %join;
    %pushi/vec4 1879048192, 0, 32;
    %store/vec4 v0000022af6b32ce0_0, 0, 32;
    %pushi/vec4 10, 0, 11;
    %store/vec4 v0000022af6b32a60_0, 0, 11;
    %pushi/vec4 1, 0, 1;
    %store/vec4 v0000022af6b32f60_0, 0, 1;
    %pushi/vec4 16777216, 0, 32;
    %store/vec4 v0000022af6b33140_0, 0, 32;
    %pushi/vec4 0, 0, 11;
    %store/vec4 v0000022af6b32ec0_0, 0, 11;
    %pushi/vec4 0, 0, 1;
    %store/vec4 v0000022af6b330a0_0, 0, 1;
    %fork TD_tb_peak_detector.drive_both, S_0000022af6b829a0;
    %join;
    %load/vec4 v0000022af6be09c0_0;
    %cmpi/e 1, 0, 1;
    %jmp/0xz  T_8.6, 6;
    %vpi_call 2 170 "$display", "PASS: T6 OTR propagation otr_out=1" {0 0 0};
    %jmp T_8.7;
T_8.6 ;
    %vpi_call 2 172 "$display", "FAILED: T6 OTR propagation expected otr_out=1 got %b", v0000022af6be09c0_0 {0 0 0};
    %load/vec4 v0000022af6be0880_0;
    %addi 1, 0, 32;
    %store/vec4 v0000022af6be0880_0, 0, 32;
T_8.7 ;
    %fork TD_tb_peak_detector.check_no_xz, S_0000022af6b79a70;
    %join;
    %pushi/vec4 2415919104, 0, 32;
    %store/vec4 v0000022af6b32ce0_0, 0, 32;
    %pushi/vec4 42, 0, 11;
    %store/vec4 v0000022af6b32a60_0, 0, 11;
    %pushi/vec4 0, 0, 1;
    %store/vec4 v0000022af6b32f60_0, 0, 1;
    %pushi/vec4 16777216, 0, 32;
    %store/vec4 v0000022af6b33140_0, 0, 32;
    %pushi/vec4 0, 0, 11;
    %store/vec4 v0000022af6b32ec0_0, 0, 11;
    %pushi/vec4 0, 0, 1;
    %store/vec4 v0000022af6b330a0_0, 0, 1;
    %fork TD_tb_peak_detector.drive_both, S_0000022af6b829a0;
    %join;
    %pushi/vec4 3468880082, 0, 33;
    %concati/vec4 3972677830, 0, 32;
    %concati/vec4 3496099920, 0, 32;
    %concati/vec4 1633841961, 0, 31;
    %store/vec4 v0000022af6b336e0_0, 0, 128;
    %pushi/vec4 1, 0, 8;
    %store/vec4 v0000022af6b33280_0, 0, 8;
    %fork TD_tb_peak_detector.check_target, S_0000022af6b81920;
    %join;
    %load/vec4 v0000022af6be1960_0;
    %cmpi/e 1879048192, 0, 32;
    %jmp/0xz  T_8.8, 6;
    %vpi_call 2 184 "$display", "PASS: T7 abs(ch1) = 0x%08h", v0000022af6be1960_0 {0 0 0};
    %jmp T_8.9;
T_8.8 ;
    %vpi_call 2 186 "$display", "FAILED: T7 abs(ch1) expected 0x70000000 got 0x%08h", v0000022af6be1960_0 {0 0 0};
    %load/vec4 v0000022af6be0880_0;
    %addi 1, 0, 32;
    %store/vec4 v0000022af6be0880_0, 0, 32;
T_8.9 ;
    %fork TD_tb_peak_detector.check_no_xz, S_0000022af6b79a70;
    %join;
    %pushi/vec4 1879048192, 0, 32;
    %store/vec4 v0000022af6b32ce0_0, 0, 32;
    %pushi/vec4 0, 0, 11;
    %store/vec4 v0000022af6b32a60_0, 0, 11;
    %pushi/vec4 0, 0, 1;
    %store/vec4 v0000022af6b32f60_0, 0, 1;
    %pushi/vec4 16777216, 0, 32;
    %store/vec4 v0000022af6b33140_0, 0, 32;
    %pushi/vec4 0, 0, 11;
    %store/vec4 v0000022af6b32ec0_0, 0, 11;
    %pushi/vec4 0, 0, 1;
    %store/vec4 v0000022af6b330a0_0, 0, 1;
    %fork TD_tb_peak_detector.drive_both, S_0000022af6b829a0;
    %join;
    %pushi/vec4 2176960916, 0, 34;
    %concati/vec4 3050164613, 0, 32;
    %concati/vec4 2979299593, 0, 32;
    %concati/vec4 896497969, 0, 30;
    %store/vec4 v0000022af6b336e0_0, 0, 128;
    %pushi/vec4 1, 0, 8;
    %store/vec4 v0000022af6b33280_0, 0, 8;
    %fork TD_tb_peak_detector.check_target, S_0000022af6b81920;
    %join;
    %wait E_0000022af6b6c8f0;
    %pushi/vec4 0, 0, 1;
    %store/vec4 v0000022af6be1780_0, 0, 1;
    %pushi/vec4 0, 0, 1;
    %store/vec4 v0000022af6be0c40_0, 0, 1;
    %pushi/vec4 0, 0, 32;
    %store/vec4 v0000022af6be1000_0, 0, 32;
T_8.10 ;
    %load/vec4 v0000022af6be1000_0;
    %cmpi/s 4300, 0, 32;
    %jmp/0xz T_8.11, 5;
    %wait E_0000022af6b6c8f0;
    %load/vec4 v0000022af6be1000_0;
    %addi 1, 0, 32;
    %store/vec4 v0000022af6be1000_0, 0, 32;
    %jmp T_8.10;
T_8.11 ;
    %wait E_0000022af6b6c8f0;
    %pushi/vec4 1879048192, 0, 32;
    %store/vec4 v0000022af6be16e0_0, 0, 32;
    %pushi/vec4 99, 0, 11;
    %store/vec4 v0000022af6be0ce0_0, 0, 11;
    %pushi/vec4 0, 0, 1;
    %store/vec4 v0000022af6be0920_0, 0, 1;
    %pushi/vec4 1, 0, 1;
    %store/vec4 v0000022af6be0c40_0, 0, 1;
    %wait E_0000022af6b6c8f0;
    %pushi/vec4 0, 0, 1;
    %store/vec4 v0000022af6be0c40_0, 0, 1;
T_8.12 ;
    %load/vec4 v0000022af6be0740_0;
    %pushi/vec4 1, 0, 1;
    %cmp/e;
    %flag_get/vec4 4;
    %cmpi/ne 1, 0, 1;
    %jmp/0xz T_8.13, 6;
    %wait E_0000022af6b6c3b0;
    %jmp T_8.12;
T_8.13 ;
    %wait E_0000022af6b6c8f0;
    %pushi/vec4 3874013912, 0, 33;
    %concati/vec4 3393215100, 0, 32;
    %concati/vec4 2176423333, 0, 33;
    %concati/vec4 879256946, 0, 30;
    %store/vec4 v0000022af6b336e0_0, 0, 128;
    %pushi/vec4 0, 0, 8;
    %store/vec4 v0000022af6b33280_0, 0, 8;
    %fork TD_tb_peak_detector.check_target, S_0000022af6b81920;
    %join;
    %fork TD_tb_peak_detector.check_no_xz, S_0000022af6b79a70;
    %join;
    %load/vec4 v0000022af6be0880_0;
    %cmpi/e 0, 0, 32;
    %jmp/0xz  T_8.14, 4;
    %vpi_call 2 221 "$display", "ALL CHECKS PASSED - peak_detector" {0 0 0};
    %jmp T_8.15;
T_8.14 ;
    %vpi_call 2 223 "$display", "FAILED: %0d check(s) failed - peak_detector", v0000022af6be0880_0 {0 0 0};
T_8.15 ;
    %vpi_call 2 224 "$finish" {0 0 0};
    %end;
    .thread T_8;
    .scope S_0000022af6b7e930;
T_9 ;
    %delay 2000000000, 0;
    %vpi_call 2 230 "$display", "FAILED: timeout - peak_detector did not finish" {0 0 0};
    %vpi_call 2 231 "$finish" {0 0 0};
    %end;
    .thread T_9;
# The file index is used to find the file name in the following table.
:file_names 4;
    "N/A";
    "<interactive>";
    "fpga/sim/tb_peak_detector.v";
    "fpga/src/peak_detector.v";
